Logging all SparseML modifier-level logs to sparse_logs/19-11-2024_10.36.31.log
python GlobalMagnitudePruningModifier [1563 - 1731992796.578597]: Calling update with:
args: <class '__main__.SimpleSparseNet'>| <class 'torch.optim.sgd.SGD'>| 
kwargs: epoch: 1.0| steps_per_epoch: 1563| 
python GlobalMagnitudePruningModifier [1563 - 1731992796.611591]: 
Returned: <class 'NoneType'>| 

python ParamPruning/fc1.weight [1563 - 1731992796.6117678]: 0.0517578125
python ParamPruning/fc2.weight [1563 - 1731992796.6118739]: 0.0
python ParamPruning/fc3.weight [1563 - 1731992796.6119778]: 0.0
python GlobalMagnitudePruningModifier [1720 - 1731992797.0340145]: Calling update with:
args: <class '__main__.SimpleSparseNet'>| <class 'torch.optim.sgd.SGD'>| 
kwargs: epoch: 1.1004478566858604| steps_per_epoch: 1563| 
python GlobalMagnitudePruningModifier [1720 - 1731992797.0346794]: 
Returned: <class 'NoneType'>| 

python ParamPruning/fc1.weight [1720 - 1731992797.0347958]: 0.1067708358168602
python ParamPruning/fc2.weight [1720 - 1731992797.0348713]: 0.0
python ParamPruning/fc3.weight [1720 - 1731992797.034933]: 0.0
python GlobalMagnitudePruningModifier [1877 - 1731992797.4602022]: Calling update with:
args: <class '__main__.SimpleSparseNet'>| <class 'torch.optim.sgd.SGD'>| 
kwargs: epoch: 1.200895713371721| steps_per_epoch: 1563| 
python GlobalMagnitudePruningModifier [1877 - 1731992797.4608986]: 
Returned: <class 'NoneType'>| 

python ParamPruning/fc1.weight [1877 - 1731992797.461025]: 0.158203125
python ParamPruning/fc2.weight [1877 - 1731992797.4611042]: 0.0
python ParamPruning/fc3.weight [1877 - 1731992797.4611661]: 0.0
python GlobalMagnitudePruningModifier [2034 - 1731992797.928612]: Calling update with:
args: <class '__main__.SimpleSparseNet'>| <class 'torch.optim.sgd.SGD'>| 
kwargs: epoch: 1.3013435700575815| steps_per_epoch: 1563| 
python GlobalMagnitudePruningModifier [2034 - 1731992797.9292803]: 
Returned: <class 'NoneType'>| 

python ParamPruning/fc1.weight [2034 - 1731992797.929391]: 0.2060546875
python ParamPruning/fc2.weight [2034 - 1731992797.9294517]: 0.0
python ParamPruning/fc3.weight [2034 - 1731992797.9295063]: 0.0
python GlobalMagnitudePruningModifier [2191 - 1731992798.3880548]: Calling update with:
args: <class '__main__.SimpleSparseNet'>| <class 'torch.optim.sgd.SGD'>| 
kwargs: epoch: 1.4017914267434421| steps_per_epoch: 1563| 
python GlobalMagnitudePruningModifier [2191 - 1731992798.3887994]: 
Returned: <class 'NoneType'>| 

python ParamPruning/fc1.weight [2191 - 1731992798.388921]: 0.2506510615348816
python ParamPruning/fc2.weight [2191 - 1731992798.389009]: 0.0
python ParamPruning/fc3.weight [2191 - 1731992798.3890657]: 0.0
python GlobalMagnitudePruningModifier [2348 - 1731992798.8510048]: Calling update with:
args: <class '__main__.SimpleSparseNet'>| <class 'torch.optim.sgd.SGD'>| 
kwargs: epoch: 1.5022392834293026| steps_per_epoch: 1563| 
python GlobalMagnitudePruningModifier [2348 - 1731992798.851697]: 
Returned: <class 'NoneType'>| 

python ParamPruning/fc1.weight [2348 - 1731992798.8518438]: 0.2919921875
python ParamPruning/fc2.weight [2348 - 1731992798.8519158]: 0.0
python ParamPruning/fc3.weight [2348 - 1731992798.851988]: 0.0
python GlobalMagnitudePruningModifier [2505 - 1731992799.3097565]: Calling update with:
args: <class '__main__.SimpleSparseNet'>| <class 'torch.optim.sgd.SGD'>| 
kwargs: epoch: 1.602687140115163| steps_per_epoch: 1563| 
python GlobalMagnitudePruningModifier [2505 - 1731992799.3104703]: 
Returned: <class 'NoneType'>| 

python ParamPruning/fc1.weight [2505 - 1731992799.3105977]: 0.3297526240348816
python ParamPruning/fc2.weight [2505 - 1731992799.310675]: 0.0
python ParamPruning/fc3.weight [2505 - 1731992799.310737]: 0.0
python GlobalMagnitudePruningModifier [2662 - 1731992799.7684412]: Calling update with:
args: <class '__main__.SimpleSparseNet'>| <class 'torch.optim.sgd.SGD'>| 
kwargs: epoch: 1.7031349968010236| steps_per_epoch: 1563| 
python GlobalMagnitudePruningModifier [2662 - 1731992799.7691243]: 
Returned: <class 'NoneType'>| 

python ParamPruning/fc1.weight [2662 - 1731992799.7692382]: 0.3649088740348816
python ParamPruning/fc2.weight [2662 - 1731992799.769519]: 0.0
python ParamPruning/fc3.weight [2662 - 1731992799.7695763]: 0.0
python GlobalMagnitudePruningModifier [2819 - 1731992800.2293026]: Calling update with:
args: <class '__main__.SimpleSparseNet'>| <class 'torch.optim.sgd.SGD'>| 
kwargs: epoch: 1.8035828534868843| steps_per_epoch: 1563| 
python GlobalMagnitudePruningModifier [2819 - 1731992800.2300026]: 
Returned: <class 'NoneType'>| 

python ParamPruning/fc1.weight [2819 - 1731992800.2301311]: 0.3968099057674408
python ParamPruning/fc2.weight [2819 - 1731992800.2301943]: 0.0
python ParamPruning/fc3.weight [2819 - 1731992800.2302475]: 0.0
python GlobalMagnitudePruningModifier [2976 - 1731992800.6859365]: Calling update with:
args: <class '__main__.SimpleSparseNet'>| <class 'torch.optim.sgd.SGD'>| 
kwargs: epoch: 1.9040307101727447| steps_per_epoch: 1563| 
python GlobalMagnitudePruningModifier [2976 - 1731992800.687012]: 
Returned: <class 'NoneType'>| 

python ParamPruning/fc1.weight [2976 - 1731992800.6871378]: 0.4261067807674408
python ParamPruning/fc2.weight [2976 - 1731992800.687208]: 0.0
python ParamPruning/fc3.weight [2976 - 1731992800.687259]: 0.0
python GlobalMagnitudePruningModifier [3133 - 1731992801.8775566]: Calling update with:
args: <class '__main__.SimpleSparseNet'>| <class 'torch.optim.sgd.SGD'>| 
kwargs: epoch: 2.004478566858605| steps_per_epoch: 1563| 
python GlobalMagnitudePruningModifier [3133 - 1731992801.8782845]: 
Returned: <class 'NoneType'>| 

python ParamPruning/fc1.weight [3133 - 1731992801.8784006]: 0.4524739682674408
python ParamPruning/fc2.weight [3133 - 1731992801.8784657]: 0.0
python ParamPruning/fc3.weight [3133 - 1731992801.8785174]: 0.0
python GlobalMagnitudePruningModifier [3290 - 1731992802.3141842]: Calling update with:
args: <class '__main__.SimpleSparseNet'>| <class 'torch.optim.sgd.SGD'>| 
kwargs: epoch: 2.1049264235444656| steps_per_epoch: 1563| 
python GlobalMagnitudePruningModifier [3290 - 1731992802.3148694]: 
Returned: <class 'NoneType'>| 

python ParamPruning/fc1.weight [3290 - 1731992802.3150034]: 0.4765625
python ParamPruning/fc2.weight [3290 - 1731992802.3150997]: 0.0
python ParamPruning/fc3.weight [3290 - 1731992802.3151624]: 0.0
python GlobalMagnitudePruningModifier [3447 - 1731992802.7553725]: Calling update with:
args: <class '__main__.SimpleSparseNet'>| <class 'torch.optim.sgd.SGD'>| 
kwargs: epoch: 2.2053742802303264| steps_per_epoch: 1563| 
python GlobalMagnitudePruningModifier [3447 - 1731992802.756035]: 
Returned: <class 'NoneType'>| 

python ParamPruning/fc1.weight [3447 - 1731992802.7561483]: 0.498046875
python ParamPruning/fc2.weight [3447 - 1731992802.7562132]: 0.0
python ParamPruning/fc3.weight [3447 - 1731992802.7562659]: 0.0
python GlobalMagnitudePruningModifier [3604 - 1731992803.2068074]: Calling update with:
args: <class '__main__.SimpleSparseNet'>| <class 'torch.optim.sgd.SGD'>| 
kwargs: epoch: 2.305822136916187| steps_per_epoch: 1563| 
python GlobalMagnitudePruningModifier [3604 - 1731992803.2075067]: 
Returned: <class 'NoneType'>| 

python ParamPruning/fc1.weight [3604 - 1731992803.2076359]: 0.5172526240348816
python ParamPruning/fc2.weight [3604 - 1731992803.2077522]: 0.0
python ParamPruning/fc3.weight [3604 - 1731992803.2078202]: 0.0
python GlobalMagnitudePruningModifier [3761 - 1731992803.6694925]: Calling update with:
args: <class '__main__.SimpleSparseNet'>| <class 'torch.optim.sgd.SGD'>| 
kwargs: epoch: 2.4062699936020473| steps_per_epoch: 1563| 
python GlobalMagnitudePruningModifier [3761 - 1731992803.670308]: 
Returned: <class 'NoneType'>| 

python ParamPruning/fc1.weight [3761 - 1731992803.670423]: 0.5345052480697632
python ParamPruning/fc2.weight [3761 - 1731992803.670492]: 0.0
python ParamPruning/fc3.weight [3761 - 1731992803.670548]: 0.0
python GlobalMagnitudePruningModifier [3918 - 1731992804.1870618]: Calling update with:
args: <class '__main__.SimpleSparseNet'>| <class 'torch.optim.sgd.SGD'>| 
kwargs: epoch: 2.5067178502879077| steps_per_epoch: 1563| 
python GlobalMagnitudePruningModifier [3918 - 1731992804.1878984]: 
Returned: <class 'NoneType'>| 

python ParamPruning/fc1.weight [3918 - 1731992804.188043]: 0.5498046875
python ParamPruning/fc2.weight [3918 - 1731992804.1881087]: 0.0
python ParamPruning/fc3.weight [3918 - 1731992804.1881614]: 0.0
python GlobalMagnitudePruningModifier [4075 - 1731992804.668169]: Calling update with:
args: <class '__main__.SimpleSparseNet'>| <class 'torch.optim.sgd.SGD'>| 
kwargs: epoch: 2.6071657069737686| steps_per_epoch: 1563| 
python GlobalMagnitudePruningModifier [4075 - 1731992804.6690443]: 
Returned: <class 'NoneType'>| 

python ParamPruning/fc1.weight [4075 - 1731992804.6691704]: 0.5628255605697632
python ParamPruning/fc2.weight [4075 - 1731992804.6692367]: 0.0
python ParamPruning/fc3.weight [4075 - 1731992804.669292]: 0.0
python GlobalMagnitudePruningModifier [4232 - 1731992805.1506321]: Calling update with:
args: <class '__main__.SimpleSparseNet'>| <class 'torch.optim.sgd.SGD'>| 
kwargs: epoch: 2.707613563659629| steps_per_epoch: 1563| 
python GlobalMagnitudePruningModifier [4232 - 1731992805.1513224]: 
Returned: <class 'NoneType'>| 

python ParamPruning/fc1.weight [4232 - 1731992805.1514344]: 0.57421875
python ParamPruning/fc2.weight [4232 - 1731992805.1515038]: 0.0
python ParamPruning/fc3.weight [4232 - 1731992805.1515613]: 0.0
python GlobalMagnitudePruningModifier [4389 - 1731992805.6103818]: Calling update with:
args: <class '__main__.SimpleSparseNet'>| <class 'torch.optim.sgd.SGD'>| 
kwargs: epoch: 2.8080614203454894| steps_per_epoch: 1563| 
python GlobalMagnitudePruningModifier [4389 - 1731992805.6112313]: 
Returned: <class 'NoneType'>| 

python ParamPruning/fc1.weight [4389 - 1731992805.6113658]: 0.583984375
python ParamPruning/fc2.weight [4389 - 1731992805.6114552]: 0.0
python ParamPruning/fc3.weight [4389 - 1731992805.6115413]: 0.0
python GlobalMagnitudePruningModifier [4546 - 1731992806.0739815]: Calling update with:
args: <class '__main__.SimpleSparseNet'>| <class 'torch.optim.sgd.SGD'>| 
kwargs: epoch: 2.90850927703135| steps_per_epoch: 1563| 
python GlobalMagnitudePruningModifier [4546 - 1731992806.0746512]: 
Returned: <class 'NoneType'>| 

python ParamPruning/fc1.weight [4546 - 1731992806.074783]: 0.5924479365348816
python ParamPruning/fc2.weight [4546 - 1731992806.0748475]: 0.0
python ParamPruning/fc3.weight [4546 - 1731992806.0749032]: 0.0
python GlobalMagnitudePruningModifier [4703 - 1731992807.2881846]: Calling update with:
args: <class '__main__.SimpleSparseNet'>| <class 'torch.optim.sgd.SGD'>| 
kwargs: epoch: 3.0089571337172103| steps_per_epoch: 1563| 
python GlobalMagnitudePruningModifier [4703 - 1731992807.2889326]: 
Returned: <class 'NoneType'>| 

python ParamPruning/fc1.weight [4703 - 1731992807.289097]: 0.5992838740348816
python ParamPruning/fc2.weight [4703 - 1731992807.2892041]: 0.0
python ParamPruning/fc3.weight [4703 - 1731992807.2892823]: 0.0
python GlobalMagnitudePruningModifier [4860 - 1731992807.7261152]: Calling update with:
args: <class '__main__.SimpleSparseNet'>| <class 'torch.optim.sgd.SGD'>| 
kwargs: epoch: 3.109404990403071| steps_per_epoch: 1563| 
python GlobalMagnitudePruningModifier [4860 - 1731992807.726807]: 
Returned: <class 'NoneType'>| 

python ParamPruning/fc1.weight [4860 - 1731992807.7269452]: 0.6048177480697632
python ParamPruning/fc2.weight [4860 - 1731992807.727028]: 0.0
python ParamPruning/fc3.weight [4860 - 1731992807.7271004]: 0.0
python GlobalMagnitudePruningModifier [5017 - 1731992808.1679697]: Calling update with:
args: <class '__main__.SimpleSparseNet'>| <class 'torch.optim.sgd.SGD'>| 
kwargs: epoch: 3.2098528470889316| steps_per_epoch: 1563| 
python GlobalMagnitudePruningModifier [5017 - 1731992808.1686769]: 
Returned: <class 'NoneType'>| 

python ParamPruning/fc1.weight [5017 - 1731992808.1688364]: 0.609375
python ParamPruning/fc2.weight [5017 - 1731992808.168946]: 0.0
python ParamPruning/fc3.weight [5017 - 1731992808.1690056]: 0.0
python GlobalMagnitudePruningModifier [5174 - 1731992808.6245263]: Calling update with:
args: <class '__main__.SimpleSparseNet'>| <class 'torch.optim.sgd.SGD'>| 
kwargs: epoch: 3.310300703774792| steps_per_epoch: 1563| 
python GlobalMagnitudePruningModifier [5174 - 1731992808.625657]: 
Returned: <class 'NoneType'>| 

python ParamPruning/fc1.weight [5174 - 1731992808.6257806]: 0.6129557490348816
python ParamPruning/fc2.weight [5174 - 1731992808.6258788]: 0.0
python ParamPruning/fc3.weight [5174 - 1731992808.6259406]: 0.0
python GlobalMagnitudePruningModifier [5331 - 1731992809.0635722]: Calling update with:
args: <class '__main__.SimpleSparseNet'>| <class 'torch.optim.sgd.SGD'>| 
kwargs: epoch: 3.4107485604606524| steps_per_epoch: 1563| 
python GlobalMagnitudePruningModifier [5331 - 1731992809.064362]: 
Returned: <class 'NoneType'>| 

python ParamPruning/fc1.weight [5331 - 1731992809.0644822]: 0.6155599355697632
python ParamPruning/fc2.weight [5331 - 1731992809.0645442]: 0.0
python ParamPruning/fc3.weight [5331 - 1731992809.0646124]: 0.0
python GlobalMagnitudePruningModifier [5488 - 1731992809.4896424]: Calling update with:
args: <class '__main__.SimpleSparseNet'>| <class 'torch.optim.sgd.SGD'>| 
kwargs: epoch: 3.511196417146513| steps_per_epoch: 1563| 
python GlobalMagnitudePruningModifier [5488 - 1731992809.4903238]: 
Returned: <class 'NoneType'>| 

python ParamPruning/fc1.weight [5488 - 1731992809.4904346]: 0.6171875
python ParamPruning/fc2.weight [5488 - 1731992809.4905016]: 0.0
python ParamPruning/fc3.weight [5488 - 1731992809.4907756]: 0.0
python GlobalMagnitudePruningModifier [5645 - 1731992809.916923]: Calling update with:
args: <class '__main__.SimpleSparseNet'>| <class 'torch.optim.sgd.SGD'>| 
kwargs: epoch: 3.6116442738323737| steps_per_epoch: 1563| 
python GlobalMagnitudePruningModifier [5645 - 1731992809.9176416]: 
Returned: <class 'NoneType'>| 

python ParamPruning/fc1.weight [5645 - 1731992809.9177682]: 0.6184896230697632
python ParamPruning/fc2.weight [5645 - 1731992809.917846]: 0.0
python ParamPruning/fc3.weight [5645 - 1731992809.9179177]: 0.0
python GlobalMagnitudePruningModifier [5802 - 1731992810.344856]: Calling update with:
args: <class '__main__.SimpleSparseNet'>| <class 'torch.optim.sgd.SGD'>| 
kwargs: epoch: 3.712092130518234| steps_per_epoch: 1563| 
python GlobalMagnitudePruningModifier [5802 - 1731992810.345552]: 
Returned: <class 'NoneType'>| 

python ParamPruning/fc1.weight [5802 - 1731992810.345663]: 0.619140625
python ParamPruning/fc2.weight [5802 - 1731992810.345726]: 0.0
python ParamPruning/fc3.weight [5802 - 1731992810.3457878]: 0.0
python GlobalMagnitudePruningModifier [5959 - 1731992810.8001704]: Calling update with:
args: <class '__main__.SimpleSparseNet'>| <class 'torch.optim.sgd.SGD'>| 
kwargs: epoch: 3.8125399872040946| steps_per_epoch: 1563| 
python GlobalMagnitudePruningModifier [5959 - 1731992810.8009412]: 
Returned: <class 'NoneType'>| 

python ParamPruning/fc1.weight [5959 - 1731992810.801079]: 0.6194661855697632
python ParamPruning/fc2.weight [5959 - 1731992810.801154]: 0.0
python ParamPruning/fc3.weight [5959 - 1731992810.801216]: 0.0
python GlobalMagnitudePruningModifier [6116 - 1731992811.2886097]: Calling update with:
args: <class '__main__.SimpleSparseNet'>| <class 'torch.optim.sgd.SGD'>| 
kwargs: epoch: 3.9129878438899555| steps_per_epoch: 1563| 
python GlobalMagnitudePruningModifier [6116 - 1731992811.2893198]: 
Returned: <class 'NoneType'>| 

python ParamPruning/fc1.weight [6116 - 1731992811.2894373]: 0.6197916865348816
python ParamPruning/fc2.weight [6116 - 1731992811.2894998]: 0.0
python ParamPruning/fc3.weight [6116 - 1731992811.289553]: 0.0
python GlobalMagnitudePruningModifier [1563 - 1731992822.9404607]: Calling update with:
args: <class '__main__.SimpleSparseNet'>| <class 'torch.optim.sgd.SGD'>| 
kwargs: epoch: 1.0| steps_per_epoch: 1563| 
python GlobalMagnitudePruningModifier [1563 - 1731992822.9418168]: 
Returned: <class 'NoneType'>| 

python ParamPruning/fc1.weight [1563 - 1731992822.9419863]: 0.0517578125
python ParamPruning/fc2.weight [1563 - 1731992822.9420905]: 0.0
python ParamPruning/fc3.weight [1563 - 1731992822.9421856]: 0.0
python GlobalMagnitudePruningModifier [1720 - 1731992823.4178774]: Calling update with:
args: <class '__main__.SimpleSparseNet'>| <class 'torch.optim.sgd.SGD'>| 
kwargs: epoch: 1.1004478566858604| steps_per_epoch: 1563| 
python GlobalMagnitudePruningModifier [1720 - 1731992823.4185476]: 
Returned: <class 'NoneType'>| 

python ParamPruning/fc1.weight [1720 - 1731992823.4186532]: 0.1168619841337204
python ParamPruning/fc2.weight [1720 - 1731992823.4187217]: 0.0
python ParamPruning/fc3.weight [1720 - 1731992823.4187837]: 0.0
python GlobalMagnitudePruningModifier [1877 - 1731992823.9149885]: Calling update with:
args: <class '__main__.SimpleSparseNet'>| <class 'torch.optim.sgd.SGD'>| 
kwargs: epoch: 1.200895713371721| steps_per_epoch: 1563| 
python GlobalMagnitudePruningModifier [1877 - 1731992823.9157107]: 
Returned: <class 'NoneType'>| 

python ParamPruning/fc1.weight [1877 - 1731992823.91585]: 0.177734375
python ParamPruning/fc2.weight [1877 - 1731992823.9159224]: 0.0
python ParamPruning/fc3.weight [1877 - 1731992823.9159842]: 0.0
python GlobalMagnitudePruningModifier [2034 - 1731992824.401009]: Calling update with:
args: <class '__main__.SimpleSparseNet'>| <class 'torch.optim.sgd.SGD'>| 
kwargs: epoch: 1.3013435700575815| steps_per_epoch: 1563| 
python GlobalMagnitudePruningModifier [2034 - 1731992824.4016585]: 
Returned: <class 'NoneType'>| 

python ParamPruning/fc1.weight [2034 - 1731992824.4017732]: 0.234375
python ParamPruning/fc2.weight [2034 - 1731992824.4018724]: 0.0
python ParamPruning/fc3.weight [2034 - 1731992824.4019353]: 0.0
python GlobalMagnitudePruningModifier [2191 - 1731992824.82217]: Calling update with:
args: <class '__main__.SimpleSparseNet'>| <class 'torch.optim.sgd.SGD'>| 
kwargs: epoch: 1.4017914267434421| steps_per_epoch: 1563| 
python GlobalMagnitudePruningModifier [2191 - 1731992824.8228593]: 
Returned: <class 'NoneType'>| 

python ParamPruning/fc1.weight [2191 - 1731992824.8229942]: 0.2867838740348816
python ParamPruning/fc2.weight [2191 - 1731992824.8230634]: 0.0
python ParamPruning/fc3.weight [2191 - 1731992824.823119]: 0.0
python GlobalMagnitudePruningModifier [2348 - 1731992825.2437885]: Calling update with:
args: <class '__main__.SimpleSparseNet'>| <class 'torch.optim.sgd.SGD'>| 
kwargs: epoch: 1.5022392834293026| steps_per_epoch: 1563| 
python GlobalMagnitudePruningModifier [2348 - 1731992825.2445061]: 
Returned: <class 'NoneType'>| 

python ParamPruning/fc1.weight [2348 - 1731992825.2446332]: 0.3356119990348816
python ParamPruning/fc2.weight [2348 - 1731992825.2446961]: 0.0
python ParamPruning/fc3.weight [2348 - 1731992825.2447517]: 0.0
python GlobalMagnitudePruningModifier [2505 - 1731992825.662554]: Calling update with:
args: <class '__main__.SimpleSparseNet'>| <class 'torch.optim.sgd.SGD'>| 
kwargs: epoch: 1.602687140115163| steps_per_epoch: 1563| 
python GlobalMagnitudePruningModifier [2505 - 1731992825.6633332]: 
Returned: <class 'NoneType'>| 

python ParamPruning/fc1.weight [2505 - 1731992825.6634736]: 0.3805338740348816
python ParamPruning/fc2.weight [2505 - 1731992825.6635416]: 0.0
python ParamPruning/fc3.weight [2505 - 1731992825.6636074]: 0.0
python GlobalMagnitudePruningModifier [2662 - 1731992826.0808527]: Calling update with:
args: <class '__main__.SimpleSparseNet'>| <class 'torch.optim.sgd.SGD'>| 
kwargs: epoch: 1.7031349968010236| steps_per_epoch: 1563| 
python GlobalMagnitudePruningModifier [2662 - 1731992826.0815258]: 
Returned: <class 'NoneType'>| 

python ParamPruning/fc1.weight [2662 - 1731992826.0816367]: 0.4215494990348816
python ParamPruning/fc2.weight [2662 - 1731992826.0817022]: 0.0
python ParamPruning/fc3.weight [2662 - 1731992826.0817547]: 0.0
python GlobalMagnitudePruningModifier [2819 - 1731992826.4986134]: Calling update with:
args: <class '__main__.SimpleSparseNet'>| <class 'torch.optim.sgd.SGD'>| 
kwargs: epoch: 1.8035828534868843| steps_per_epoch: 1563| 
python GlobalMagnitudePruningModifier [2819 - 1731992826.4992747]: 
Returned: <class 'NoneType'>| 

python ParamPruning/fc1.weight [2819 - 1731992826.4993877]: 0.4596354365348816
python ParamPruning/fc2.weight [2819 - 1731992826.4994555]: 0.0
python ParamPruning/fc3.weight [2819 - 1731992826.4995067]: 0.0
python GlobalMagnitudePruningModifier [2976 - 1731992826.918172]: Calling update with:
args: <class '__main__.SimpleSparseNet'>| <class 'torch.optim.sgd.SGD'>| 
kwargs: epoch: 1.9040307101727447| steps_per_epoch: 1563| 
python GlobalMagnitudePruningModifier [2976 - 1731992826.9188638]: 
Returned: <class 'NoneType'>| 

python ParamPruning/fc1.weight [2976 - 1731992826.9189882]: 0.494140625
python ParamPruning/fc2.weight [2976 - 1731992826.919056]: 0.0
python ParamPruning/fc3.weight [2976 - 1731992826.9191065]: 0.0
python GlobalMagnitudePruningModifier [3133 - 1731992828.0611918]: Calling update with:
args: <class '__main__.SimpleSparseNet'>| <class 'torch.optim.sgd.SGD'>| 
kwargs: epoch: 2.004478566858605| steps_per_epoch: 1563| 
python GlobalMagnitudePruningModifier [3133 - 1731992828.0620654]: 
Returned: <class 'NoneType'>| 

python ParamPruning/fc1.weight [3133 - 1731992828.0622308]: 0.525390625
python ParamPruning/fc2.weight [3133 - 1731992828.0623603]: 0.0
python ParamPruning/fc3.weight [3133 - 1731992828.062434]: 0.0
python GlobalMagnitudePruningModifier [3290 - 1731992828.4865203]: Calling update with:
args: <class '__main__.SimpleSparseNet'>| <class 'torch.optim.sgd.SGD'>| 
kwargs: epoch: 2.1049264235444656| steps_per_epoch: 1563| 
python GlobalMagnitudePruningModifier [3290 - 1731992828.4872146]: 
Returned: <class 'NoneType'>| 

python ParamPruning/fc1.weight [3290 - 1731992828.48733]: 0.5537109375
python ParamPruning/fc2.weight [3290 - 1731992828.4873948]: 0.0
python ParamPruning/fc3.weight [3290 - 1731992828.4874468]: 0.0
python GlobalMagnitudePruningModifier [3447 - 1731992828.9241056]: Calling update with:
args: <class '__main__.SimpleSparseNet'>| <class 'torch.optim.sgd.SGD'>| 
kwargs: epoch: 2.2053742802303264| steps_per_epoch: 1563| 
python GlobalMagnitudePruningModifier [3447 - 1731992828.9247954]: 
Returned: <class 'NoneType'>| 

python ParamPruning/fc1.weight [3447 - 1731992828.924917]: 0.5794271230697632
python ParamPruning/fc2.weight [3447 - 1731992828.924987]: 0.0
python ParamPruning/fc3.weight [3447 - 1731992828.9250379]: 0.0
python GlobalMagnitudePruningModifier [3604 - 1731992829.362672]: Calling update with:
args: <class '__main__.SimpleSparseNet'>| <class 'torch.optim.sgd.SGD'>| 
kwargs: epoch: 2.305822136916187| steps_per_epoch: 1563| 
python GlobalMagnitudePruningModifier [3604 - 1731992829.3633852]: 
Returned: <class 'NoneType'>| 

python ParamPruning/fc1.weight [3604 - 1731992829.3635018]: 0.6022135615348816
python ParamPruning/fc2.weight [3604 - 1731992829.3635676]: 0.0
python ParamPruning/fc3.weight [3604 - 1731992829.363619]: 0.0
python GlobalMagnitudePruningModifier [3761 - 1731992829.783853]: Calling update with:
args: <class '__main__.SimpleSparseNet'>| <class 'torch.optim.sgd.SGD'>| 
kwargs: epoch: 2.4062699936020473| steps_per_epoch: 1563| 
python GlobalMagnitudePruningModifier [3761 - 1731992829.7845438]: 
Returned: <class 'NoneType'>| 

python ParamPruning/fc1.weight [3761 - 1731992829.7846577]: 0.6223958730697632
python ParamPruning/fc2.weight [3761 - 1731992829.7847254]: 0.0
python ParamPruning/fc3.weight [3761 - 1731992829.7847836]: 0.0
python GlobalMagnitudePruningModifier [3918 - 1731992830.2059011]: Calling update with:
args: <class '__main__.SimpleSparseNet'>| <class 'torch.optim.sgd.SGD'>| 
kwargs: epoch: 2.5067178502879077| steps_per_epoch: 1563| 
python GlobalMagnitudePruningModifier [3918 - 1731992830.2065885]: 
Returned: <class 'NoneType'>| 

python ParamPruning/fc1.weight [3918 - 1731992830.20671]: 0.6402994990348816
python ParamPruning/fc2.weight [3918 - 1731992830.206781]: 0.0
python ParamPruning/fc3.weight [3918 - 1731992830.2068756]: 0.0
python GlobalMagnitudePruningModifier [4075 - 1731992830.637977]: Calling update with:
args: <class '__main__.SimpleSparseNet'>| <class 'torch.optim.sgd.SGD'>| 
kwargs: epoch: 2.6071657069737686| steps_per_epoch: 1563| 
python GlobalMagnitudePruningModifier [4075 - 1731992830.6386504]: 
Returned: <class 'NoneType'>| 

python ParamPruning/fc1.weight [4075 - 1731992830.6387625]: 0.6559244990348816
python ParamPruning/fc2.weight [4075 - 1731992830.638833]: 0.0
python ParamPruning/fc3.weight [4075 - 1731992830.6389]: 0.0
python GlobalMagnitudePruningModifier [4232 - 1731992831.0988514]: Calling update with:
args: <class '__main__.SimpleSparseNet'>| <class 'torch.optim.sgd.SGD'>| 
kwargs: epoch: 2.707613563659629| steps_per_epoch: 1563| 
python GlobalMagnitudePruningModifier [4232 - 1731992831.0996945]: 
Returned: <class 'NoneType'>| 

python ParamPruning/fc1.weight [4232 - 1731992831.0998333]: 0.6692708730697632
python ParamPruning/fc2.weight [4232 - 1731992831.099946]: 0.0
python ParamPruning/fc3.weight [4232 - 1731992831.1000068]: 0.0
python GlobalMagnitudePruningModifier [4389 - 1731992831.5585709]: Calling update with:
args: <class '__main__.SimpleSparseNet'>| <class 'torch.optim.sgd.SGD'>| 
kwargs: epoch: 2.8080614203454894| steps_per_epoch: 1563| 
python GlobalMagnitudePruningModifier [4389 - 1731992831.5592766]: 
Returned: <class 'NoneType'>| 

python ParamPruning/fc1.weight [4389 - 1731992831.559386]: 0.6809896230697632
python ParamPruning/fc2.weight [4389 - 1731992831.5594485]: 0.0
python ParamPruning/fc3.weight [4389 - 1731992831.559503]: 0.0
python GlobalMagnitudePruningModifier [4546 - 1731992832.0209727]: Calling update with:
args: <class '__main__.SimpleSparseNet'>| <class 'torch.optim.sgd.SGD'>| 
kwargs: epoch: 2.90850927703135| steps_per_epoch: 1563| 
python GlobalMagnitudePruningModifier [4546 - 1731992832.0216868]: 
Returned: <class 'NoneType'>| 

python ParamPruning/fc1.weight [4546 - 1731992832.0218165]: 0.6907552480697632
python ParamPruning/fc2.weight [4546 - 1731992832.0218856]: 0.0
python ParamPruning/fc3.weight [4546 - 1731992832.0219476]: 0.0
python GlobalMagnitudePruningModifier [4703 - 1731992833.2132103]: Calling update with:
args: <class '__main__.SimpleSparseNet'>| <class 'torch.optim.sgd.SGD'>| 
kwargs: epoch: 3.0089571337172103| steps_per_epoch: 1563| 
python GlobalMagnitudePruningModifier [4703 - 1731992833.2140923]: 
Returned: <class 'NoneType'>| 

python ParamPruning/fc1.weight [4703 - 1731992833.2142482]: 0.6988932490348816
python ParamPruning/fc2.weight [4703 - 1731992833.214349]: 0.0
python ParamPruning/fc3.weight [4703 - 1731992833.2144554]: 0.0
python GlobalMagnitudePruningModifier [4860 - 1731992833.6754744]: Calling update with:
args: <class '__main__.SimpleSparseNet'>| <class 'torch.optim.sgd.SGD'>| 
kwargs: epoch: 3.109404990403071| steps_per_epoch: 1563| 
python GlobalMagnitudePruningModifier [4860 - 1731992833.676319]: 
Returned: <class 'NoneType'>| 

python ParamPruning/fc1.weight [4860 - 1731992833.6764605]: 0.7054036855697632
python ParamPruning/fc2.weight [4860 - 1731992833.676555]: 0.0
python ParamPruning/fc3.weight [4860 - 1731992833.6766644]: 0.0
python GlobalMagnitudePruningModifier [5017 - 1731992834.123717]: Calling update with:
args: <class '__main__.SimpleSparseNet'>| <class 'torch.optim.sgd.SGD'>| 
kwargs: epoch: 3.2098528470889316| steps_per_epoch: 1563| 
python GlobalMagnitudePruningModifier [5017 - 1731992834.124412]: 
Returned: <class 'NoneType'>| 

python ParamPruning/fc1.weight [5017 - 1731992834.1245272]: 0.7106119990348816
python ParamPruning/fc2.weight [5017 - 1731992834.1245906]: 0.0
python ParamPruning/fc3.weight [5017 - 1731992834.1246426]: 0.0
python GlobalMagnitudePruningModifier [5174 - 1731992834.5556145]: Calling update with:
args: <class '__main__.SimpleSparseNet'>| <class 'torch.optim.sgd.SGD'>| 
kwargs: epoch: 3.310300703774792| steps_per_epoch: 1563| 
python GlobalMagnitudePruningModifier [5174 - 1731992834.5563085]: 
Returned: <class 'NoneType'>| 

python ParamPruning/fc1.weight [5174 - 1731992834.5564358]: 0.71484375
python ParamPruning/fc2.weight [5174 - 1731992834.5565002]: 0.0
python ParamPruning/fc3.weight [5174 - 1731992834.5565512]: 0.0
python GlobalMagnitudePruningModifier [5331 - 1731992834.9808762]: Calling update with:
args: <class '__main__.SimpleSparseNet'>| <class 'torch.optim.sgd.SGD'>| 
kwargs: epoch: 3.4107485604606524| steps_per_epoch: 1563| 
python GlobalMagnitudePruningModifier [5331 - 1731992834.9815838]: 
Returned: <class 'NoneType'>| 

python ParamPruning/fc1.weight [5331 - 1731992834.9816985]: 0.7177734375
python ParamPruning/fc2.weight [5331 - 1731992834.9817765]: 0.0
python ParamPruning/fc3.weight [5331 - 1731992834.9818394]: 0.0
python GlobalMagnitudePruningModifier [5488 - 1731992835.402246]: Calling update with:
args: <class '__main__.SimpleSparseNet'>| <class 'torch.optim.sgd.SGD'>| 
kwargs: epoch: 3.511196417146513| steps_per_epoch: 1563| 
python GlobalMagnitudePruningModifier [5488 - 1731992835.4029267]: 
Returned: <class 'NoneType'>| 

python ParamPruning/fc1.weight [5488 - 1731992835.4030426]: 0.7200521230697632
python ParamPruning/fc2.weight [5488 - 1731992835.4031076]: 0.0
python ParamPruning/fc3.weight [5488 - 1731992835.4031596]: 0.0
python GlobalMagnitudePruningModifier [5645 - 1731992835.8506258]: Calling update with:
args: <class '__main__.SimpleSparseNet'>| <class 'torch.optim.sgd.SGD'>| 
kwargs: epoch: 3.6116442738323737| steps_per_epoch: 1563| 
python GlobalMagnitudePruningModifier [5645 - 1731992835.8513417]: 
Returned: <class 'NoneType'>| 

python ParamPruning/fc1.weight [5645 - 1731992835.85146]: 0.7216796875
python ParamPruning/fc2.weight [5645 - 1731992835.8515322]: 0.0
python ParamPruning/fc3.weight [5645 - 1731992835.8515868]: 0.0
python GlobalMagnitudePruningModifier [5802 - 1731992836.3214433]: Calling update with:
args: <class '__main__.SimpleSparseNet'>| <class 'torch.optim.sgd.SGD'>| 
kwargs: epoch: 3.712092130518234| steps_per_epoch: 1563| 
python GlobalMagnitudePruningModifier [5802 - 1731992836.322166]: 
Returned: <class 'NoneType'>| 

python ParamPruning/fc1.weight [5802 - 1731992836.3222778]: 0.7223307490348816
python ParamPruning/fc2.weight [5802 - 1731992836.3223429]: 0.0
python ParamPruning/fc3.weight [5802 - 1731992836.3223991]: 0.0
python GlobalMagnitudePruningModifier [5959 - 1731992836.7835956]: Calling update with:
args: <class '__main__.SimpleSparseNet'>| <class 'torch.optim.sgd.SGD'>| 
kwargs: epoch: 3.8125399872040946| steps_per_epoch: 1563| 
python GlobalMagnitudePruningModifier [5959 - 1731992836.7842999]: 
Returned: <class 'NoneType'>| 

python ParamPruning/fc1.weight [5959 - 1731992836.784419]: 0.7229818105697632
python ParamPruning/fc2.weight [5959 - 1731992836.7844799]: 0.0
python ParamPruning/fc3.weight [5959 - 1731992836.7845397]: 0.0
python GlobalMagnitudePruningModifier [6116 - 1731992837.2463698]: Calling update with:
args: <class '__main__.SimpleSparseNet'>| <class 'torch.optim.sgd.SGD'>| 
kwargs: epoch: 3.9129878438899555| steps_per_epoch: 1563| 
python GlobalMagnitudePruningModifier [6116 - 1731992837.2476006]: 
Returned: <class 'NoneType'>| 

python ParamPruning/fc1.weight [6116 - 1731992837.247716]: 0.7229818105697632
python ParamPruning/fc2.weight [6116 - 1731992837.2477882]: 0.0
python ParamPruning/fc3.weight [6116 - 1731992837.2478468]: 0.0
python GlobalMagnitudePruningModifier [1563 - 1731992848.5729074]: Calling update with:
args: <class '__main__.SimpleSparseNet'>| <class 'torch.optim.sgd.SGD'>| 
kwargs: epoch: 1.0| steps_per_epoch: 1563| 
python GlobalMagnitudePruningModifier [1563 - 1731992848.5740952]: 
Returned: <class 'NoneType'>| 

python ParamPruning/fc1.weight [1563 - 1731992848.5743]: 0.0517578125
python ParamPruning/fc2.weight [1563 - 1731992848.574426]: 0.0
python ParamPruning/fc3.weight [1563 - 1731992848.574524]: 0.0
python GlobalMagnitudePruningModifier [1720 - 1731992849.0019395]: Calling update with:
args: <class '__main__.SimpleSparseNet'>| <class 'torch.optim.sgd.SGD'>| 
kwargs: epoch: 1.1004478566858604| steps_per_epoch: 1563| 
python GlobalMagnitudePruningModifier [1720 - 1731992849.0025988]: 
Returned: <class 'NoneType'>| 

python ParamPruning/fc1.weight [1720 - 1731992849.0027022]: 0.1217447966337204
python ParamPruning/fc2.weight [1720 - 1731992849.0027952]: 0.0
python ParamPruning/fc3.weight [1720 - 1731992849.0028555]: 0.0
python GlobalMagnitudePruningModifier [1877 - 1731992849.4349976]: Calling update with:
args: <class '__main__.SimpleSparseNet'>| <class 'torch.optim.sgd.SGD'>| 
kwargs: epoch: 1.200895713371721| steps_per_epoch: 1563| 
python GlobalMagnitudePruningModifier [1877 - 1731992849.4357066]: 
Returned: <class 'NoneType'>| 

python ParamPruning/fc1.weight [1877 - 1731992849.4358544]: 0.1875
python ParamPruning/fc2.weight [1877 - 1731992849.4359372]: 0.0
python ParamPruning/fc3.weight [1877 - 1731992849.4360042]: 0.0
python GlobalMagnitudePruningModifier [2034 - 1731992849.871064]: Calling update with:
args: <class '__main__.SimpleSparseNet'>| <class 'torch.optim.sgd.SGD'>| 
kwargs: epoch: 1.3013435700575815| steps_per_epoch: 1563| 
python GlobalMagnitudePruningModifier [2034 - 1731992849.8718874]: 
Returned: <class 'NoneType'>| 

python ParamPruning/fc1.weight [2034 - 1731992849.8719988]: 0.2483724057674408
python ParamPruning/fc2.weight [2034 - 1731992849.8720624]: 0.0
python ParamPruning/fc3.weight [2034 - 1731992849.8721218]: 0.0
python GlobalMagnitudePruningModifier [2191 - 1731992850.2927675]: Calling update with:
args: <class '__main__.SimpleSparseNet'>| <class 'torch.optim.sgd.SGD'>| 
kwargs: epoch: 1.4017914267434421| steps_per_epoch: 1563| 
python GlobalMagnitudePruningModifier [2191 - 1731992850.2934616]: 
Returned: <class 'NoneType'>| 

python ParamPruning/fc1.weight [2191 - 1731992850.2935748]: 0.3050130307674408
python ParamPruning/fc2.weight [2191 - 1731992850.2936397]: 0.0
python ParamPruning/fc3.weight [2191 - 1731992850.2936962]: 0.0
python GlobalMagnitudePruningModifier [2348 - 1731992850.7257998]: Calling update with:
args: <class '__main__.SimpleSparseNet'>| <class 'torch.optim.sgd.SGD'>| 
kwargs: epoch: 1.5022392834293026| steps_per_epoch: 1563| 
python GlobalMagnitudePruningModifier [2348 - 1731992850.7264588]: 
Returned: <class 'NoneType'>| 

python ParamPruning/fc1.weight [2348 - 1731992850.7265844]: 0.357421875
python ParamPruning/fc2.weight [2348 - 1731992850.7266574]: 0.0
python ParamPruning/fc3.weight [2348 - 1731992850.72672]: 0.0
python GlobalMagnitudePruningModifier [2505 - 1731992851.16967]: Calling update with:
args: <class '__main__.SimpleSparseNet'>| <class 'torch.optim.sgd.SGD'>| 
kwargs: epoch: 1.602687140115163| steps_per_epoch: 1563| 
python GlobalMagnitudePruningModifier [2505 - 1731992851.171207]: 
Returned: <class 'NoneType'>| 

python ParamPruning/fc1.weight [2505 - 1731992851.171324]: 0.4055989682674408
python ParamPruning/fc2.weight [2505 - 1731992851.1713896]: 0.0
python ParamPruning/fc3.weight [2505 - 1731992851.1714427]: 0.0
python GlobalMagnitudePruningModifier [2662 - 1731992851.6371408]: Calling update with:
args: <class '__main__.SimpleSparseNet'>| <class 'torch.optim.sgd.SGD'>| 
kwargs: epoch: 1.7031349968010236| steps_per_epoch: 1563| 
python GlobalMagnitudePruningModifier [2662 - 1731992851.638215]: 
Returned: <class 'NoneType'>| 

python ParamPruning/fc1.weight [2662 - 1731992851.6383288]: 0.4501953125
python ParamPruning/fc2.weight [2662 - 1731992851.638393]: 0.0
python ParamPruning/fc3.weight [2662 - 1731992851.6384482]: 0.0
python GlobalMagnitudePruningModifier [2819 - 1731992852.1264577]: Calling update with:
args: <class '__main__.SimpleSparseNet'>| <class 'torch.optim.sgd.SGD'>| 
kwargs: epoch: 1.8035828534868843| steps_per_epoch: 1563| 
python GlobalMagnitudePruningModifier [2819 - 1731992852.1273215]: 
Returned: <class 'NoneType'>| 

python ParamPruning/fc1.weight [2819 - 1731992852.1274648]: 0.4908854365348816
python ParamPruning/fc2.weight [2819 - 1731992852.1275523]: 0.0
python ParamPruning/fc3.weight [2819 - 1731992852.1278245]: 0.0
python GlobalMagnitudePruningModifier [2976 - 1731992852.6275005]: Calling update with:
args: <class '__main__.SimpleSparseNet'>| <class 'torch.optim.sgd.SGD'>| 
kwargs: epoch: 1.9040307101727447| steps_per_epoch: 1563| 
python GlobalMagnitudePruningModifier [2976 - 1731992852.6284556]: 
Returned: <class 'NoneType'>| 

python ParamPruning/fc1.weight [2976 - 1731992852.6288743]: 0.5279948115348816
python ParamPruning/fc2.weight [2976 - 1731992852.628969]: 0.0
python ParamPruning/fc3.weight [2976 - 1731992852.629054]: 0.0
python GlobalMagnitudePruningModifier [3133 - 1731992853.83803]: Calling update with:
args: <class '__main__.SimpleSparseNet'>| <class 'torch.optim.sgd.SGD'>| 
kwargs: epoch: 2.004478566858605| steps_per_epoch: 1563| 
python GlobalMagnitudePruningModifier [3133 - 1731992853.8389614]: 
Returned: <class 'NoneType'>| 

python ParamPruning/fc1.weight [3133 - 1731992853.8391497]: 0.5618489980697632
python ParamPruning/fc2.weight [3133 - 1731992853.8392696]: 0.0
python ParamPruning/fc3.weight [3133 - 1731992853.839373]: 0.0
python GlobalMagnitudePruningModifier [3290 - 1731992854.3854132]: Calling update with:
args: <class '__main__.SimpleSparseNet'>| <class 'torch.optim.sgd.SGD'>| 
kwargs: epoch: 2.1049264235444656| steps_per_epoch: 1563| 
python GlobalMagnitudePruningModifier [3290 - 1731992854.386085]: 
Returned: <class 'NoneType'>| 

python ParamPruning/fc1.weight [3290 - 1731992854.3862019]: 0.5924479365348816
python ParamPruning/fc2.weight [3290 - 1731992854.3862634]: 0.0
python ParamPruning/fc3.weight [3290 - 1731992854.3863194]: 0.0
python GlobalMagnitudePruningModifier [3447 - 1731992854.8988004]: Calling update with:
args: <class '__main__.SimpleSparseNet'>| <class 'torch.optim.sgd.SGD'>| 
kwargs: epoch: 2.2053742802303264| steps_per_epoch: 1563| 
python GlobalMagnitudePruningModifier [3447 - 1731992854.8995874]: 
Returned: <class 'NoneType'>| 

python ParamPruning/fc1.weight [3447 - 1731992854.8999617]: 0.6197916865348816
python ParamPruning/fc2.weight [3447 - 1731992854.900152]: 0.0
python ParamPruning/fc3.weight [3447 - 1731992854.900648]: 0.0
python GlobalMagnitudePruningModifier [3604 - 1731992855.3890617]: Calling update with:
args: <class '__main__.SimpleSparseNet'>| <class 'torch.optim.sgd.SGD'>| 
kwargs: epoch: 2.305822136916187| steps_per_epoch: 1563| 
python GlobalMagnitudePruningModifier [3604 - 1731992855.3897958]: 
Returned: <class 'NoneType'>| 

python ParamPruning/fc1.weight [3604 - 1731992855.389927]: 0.64453125
python ParamPruning/fc2.weight [3604 - 1731992855.3899906]: 0.0
python ParamPruning/fc3.weight [3604 - 1731992855.3900552]: 0.0
python GlobalMagnitudePruningModifier [3761 - 1731992855.8763232]: Calling update with:
args: <class '__main__.SimpleSparseNet'>| <class 'torch.optim.sgd.SGD'>| 
kwargs: epoch: 2.4062699936020473| steps_per_epoch: 1563| 
python GlobalMagnitudePruningModifier [3761 - 1731992855.8770711]: 
Returned: <class 'NoneType'>| 

python ParamPruning/fc1.weight [3761 - 1731992855.8771927]: 0.6663411855697632
python ParamPruning/fc2.weight [3761 - 1731992855.877262]: 0.0
python ParamPruning/fc3.weight [3761 - 1731992855.877322]: 0.0
python GlobalMagnitudePruningModifier [3918 - 1731992856.3566697]: Calling update with:
args: <class '__main__.SimpleSparseNet'>| <class 'torch.optim.sgd.SGD'>| 
kwargs: epoch: 2.5067178502879077| steps_per_epoch: 1563| 
python GlobalMagnitudePruningModifier [3918 - 1731992856.3573613]: 
Returned: <class 'NoneType'>| 

python ParamPruning/fc1.weight [3918 - 1731992856.3574932]: 0.685546875
python ParamPruning/fc2.weight [3918 - 1731992856.3575575]: 0.0
python ParamPruning/fc3.weight [3918 - 1731992856.3576107]: 0.0
python GlobalMagnitudePruningModifier [4075 - 1731992856.8165452]: Calling update with:
args: <class '__main__.SimpleSparseNet'>| <class 'torch.optim.sgd.SGD'>| 
kwargs: epoch: 2.6071657069737686| steps_per_epoch: 1563| 
python GlobalMagnitudePruningModifier [4075 - 1731992856.8172324]: 
Returned: <class 'NoneType'>| 

python ParamPruning/fc1.weight [4075 - 1731992856.8173711]: 0.7021484375
python ParamPruning/fc2.weight [4075 - 1731992856.8174386]: 0.0
python ParamPruning/fc3.weight [4075 - 1731992856.8175018]: 0.0
python GlobalMagnitudePruningModifier [4232 - 1731992857.2770798]: Calling update with:
args: <class '__main__.SimpleSparseNet'>| <class 'torch.optim.sgd.SGD'>| 
kwargs: epoch: 2.707613563659629| steps_per_epoch: 1563| 
python GlobalMagnitudePruningModifier [4232 - 1731992857.2778394]: 
Returned: <class 'NoneType'>| 

python ParamPruning/fc1.weight [4232 - 1731992857.2779748]: 0.716796875
python ParamPruning/fc2.weight [4232 - 1731992857.2780602]: 0.0
python ParamPruning/fc3.weight [4232 - 1731992857.2781167]: 0.0
python GlobalMagnitudePruningModifier [4389 - 1731992857.7174344]: Calling update with:
args: <class '__main__.SimpleSparseNet'>| <class 'torch.optim.sgd.SGD'>| 
kwargs: epoch: 2.8080614203454894| steps_per_epoch: 1563| 
python GlobalMagnitudePruningModifier [4389 - 1731992857.71816]: 
Returned: <class 'NoneType'>| 

python ParamPruning/fc1.weight [4389 - 1731992857.7183037]: 0.7291666865348816
python ParamPruning/fc2.weight [4389 - 1731992857.718375]: 0.0
python ParamPruning/fc3.weight [4389 - 1731992857.7184281]: 0.0
python GlobalMagnitudePruningModifier [4546 - 1731992858.1637762]: Calling update with:
args: <class '__main__.SimpleSparseNet'>| <class 'torch.optim.sgd.SGD'>| 
kwargs: epoch: 2.90850927703135| steps_per_epoch: 1563| 
python GlobalMagnitudePruningModifier [4546 - 1731992858.1644487]: 
Returned: <class 'NoneType'>| 

python ParamPruning/fc1.weight [4546 - 1731992858.1645732]: 0.7399088740348816
python ParamPruning/fc2.weight [4546 - 1731992858.1646302]: 0.0
python ParamPruning/fc3.weight [4546 - 1731992858.1646774]: 0.0
python GlobalMagnitudePruningModifier [4703 - 1731992859.3520248]: Calling update with:
args: <class '__main__.SimpleSparseNet'>| <class 'torch.optim.sgd.SGD'>| 
kwargs: epoch: 3.0089571337172103| steps_per_epoch: 1563| 
python GlobalMagnitudePruningModifier [4703 - 1731992859.3528044]: 
Returned: <class 'NoneType'>| 

python ParamPruning/fc1.weight [4703 - 1731992859.3529458]: 0.7486979365348816
python ParamPruning/fc2.weight [4703 - 1731992859.3530078]: 0.0
python ParamPruning/fc3.weight [4703 - 1731992859.3530583]: 0.0
python GlobalMagnitudePruningModifier [4860 - 1731992859.8109777]: Calling update with:
args: <class '__main__.SimpleSparseNet'>| <class 'torch.optim.sgd.SGD'>| 
kwargs: epoch: 3.109404990403071| steps_per_epoch: 1563| 
python GlobalMagnitudePruningModifier [4860 - 1731992859.811682]: 
Returned: <class 'NoneType'>| 

python ParamPruning/fc1.weight [4860 - 1731992859.8118048]: 0.755859375
python ParamPruning/fc2.weight [4860 - 1731992859.8118796]: 0.0
python ParamPruning/fc3.weight [4860 - 1731992859.811947]: 0.0
python GlobalMagnitudePruningModifier [5017 - 1731992860.2879388]: Calling update with:
args: <class '__main__.SimpleSparseNet'>| <class 'torch.optim.sgd.SGD'>| 
kwargs: epoch: 3.2098528470889316| steps_per_epoch: 1563| 
python GlobalMagnitudePruningModifier [5017 - 1731992860.2893023]: 
Returned: <class 'NoneType'>| 

python ParamPruning/fc1.weight [5017 - 1731992860.2894363]: 0.7613932490348816
python ParamPruning/fc2.weight [5017 - 1731992860.289494]: 0.0
python ParamPruning/fc3.weight [5017 - 1731992860.2895405]: 0.0
python GlobalMagnitudePruningModifier [5174 - 1731992860.7629232]: Calling update with:
args: <class '__main__.SimpleSparseNet'>| <class 'torch.optim.sgd.SGD'>| 
kwargs: epoch: 3.310300703774792| steps_per_epoch: 1563| 
python GlobalMagnitudePruningModifier [5174 - 1731992860.7636228]: 
Returned: <class 'NoneType'>| 

python ParamPruning/fc1.weight [5174 - 1731992860.7637675]: 0.7659505605697632
python ParamPruning/fc2.weight [5174 - 1731992860.763837]: 0.0
python ParamPruning/fc3.weight [5174 - 1731992860.7638896]: 0.0
python GlobalMagnitudePruningModifier [5331 - 1731992861.2283847]: Calling update with:
args: <class '__main__.SimpleSparseNet'>| <class 'torch.optim.sgd.SGD'>| 
kwargs: epoch: 3.4107485604606524| steps_per_epoch: 1563| 
python GlobalMagnitudePruningModifier [5331 - 1731992861.2290475]: 
Returned: <class 'NoneType'>| 

python ParamPruning/fc1.weight [5331 - 1731992861.229178]: 0.7692057490348816
python ParamPruning/fc2.weight [5331 - 1731992861.2292361]: 0.0
python ParamPruning/fc3.weight [5331 - 1731992861.2292838]: 0.0
python GlobalMagnitudePruningModifier [5488 - 1731992861.6906838]: Calling update with:
args: <class '__main__.SimpleSparseNet'>| <class 'torch.optim.sgd.SGD'>| 
kwargs: epoch: 3.511196417146513| steps_per_epoch: 1563| 
python GlobalMagnitudePruningModifier [5488 - 1731992861.691391]: 
Returned: <class 'NoneType'>| 

python ParamPruning/fc1.weight [5488 - 1731992861.6915255]: 0.771484375
python ParamPruning/fc2.weight [5488 - 1731992861.6915953]: 0.0
python ParamPruning/fc3.weight [5488 - 1731992861.691647]: 0.0
python GlobalMagnitudePruningModifier [5645 - 1731992862.153394]: Calling update with:
args: <class '__main__.SimpleSparseNet'>| <class 'torch.optim.sgd.SGD'>| 
kwargs: epoch: 3.6116442738323737| steps_per_epoch: 1563| 
python GlobalMagnitudePruningModifier [5645 - 1731992862.1543674]: 
Returned: <class 'NoneType'>| 

python ParamPruning/fc1.weight [5645 - 1731992862.1555192]: 0.7731119990348816
python ParamPruning/fc2.weight [5645 - 1731992862.1556108]: 0.0
python ParamPruning/fc3.weight [5645 - 1731992862.1556654]: 0.0
python GlobalMagnitudePruningModifier [5802 - 1731992862.6241152]: Calling update with:
args: <class '__main__.SimpleSparseNet'>| <class 'torch.optim.sgd.SGD'>| 
kwargs: epoch: 3.712092130518234| steps_per_epoch: 1563| 
python GlobalMagnitudePruningModifier [5802 - 1731992862.6248062]: 
Returned: <class 'NoneType'>| 

python ParamPruning/fc1.weight [5802 - 1731992862.6249294]: 0.7740885615348816
python ParamPruning/fc2.weight [5802 - 1731992862.6250122]: 0.0
python ParamPruning/fc3.weight [5802 - 1731992862.6250603]: 0.0
python GlobalMagnitudePruningModifier [5959 - 1731992863.1227136]: Calling update with:
args: <class '__main__.SimpleSparseNet'>| <class 'torch.optim.sgd.SGD'>| 
kwargs: epoch: 3.8125399872040946| steps_per_epoch: 1563| 
python GlobalMagnitudePruningModifier [5959 - 1731992863.123415]: 
Returned: <class 'NoneType'>| 

python ParamPruning/fc1.weight [5959 - 1731992863.1235561]: 0.7744140625
python ParamPruning/fc2.weight [5959 - 1731992863.1236148]: 0.0
python ParamPruning/fc3.weight [5959 - 1731992863.1236663]: 0.0
python GlobalMagnitudePruningModifier [6116 - 1731992863.5963871]: Calling update with:
args: <class '__main__.SimpleSparseNet'>| <class 'torch.optim.sgd.SGD'>| 
kwargs: epoch: 3.9129878438899555| steps_per_epoch: 1563| 
python GlobalMagnitudePruningModifier [6116 - 1731992863.597079]: 
Returned: <class 'NoneType'>| 

python ParamPruning/fc1.weight [6116 - 1731992863.5972157]: 0.7747396230697632
python ParamPruning/fc2.weight [6116 - 1731992863.5972779]: 0.0
python ParamPruning/fc3.weight [6116 - 1731992863.597328]: 0.0
python GlobalMagnitudePruningModifier [1563 - 1731992875.4104166]: Calling update with:
args: <class '__main__.SimpleSparseNet'>| <class 'torch.optim.sgd.SGD'>| 
kwargs: epoch: 1.0| steps_per_epoch: 1563| 
python GlobalMagnitudePruningModifier [1563 - 1731992875.4117746]: 
Returned: <class 'NoneType'>| 

python ParamPruning/fc1.weight [1563 - 1731992875.412013]: 0.0517578125
python ParamPruning/fc2.weight [1563 - 1731992875.4121695]: 0.0
python ParamPruning/fc3.weight [1563 - 1731992875.4122975]: 0.0
python GlobalMagnitudePruningModifier [1720 - 1731992875.8770711]: Calling update with:
args: <class '__main__.SimpleSparseNet'>| <class 'torch.optim.sgd.SGD'>| 
kwargs: epoch: 1.1004478566858604| steps_per_epoch: 1563| 
python GlobalMagnitudePruningModifier [1720 - 1731992875.8778515]: 
Returned: <class 'NoneType'>| 

python ParamPruning/fc1.weight [1720 - 1731992875.8779888]: 0.126953125
python ParamPruning/fc2.weight [1720 - 1731992875.8780832]: 0.0
python ParamPruning/fc3.weight [1720 - 1731992875.8781755]: 0.0
python GlobalMagnitudePruningModifier [1877 - 1731992876.3495362]: Calling update with:
args: <class '__main__.SimpleSparseNet'>| <class 'torch.optim.sgd.SGD'>| 
kwargs: epoch: 1.200895713371721| steps_per_epoch: 1563| 
python GlobalMagnitudePruningModifier [1877 - 1731992876.350263]: 
Returned: <class 'NoneType'>| 

python ParamPruning/fc1.weight [1877 - 1731992876.3504016]: 0.1969401091337204
python ParamPruning/fc2.weight [1877 - 1731992876.350505]: 0.0
python ParamPruning/fc3.weight [1877 - 1731992876.3505983]: 0.0
python GlobalMagnitudePruningModifier [2034 - 1731992876.8158586]: Calling update with:
args: <class '__main__.SimpleSparseNet'>| <class 'torch.optim.sgd.SGD'>| 
kwargs: epoch: 1.3013435700575815| steps_per_epoch: 1563| 
python GlobalMagnitudePruningModifier [2034 - 1731992876.8165329]: 
Returned: <class 'NoneType'>| 

python ParamPruning/fc1.weight [2034 - 1731992876.8166559]: 0.2623698115348816
python ParamPruning/fc2.weight [2034 - 1731992876.816747]: 0.0
python ParamPruning/fc3.weight [2034 - 1731992876.8168464]: 0.0
python GlobalMagnitudePruningModifier [2191 - 1731992877.2654948]: Calling update with:
args: <class '__main__.SimpleSparseNet'>| <class 'torch.optim.sgd.SGD'>| 
kwargs: epoch: 1.4017914267434421| steps_per_epoch: 1563| 
python GlobalMagnitudePruningModifier [2191 - 1731992877.2661796]: 
Returned: <class 'NoneType'>| 

python ParamPruning/fc1.weight [2191 - 1731992877.2663257]: 0.3229166865348816
python ParamPruning/fc2.weight [2191 - 1731992877.2664182]: 0.0
python ParamPruning/fc3.weight [2191 - 1731992877.2664924]: 0.0
python GlobalMagnitudePruningModifier [2348 - 1731992877.6952703]: Calling update with:
args: <class '__main__.SimpleSparseNet'>| <class 'torch.optim.sgd.SGD'>| 
kwargs: epoch: 1.5022392834293026| steps_per_epoch: 1563| 
python GlobalMagnitudePruningModifier [2348 - 1731992877.6959486]: 
Returned: <class 'NoneType'>| 

python ParamPruning/fc1.weight [2348 - 1731992877.696085]: 0.3792317807674408
python ParamPruning/fc2.weight [2348 - 1731992877.6961832]: 0.0
python ParamPruning/fc3.weight [2348 - 1731992877.696259]: 0.0
python GlobalMagnitudePruningModifier [2505 - 1731992878.1130042]: Calling update with:
args: <class '__main__.SimpleSparseNet'>| <class 'torch.optim.sgd.SGD'>| 
kwargs: epoch: 1.602687140115163| steps_per_epoch: 1563| 
python GlobalMagnitudePruningModifier [2505 - 1731992878.113697]: 
Returned: <class 'NoneType'>| 

python ParamPruning/fc1.weight [2505 - 1731992878.1138492]: 0.4309895932674408
python ParamPruning/fc2.weight [2505 - 1731992878.1139462]: 0.0
python ParamPruning/fc3.weight [2505 - 1731992878.1140368]: 0.0
python GlobalMagnitudePruningModifier [2662 - 1731992878.5230327]: Calling update with:
args: <class '__main__.SimpleSparseNet'>| <class 'torch.optim.sgd.SGD'>| 
kwargs: epoch: 1.7031349968010236| steps_per_epoch: 1563| 
python GlobalMagnitudePruningModifier [2662 - 1731992878.5236979]: 
Returned: <class 'NoneType'>| 

python ParamPruning/fc1.weight [2662 - 1731992878.5238252]: 0.478515625
python ParamPruning/fc2.weight [2662 - 1731992878.5239155]: 0.0
python ParamPruning/fc3.weight [2662 - 1731992878.5239909]: 0.0
python GlobalMagnitudePruningModifier [2819 - 1731992878.9357555]: Calling update with:
args: <class '__main__.SimpleSparseNet'>| <class 'torch.optim.sgd.SGD'>| 
kwargs: epoch: 1.8035828534868843| steps_per_epoch: 1563| 
python GlobalMagnitudePruningModifier [2819 - 1731992878.936448]: 
Returned: <class 'NoneType'>| 

python ParamPruning/fc1.weight [2819 - 1731992878.936587]: 0.5221354365348816
python ParamPruning/fc2.weight [2819 - 1731992878.9366825]: 0.0
python ParamPruning/fc3.weight [2819 - 1731992878.9367633]: 0.0
python GlobalMagnitudePruningModifier [2976 - 1731992879.3476925]: Calling update with:
args: <class '__main__.SimpleSparseNet'>| <class 'torch.optim.sgd.SGD'>| 
kwargs: epoch: 1.9040307101727447| steps_per_epoch: 1563| 
python GlobalMagnitudePruningModifier [2976 - 1731992879.348415]: 
Returned: <class 'NoneType'>| 

python ParamPruning/fc1.weight [2976 - 1731992879.3485446]: 0.5621744990348816
python ParamPruning/fc2.weight [2976 - 1731992879.3486307]: 0.0
python ParamPruning/fc3.weight [2976 - 1731992879.3487122]: 0.0
python GlobalMagnitudePruningModifier [3133 - 1731992880.4831946]: Calling update with:
args: <class '__main__.SimpleSparseNet'>| <class 'torch.optim.sgd.SGD'>| 
kwargs: epoch: 2.004478566858605| steps_per_epoch: 1563| 
python GlobalMagnitudePruningModifier [3133 - 1731992880.4840167]: 
Returned: <class 'NoneType'>| 

python ParamPruning/fc1.weight [3133 - 1731992880.4841542]: 0.5983073115348816
python ParamPruning/fc2.weight [3133 - 1731992880.4842281]: 0.0
python ParamPruning/fc3.weight [3133 - 1731992880.484288]: 0.0
python GlobalMagnitudePruningModifier [3290 - 1731992880.9446678]: Calling update with:
args: <class '__main__.SimpleSparseNet'>| <class 'torch.optim.sgd.SGD'>| 
kwargs: epoch: 2.1049264235444656| steps_per_epoch: 1563| 
python GlobalMagnitudePruningModifier [3290 - 1731992880.945425]: 
Returned: <class 'NoneType'>| 

python ParamPruning/fc1.weight [3290 - 1731992880.9455645]: 0.6311849355697632
python ParamPruning/fc2.weight [3290 - 1731992880.9456553]: 0.0
python ParamPruning/fc3.weight [3290 - 1731992880.945735]: 0.0
python GlobalMagnitudePruningModifier [3447 - 1731992881.4031413]: Calling update with:
args: <class '__main__.SimpleSparseNet'>| <class 'torch.optim.sgd.SGD'>| 
kwargs: epoch: 2.2053742802303264| steps_per_epoch: 1563| 
python GlobalMagnitudePruningModifier [3447 - 1731992881.4038346]: 
Returned: <class 'NoneType'>| 

python ParamPruning/fc1.weight [3447 - 1731992881.4042375]: 0.6604818105697632
python ParamPruning/fc2.weight [3447 - 1731992881.4043303]: 0.0
python ParamPruning/fc3.weight [3447 - 1731992881.4046404]: 0.0
python GlobalMagnitudePruningModifier [3604 - 1731992881.8309479]: Calling update with:
args: <class '__main__.SimpleSparseNet'>| <class 'torch.optim.sgd.SGD'>| 
kwargs: epoch: 2.305822136916187| steps_per_epoch: 1563| 
python GlobalMagnitudePruningModifier [3604 - 1731992881.8316174]: 
Returned: <class 'NoneType'>| 

python ParamPruning/fc1.weight [3604 - 1731992881.8317463]: 0.6868489980697632
python ParamPruning/fc2.weight [3604 - 1731992881.8318148]: 0.0
python ParamPruning/fc3.weight [3604 - 1731992881.8318672]: 0.0
python GlobalMagnitudePruningModifier [3761 - 1731992882.2405577]: Calling update with:
args: <class '__main__.SimpleSparseNet'>| <class 'torch.optim.sgd.SGD'>| 
kwargs: epoch: 2.4062699936020473| steps_per_epoch: 1563| 
python GlobalMagnitudePruningModifier [3761 - 1731992882.2412286]: 
Returned: <class 'NoneType'>| 

python ParamPruning/fc1.weight [3761 - 1731992882.2413604]: 0.7102864980697632
python ParamPruning/fc2.weight [3761 - 1731992882.2414207]: 0.0
python ParamPruning/fc3.weight [3761 - 1731992882.2414727]: 0.0
python GlobalMagnitudePruningModifier [3918 - 1731992882.6720207]: Calling update with:
args: <class '__main__.SimpleSparseNet'>| <class 'torch.optim.sgd.SGD'>| 
kwargs: epoch: 2.5067178502879077| steps_per_epoch: 1563| 
python GlobalMagnitudePruningModifier [3918 - 1731992882.6727355]: 
Returned: <class 'NoneType'>| 

python ParamPruning/fc1.weight [3918 - 1731992882.67288]: 0.7307943105697632
python ParamPruning/fc2.weight [3918 - 1731992882.672947]: 0.0
python ParamPruning/fc3.weight [3918 - 1731992882.67301]: 0.0
python GlobalMagnitudePruningModifier [4075 - 1731992883.126261]: Calling update with:
args: <class '__main__.SimpleSparseNet'>| <class 'torch.optim.sgd.SGD'>| 
kwargs: epoch: 2.6071657069737686| steps_per_epoch: 1563| 
python GlobalMagnitudePruningModifier [4075 - 1731992883.126984]: 
Returned: <class 'NoneType'>| 

python ParamPruning/fc1.weight [4075 - 1731992883.1271243]: 0.7486979365348816
python ParamPruning/fc2.weight [4075 - 1731992883.1271822]: 0.0
python ParamPruning/fc3.weight [4075 - 1731992883.12723]: 0.0
python GlobalMagnitudePruningModifier [4232 - 1731992883.5816655]: Calling update with:
args: <class '__main__.SimpleSparseNet'>| <class 'torch.optim.sgd.SGD'>| 
kwargs: epoch: 2.707613563659629| steps_per_epoch: 1563| 
python GlobalMagnitudePruningModifier [4232 - 1731992883.5823827]: 
Returned: <class 'NoneType'>| 

python ParamPruning/fc1.weight [4232 - 1731992883.5825205]: 0.7643229365348816
python ParamPruning/fc2.weight [4232 - 1731992883.5825841]: 0.0
python ParamPruning/fc3.weight [4232 - 1731992883.58264]: 0.0
python GlobalMagnitudePruningModifier [4389 - 1731992884.0359497]: Calling update with:
args: <class '__main__.SimpleSparseNet'>| <class 'torch.optim.sgd.SGD'>| 
kwargs: epoch: 2.8080614203454894| steps_per_epoch: 1563| 
python GlobalMagnitudePruningModifier [4389 - 1731992884.0366244]: 
Returned: <class 'NoneType'>| 

python ParamPruning/fc1.weight [4389 - 1731992884.0367548]: 0.7776693105697632
python ParamPruning/fc2.weight [4389 - 1731992884.036824]: 0.0
python ParamPruning/fc3.weight [4389 - 1731992884.036876]: 0.0
python GlobalMagnitudePruningModifier [4546 - 1731992884.4922802]: Calling update with:
args: <class '__main__.SimpleSparseNet'>| <class 'torch.optim.sgd.SGD'>| 
kwargs: epoch: 2.90850927703135| steps_per_epoch: 1563| 
python GlobalMagnitudePruningModifier [4546 - 1731992884.4929721]: 
Returned: <class 'NoneType'>| 

python ParamPruning/fc1.weight [4546 - 1731992884.4931145]: 0.7890625
python ParamPruning/fc2.weight [4546 - 1731992884.4931757]: 0.0
python ParamPruning/fc3.weight [4546 - 1731992884.493239]: 0.0
python GlobalMagnitudePruningModifier [4703 - 1731992885.6429787]: Calling update with:
args: <class '__main__.SimpleSparseNet'>| <class 'torch.optim.sgd.SGD'>| 
kwargs: epoch: 3.0089571337172103| steps_per_epoch: 1563| 
python GlobalMagnitudePruningModifier [4703 - 1731992885.6438944]: 
Returned: <class 'NoneType'>| 

python ParamPruning/fc1.weight [4703 - 1731992885.644056]: 0.7985026240348816
python ParamPruning/fc2.weight [4703 - 1731992885.644136]: 0.0
python ParamPruning/fc3.weight [4703 - 1731992885.644207]: 0.0
python GlobalMagnitudePruningModifier [4860 - 1731992886.0987825]: Calling update with:
args: <class '__main__.SimpleSparseNet'>| <class 'torch.optim.sgd.SGD'>| 
kwargs: epoch: 3.109404990403071| steps_per_epoch: 1563| 
python GlobalMagnitudePruningModifier [4860 - 1731992886.0995574]: 
Returned: <class 'NoneType'>| 

python ParamPruning/fc1.weight [4860 - 1731992886.0997012]: 0.8059896230697632
python ParamPruning/fc2.weight [4860 - 1731992886.0997732]: 0.0
python ParamPruning/fc3.weight [4860 - 1731992886.0998518]: 0.0
python GlobalMagnitudePruningModifier [5017 - 1731992886.5659838]: Calling update with:
args: <class '__main__.SimpleSparseNet'>| <class 'torch.optim.sgd.SGD'>| 
kwargs: epoch: 3.2098528470889316| steps_per_epoch: 1563| 
python GlobalMagnitudePruningModifier [5017 - 1731992886.5666344]: 
Returned: <class 'NoneType'>| 

python ParamPruning/fc1.weight [5017 - 1731992886.5667694]: 0.8121744990348816
python ParamPruning/fc2.weight [5017 - 1731992886.5668352]: 0.0
python ParamPruning/fc3.weight [5017 - 1731992886.5668864]: 0.0
python GlobalMagnitudePruningModifier [5174 - 1731992887.0283175]: Calling update with:
args: <class '__main__.SimpleSparseNet'>| <class 'torch.optim.sgd.SGD'>| 
kwargs: epoch: 3.310300703774792| steps_per_epoch: 1563| 
python GlobalMagnitudePruningModifier [5174 - 1731992887.0289752]: 
Returned: <class 'NoneType'>| 

python ParamPruning/fc1.weight [5174 - 1731992887.0291083]: 0.8167318105697632
python ParamPruning/fc2.weight [5174 - 1731992887.0291662]: 0.0
python ParamPruning/fc3.weight [5174 - 1731992887.0292158]: 0.0
python GlobalMagnitudePruningModifier [5331 - 1731992887.477872]: Calling update with:
args: <class '__main__.SimpleSparseNet'>| <class 'torch.optim.sgd.SGD'>| 
kwargs: epoch: 3.4107485604606524| steps_per_epoch: 1563| 
python GlobalMagnitudePruningModifier [5331 - 1731992887.4786046]: 
Returned: <class 'NoneType'>| 

python ParamPruning/fc1.weight [5331 - 1731992887.4787178]: 0.8203125
python ParamPruning/fc2.weight [5331 - 1731992887.4787889]: 0.0
python ParamPruning/fc3.weight [5331 - 1731992887.478854]: 0.0
python GlobalMagnitudePruningModifier [5488 - 1731992887.8997316]: Calling update with:
args: <class '__main__.SimpleSparseNet'>| <class 'torch.optim.sgd.SGD'>| 
kwargs: epoch: 3.511196417146513| steps_per_epoch: 1563| 
python GlobalMagnitudePruningModifier [5488 - 1731992887.900412]: 
Returned: <class 'NoneType'>| 

python ParamPruning/fc1.weight [5488 - 1731992887.9005427]: 0.8229166865348816
python ParamPruning/fc2.weight [5488 - 1731992887.9006026]: 0.0
python ParamPruning/fc3.weight [5488 - 1731992887.900656]: 0.0
python GlobalMagnitudePruningModifier [5645 - 1731992888.314155]: Calling update with:
args: <class '__main__.SimpleSparseNet'>| <class 'torch.optim.sgd.SGD'>| 
kwargs: epoch: 3.6116442738323737| steps_per_epoch: 1563| 
python GlobalMagnitudePruningModifier [5645 - 1731992888.3148518]: 
Returned: <class 'NoneType'>| 

python ParamPruning/fc1.weight [5645 - 1731992888.3149972]: 0.8245443105697632
python ParamPruning/fc2.weight [5645 - 1731992888.315059]: 0.0
python ParamPruning/fc3.weight [5645 - 1731992888.3151102]: 0.0
python GlobalMagnitudePruningModifier [5802 - 1731992888.7507057]: Calling update with:
args: <class '__main__.SimpleSparseNet'>| <class 'torch.optim.sgd.SGD'>| 
kwargs: epoch: 3.712092130518234| steps_per_epoch: 1563| 
python GlobalMagnitudePruningModifier [5802 - 1731992888.7514277]: 
Returned: <class 'NoneType'>| 

python ParamPruning/fc1.weight [5802 - 1731992888.751553]: 0.8255208730697632
python ParamPruning/fc2.weight [5802 - 1731992888.7516093]: 0.0
python ParamPruning/fc3.weight [5802 - 1731992888.7516572]: 0.0
python GlobalMagnitudePruningModifier [5959 - 1731992889.206527]: Calling update with:
args: <class '__main__.SimpleSparseNet'>| <class 'torch.optim.sgd.SGD'>| 
kwargs: epoch: 3.8125399872040946| steps_per_epoch: 1563| 
python GlobalMagnitudePruningModifier [5959 - 1731992889.2083132]: 
Returned: <class 'NoneType'>| 

python ParamPruning/fc1.weight [5959 - 1731992889.208537]: 0.826171875
python ParamPruning/fc2.weight [5959 - 1731992889.2087033]: 0.0
python ParamPruning/fc3.weight [5959 - 1731992889.208849]: 0.0
python GlobalMagnitudePruningModifier [6116 - 1731992889.639226]: Calling update with:
args: <class '__main__.SimpleSparseNet'>| <class 'torch.optim.sgd.SGD'>| 
kwargs: epoch: 3.9129878438899555| steps_per_epoch: 1563| 
python GlobalMagnitudePruningModifier [6116 - 1731992889.640474]: 
Returned: <class 'NoneType'>| 

python ParamPruning/fc1.weight [6116 - 1731992889.640611]: 0.826171875
python ParamPruning/fc2.weight [6116 - 1731992889.6406722]: 0.0
python ParamPruning/fc3.weight [6116 - 1731992889.6407235]: 0.0
