Logging all SparseML modifier-level logs to sparse_logs/19-11-2024_10.23.06.log
python GlobalMagnitudePruningModifier [1563 - 1731991991.5269923]: Calling update with:
args: <class '__main__.SimpleSparseNet'>| <class 'torch.optim.sgd.SGD'>| 
kwargs: epoch: 1.0| steps_per_epoch: 1563| 
python GlobalMagnitudePruningModifier [1563 - 1731991991.5519123]: 
Returned: <class 'NoneType'>| 

python ParamPruning/fc1.weight [1563 - 1731991991.5520985]: 0.0510152205824852
python ParamPruning/fc2.weight [1563 - 1731991991.5522094]: 0.0146484375
python ParamPruning/fc3.weight [1563 - 1731991991.55227]: 0.010312499478459358
python GlobalMagnitudePruningModifier [1720 - 1731991991.9668975]: Calling update with:
args: <class '__main__.SimpleSparseNet'>| <class 'torch.optim.sgd.SGD'>| 
kwargs: epoch: 1.1004478566858604| steps_per_epoch: 1563| 
python GlobalMagnitudePruningModifier [1720 - 1731991991.9677024]: 
Returned: <class 'NoneType'>| 

python ParamPruning/fc1.weight [1720 - 1731991991.9678235]: 0.1054280623793602
python ParamPruning/fc2.weight [1720 - 1731991991.967909]: 0.02880859375
python ParamPruning/fc3.weight [1720 - 1731991991.9679842]: 0.027499999850988388
python GlobalMagnitudePruningModifier [1877 - 1731991992.4133701]: Calling update with:
args: <class '__main__.SimpleSparseNet'>| <class 'torch.optim.sgd.SGD'>| 
kwargs: epoch: 1.200895713371721| steps_per_epoch: 1563| 
python GlobalMagnitudePruningModifier [1877 - 1731991992.4141958]: 
Returned: <class 'NoneType'>| 

python ParamPruning/fc1.weight [1877 - 1731991992.4143145]: 0.155975341796875
python ParamPruning/fc2.weight [1877 - 1731991992.4143848]: 0.05029296875
python ParamPruning/fc3.weight [1877 - 1731991992.4144404]: 0.05218749865889549
python GlobalMagnitudePruningModifier [2034 - 1731991992.8614087]: Calling update with:
args: <class '__main__.SimpleSparseNet'>| <class 'torch.optim.sgd.SGD'>| 
kwargs: epoch: 1.3013435700575815| steps_per_epoch: 1563| 
python GlobalMagnitudePruningModifier [2034 - 1731991992.8621922]: 
Returned: <class 'NoneType'>| 

python ParamPruning/fc1.weight [2034 - 1731991992.86233]: 0.2029571533203125
python ParamPruning/fc2.weight [2034 - 1731991992.862404]: 0.07470703125
python ParamPruning/fc3.weight [2034 - 1731991992.8624625]: 0.07625000178813934
python GlobalMagnitudePruningModifier [2191 - 1731991993.3037248]: Calling update with:
args: <class '__main__.SimpleSparseNet'>| <class 'torch.optim.sgd.SGD'>| 
kwargs: epoch: 1.4017914267434421| steps_per_epoch: 1563| 
python GlobalMagnitudePruningModifier [2191 - 1731991993.3045292]: 
Returned: <class 'NoneType'>| 

python ParamPruning/fc1.weight [2191 - 1731991993.3046505]: 0.246490478515625
python ParamPruning/fc2.weight [2191 - 1731991993.30472]: 0.10498046875
python ParamPruning/fc3.weight [2191 - 1731991993.3047926]: 0.09843749552965164
python GlobalMagnitudePruningModifier [2348 - 1731991993.7111142]: Calling update with:
args: <class '__main__.SimpleSparseNet'>| <class 'torch.optim.sgd.SGD'>| 
kwargs: epoch: 1.5022392834293026| steps_per_epoch: 1563| 
python GlobalMagnitudePruningModifier [2348 - 1731991993.7118967]: 
Returned: <class 'NoneType'>| 

python ParamPruning/fc1.weight [2348 - 1731991993.7120519]: 0.2868703305721283
python ParamPruning/fc2.weight [2348 - 1731991993.712128]: 0.126953125
python ParamPruning/fc3.weight [2348 - 1731991993.7121832]: 0.11781249940395355
python GlobalMagnitudePruningModifier [2505 - 1731991994.1192687]: Calling update with:
args: <class '__main__.SimpleSparseNet'>| <class 'torch.optim.sgd.SGD'>| 
kwargs: epoch: 1.602687140115163| steps_per_epoch: 1563| 
python GlobalMagnitudePruningModifier [2505 - 1731991994.1200652]: 
Returned: <class 'NoneType'>| 

python ParamPruning/fc1.weight [2505 - 1731991994.120197]: 0.3241119384765625
python ParamPruning/fc2.weight [2505 - 1731991994.120267]: 0.150390625
python ParamPruning/fc3.weight [2505 - 1731991994.1203213]: 0.13468749821186066
python GlobalMagnitudePruningModifier [2662 - 1731991994.5266585]: Calling update with:
args: <class '__main__.SimpleSparseNet'>| <class 'torch.optim.sgd.SGD'>| 
kwargs: epoch: 1.7031349968010236| steps_per_epoch: 1563| 
python GlobalMagnitudePruningModifier [2662 - 1731991994.5274398]: 
Returned: <class 'NoneType'>| 

python ParamPruning/fc1.weight [2662 - 1731991994.527551]: 0.3583170771598816
python ParamPruning/fc2.weight [2662 - 1731991994.5276165]: 0.16943359375
python ParamPruning/fc3.weight [2662 - 1731991994.527671]: 0.15437500178813934
python GlobalMagnitudePruningModifier [2819 - 1731991994.9353282]: Calling update with:
args: <class '__main__.SimpleSparseNet'>| <class 'torch.optim.sgd.SGD'>| 
kwargs: epoch: 1.8035828534868843| steps_per_epoch: 1563| 
python GlobalMagnitudePruningModifier [2819 - 1731991994.936127]: 
Returned: <class 'NoneType'>| 

python ParamPruning/fc1.weight [2819 - 1731991994.9362504]: 0.3896738886833191
python ParamPruning/fc2.weight [2819 - 1731991994.9363225]: 0.18994140625
python ParamPruning/fc3.weight [2819 - 1731991994.9363756]: 0.1693750023841858
python GlobalMagnitudePruningModifier [2976 - 1731991995.3435044]: Calling update with:
args: <class '__main__.SimpleSparseNet'>| <class 'torch.optim.sgd.SGD'>| 
kwargs: epoch: 1.9040307101727447| steps_per_epoch: 1563| 
python GlobalMagnitudePruningModifier [2976 - 1731991995.344304]: 
Returned: <class 'NoneType'>| 

python ParamPruning/fc1.weight [2976 - 1731991995.3444219]: 0.4182790219783783
python ParamPruning/fc2.weight [2976 - 1731991995.344481]: 0.2080078125
python ParamPruning/fc3.weight [2976 - 1731991995.344532]: 0.18406249582767487
python GlobalMagnitudePruningModifier [3133 - 1731991996.4871008]: Calling update with:
args: <class '__main__.SimpleSparseNet'>| <class 'torch.optim.sgd.SGD'>| 
kwargs: epoch: 2.004478566858605| steps_per_epoch: 1563| 
python GlobalMagnitudePruningModifier [3133 - 1731991996.487941]: 
Returned: <class 'NoneType'>| 

python ParamPruning/fc1.weight [3133 - 1731991996.488068]: 0.4443003535270691
python ParamPruning/fc2.weight [3133 - 1731991996.4881382]: 0.224609375
python ParamPruning/fc3.weight [3133 - 1731991996.4881926]: 0.19562499225139618
python GlobalMagnitudePruningModifier [3290 - 1731991996.9173832]: Calling update with:
args: <class '__main__.SimpleSparseNet'>| <class 'torch.optim.sgd.SGD'>| 
kwargs: epoch: 2.1049264235444656| steps_per_epoch: 1563| 
python GlobalMagnitudePruningModifier [3290 - 1731991996.918169]: 
Returned: <class 'NoneType'>| 

python ParamPruning/fc1.weight [3290 - 1731991996.9182856]: 0.4677785336971283
python ParamPruning/fc2.weight [3290 - 1731991996.9183495]: 0.24169921875
python ParamPruning/fc3.weight [3290 - 1731991996.9184046]: 0.20781248807907104
python GlobalMagnitudePruningModifier [3447 - 1731991997.340048]: Calling update with:
args: <class '__main__.SimpleSparseNet'>| <class 'torch.optim.sgd.SGD'>| 
kwargs: epoch: 2.2053742802303264| steps_per_epoch: 1563| 
python GlobalMagnitudePruningModifier [3447 - 1731991997.3408434]: 
Returned: <class 'NoneType'>| 

python ParamPruning/fc1.weight [3447 - 1731991997.340975]: 0.4888661801815033
python ParamPruning/fc2.weight [3447 - 1731991997.3410473]: 0.259765625
python ParamPruning/fc3.weight [3447 - 1731991997.341102]: 0.21875
python GlobalMagnitudePruningModifier [3604 - 1731991997.7645571]: Calling update with:
args: <class '__main__.SimpleSparseNet'>| <class 'torch.optim.sgd.SGD'>| 
kwargs: epoch: 2.305822136916187| steps_per_epoch: 1563| 
python GlobalMagnitudePruningModifier [3604 - 1731991997.766285]: 
Returned: <class 'NoneType'>| 

python ParamPruning/fc1.weight [3604 - 1731991997.7667794]: 0.5077260732650757
python ParamPruning/fc2.weight [3604 - 1731991997.7668514]: 0.27392578125
python ParamPruning/fc3.weight [3604 - 1731991997.7669063]: 0.22968749701976776
python GlobalMagnitudePruningModifier [3761 - 1731991998.2009978]: Calling update with:
args: <class '__main__.SimpleSparseNet'>| <class 'torch.optim.sgd.SGD'>| 
kwargs: epoch: 2.4062699936020473| steps_per_epoch: 1563| 
python GlobalMagnitudePruningModifier [3761 - 1731991998.201823]: 
Returned: <class 'NoneType'>| 

python ParamPruning/fc1.weight [3761 - 1731991998.201955]: 0.52447509765625
python ParamPruning/fc2.weight [3761 - 1731991998.202031]: 0.28564453125
python ParamPruning/fc3.weight [3761 - 1731991998.2021036]: 0.23999999463558197
python GlobalMagnitudePruningModifier [3918 - 1731991998.648972]: Calling update with:
args: <class '__main__.SimpleSparseNet'>| <class 'torch.optim.sgd.SGD'>| 
kwargs: epoch: 2.5067178502879077| steps_per_epoch: 1563| 
python GlobalMagnitudePruningModifier [3918 - 1731991998.6497333]: 
Returned: <class 'NoneType'>| 

python ParamPruning/fc1.weight [3918 - 1731991998.6498528]: 0.5392405390739441
python ParamPruning/fc2.weight [3918 - 1731991998.6499264]: 0.2978515625
python ParamPruning/fc3.weight [3918 - 1731991998.649985]: 0.24781249463558197
python GlobalMagnitudePruningModifier [4075 - 1731991999.0837414]: Calling update with:
args: <class '__main__.SimpleSparseNet'>| <class 'torch.optim.sgd.SGD'>| 
kwargs: epoch: 2.6071657069737686| steps_per_epoch: 1563| 
python GlobalMagnitudePruningModifier [4075 - 1731991999.0846045]: 
Returned: <class 'NoneType'>| 

python ParamPruning/fc1.weight [4075 - 1731991999.084731]: 0.5521189570426941
python ParamPruning/fc2.weight [4075 - 1731991999.084831]: 0.306640625
python ParamPruning/fc3.weight [4075 - 1731991999.0849028]: 0.2574999928474426
python GlobalMagnitudePruningModifier [4232 - 1731991999.4932926]: Calling update with:
args: <class '__main__.SimpleSparseNet'>| <class 'torch.optim.sgd.SGD'>| 
kwargs: epoch: 2.707613563659629| steps_per_epoch: 1563| 
python GlobalMagnitudePruningModifier [4232 - 1731991999.4940696]: 
Returned: <class 'NoneType'>| 

python ParamPruning/fc1.weight [4232 - 1731991999.494184]: 0.5632680654525757
python ParamPruning/fc2.weight [4232 - 1731991999.494255]: 0.3203125
python ParamPruning/fc3.weight [4232 - 1731991999.4943137]: 0.26218748092651367
python GlobalMagnitudePruningModifier [4389 - 1731991999.902449]: Calling update with:
args: <class '__main__.SimpleSparseNet'>| <class 'torch.optim.sgd.SGD'>| 
kwargs: epoch: 2.8080614203454894| steps_per_epoch: 1563| 
python GlobalMagnitudePruningModifier [4389 - 1731991999.90326]: 
Returned: <class 'NoneType'>| 

python ParamPruning/fc1.weight [4389 - 1731991999.903379]: 0.572845458984375
python ParamPruning/fc2.weight [4389 - 1731991999.903448]: 0.3251953125
python ParamPruning/fc3.weight [4389 - 1731991999.9035056]: 0.2684375047683716
python GlobalMagnitudePruningModifier [4546 - 1731992000.3194282]: Calling update with:
args: <class '__main__.SimpleSparseNet'>| <class 'torch.optim.sgd.SGD'>| 
kwargs: epoch: 2.90850927703135| steps_per_epoch: 1563| 
python GlobalMagnitudePruningModifier [4546 - 1731992000.3202481]: 
Returned: <class 'NoneType'>| 

python ParamPruning/fc1.weight [4546 - 1731992000.3203704]: 0.5809275507926941
python ParamPruning/fc2.weight [4546 - 1731992000.3204422]: 0.33447265625
python ParamPruning/fc3.weight [4546 - 1731992000.320499]: 0.2709375023841858
python GlobalMagnitudePruningModifier [4703 - 1731992001.453279]: Calling update with:
args: <class '__main__.SimpleSparseNet'>| <class 'torch.optim.sgd.SGD'>| 
kwargs: epoch: 3.0089571337172103| steps_per_epoch: 1563| 
python GlobalMagnitudePruningModifier [4703 - 1731992001.4541328]: 
Returned: <class 'NoneType'>| 

python ParamPruning/fc1.weight [4703 - 1731992001.45426]: 0.58758544921875
python ParamPruning/fc2.weight [4703 - 1731992001.4543371]: 0.34228515625
python ParamPruning/fc3.weight [4703 - 1731992001.4543912]: 0.27687498927116394
python GlobalMagnitudePruningModifier [4860 - 1731992001.8875458]: Calling update with:
args: <class '__main__.SimpleSparseNet'>| <class 'torch.optim.sgd.SGD'>| 
kwargs: epoch: 3.109404990403071| steps_per_epoch: 1563| 
python GlobalMagnitudePruningModifier [4860 - 1731992001.888342]: 
Returned: <class 'NoneType'>| 

python ParamPruning/fc1.weight [4860 - 1731992001.8884737]: 0.5930430293083191
python ParamPruning/fc2.weight [4860 - 1731992001.8885412]: 0.34521484375
python ParamPruning/fc3.weight [4860 - 1731992001.8885975]: 0.2828125059604645
python GlobalMagnitudePruningModifier [5017 - 1731992002.3164873]: Calling update with:
args: <class '__main__.SimpleSparseNet'>| <class 'torch.optim.sgd.SGD'>| 
kwargs: epoch: 3.2098528470889316| steps_per_epoch: 1563| 
python GlobalMagnitudePruningModifier [5017 - 1731992002.3173275]: 
Returned: <class 'NoneType'>| 

python ParamPruning/fc1.weight [5017 - 1731992002.3174555]: 0.5973714590072632
python ParamPruning/fc2.weight [5017 - 1731992002.3175204]: 0.34912109375
python ParamPruning/fc3.weight [5017 - 1731992002.3175802]: 0.28812500834465027
python GlobalMagnitudePruningModifier [5174 - 1731992002.7461233]: Calling update with:
args: <class '__main__.SimpleSparseNet'>| <class 'torch.optim.sgd.SGD'>| 
kwargs: epoch: 3.310300703774792| steps_per_epoch: 1563| 
python GlobalMagnitudePruningModifier [5174 - 1731992002.746911]: 
Returned: <class 'NoneType'>| 

python ParamPruning/fc1.weight [5174 - 1731992002.7470245]: 0.6007487177848816
python ParamPruning/fc2.weight [5174 - 1731992002.7470844]: 0.35302734375
python ParamPruning/fc3.weight [5174 - 1731992002.7471354]: 0.2906250059604645
python GlobalMagnitudePruningModifier [5331 - 1731992003.1591582]: Calling update with:
args: <class '__main__.SimpleSparseNet'>| <class 'torch.optim.sgd.SGD'>| 
kwargs: epoch: 3.4107485604606524| steps_per_epoch: 1563| 
python GlobalMagnitudePruningModifier [5331 - 1731992003.159961]: 
Returned: <class 'NoneType'>| 

python ParamPruning/fc1.weight [5331 - 1731992003.1600852]: 0.6032460927963257
python ParamPruning/fc2.weight [5331 - 1731992003.1601486]: 0.35595703125
python ParamPruning/fc3.weight [5331 - 1731992003.160201]: 0.29374998807907104
python GlobalMagnitudePruningModifier [5488 - 1731992003.5685673]: Calling update with:
args: <class '__main__.SimpleSparseNet'>| <class 'torch.optim.sgd.SGD'>| 
kwargs: epoch: 3.511196417146513| steps_per_epoch: 1563| 
python GlobalMagnitudePruningModifier [5488 - 1731992003.5693362]: 
Returned: <class 'NoneType'>| 

python ParamPruning/fc1.weight [5488 - 1731992003.5694494]: 0.6049703359603882
python ParamPruning/fc2.weight [5488 - 1731992003.5695138]: 0.3623046875
python ParamPruning/fc3.weight [5488 - 1731992003.5695667]: 0.2965624928474426
python GlobalMagnitudePruningModifier [5645 - 1731992003.9784706]: Calling update with:
args: <class '__main__.SimpleSparseNet'>| <class 'torch.optim.sgd.SGD'>| 
kwargs: epoch: 3.6116442738323737| steps_per_epoch: 1563| 
python GlobalMagnitudePruningModifier [5645 - 1731992003.9792674]: 
Returned: <class 'NoneType'>| 

python ParamPruning/fc1.weight [5645 - 1731992003.979392]: 0.606109619140625
python ParamPruning/fc2.weight [5645 - 1731992003.9794629]: 0.365234375
python ParamPruning/fc3.weight [5645 - 1731992003.9795196]: 0.2996875047683716
python GlobalMagnitudePruningModifier [5802 - 1731992004.3875885]: Calling update with:
args: <class '__main__.SimpleSparseNet'>| <class 'torch.optim.sgd.SGD'>| 
kwargs: epoch: 3.712092130518234| steps_per_epoch: 1563| 
python GlobalMagnitudePruningModifier [5802 - 1731992004.3883657]: 
Returned: <class 'NoneType'>| 

python ParamPruning/fc1.weight [5802 - 1731992004.3884885]: 0.6067759394645691
python ParamPruning/fc2.weight [5802 - 1731992004.388552]: 0.369140625
python ParamPruning/fc3.weight [5802 - 1731992004.3886037]: 0.3006249964237213
python GlobalMagnitudePruningModifier [5959 - 1731992004.7949104]: Calling update with:
args: <class '__main__.SimpleSparseNet'>| <class 'torch.optim.sgd.SGD'>| 
kwargs: epoch: 3.8125399872040946| steps_per_epoch: 1563| 
python GlobalMagnitudePruningModifier [5959 - 1731992004.7956812]: 
Returned: <class 'NoneType'>| 

python ParamPruning/fc1.weight [5959 - 1731992004.7958121]: 0.6070963740348816
python ParamPruning/fc2.weight [5959 - 1731992004.7958953]: 0.37255859375
python ParamPruning/fc3.weight [5959 - 1731992004.795951]: 0.30124998092651367
python GlobalMagnitudePruningModifier [6116 - 1731992005.204376]: Calling update with:
args: <class '__main__.SimpleSparseNet'>| <class 'torch.optim.sgd.SGD'>| 
kwargs: epoch: 3.9129878438899555| steps_per_epoch: 1563| 
python GlobalMagnitudePruningModifier [6116 - 1731992005.2051322]: 
Returned: <class 'NoneType'>| 

python ParamPruning/fc1.weight [6116 - 1731992005.2052417]: 0.6071879267692566
python ParamPruning/fc2.weight [6116 - 1731992005.2053113]: 0.3740234375
python ParamPruning/fc3.weight [6116 - 1731992005.2053638]: 0.3021875023841858
python GlobalMagnitudePruningModifier [1563 - 1731992016.2348359]: Calling update with:
args: <class '__main__.SimpleSparseNet'>| <class 'torch.optim.sgd.SGD'>| 
kwargs: epoch: 1.0| steps_per_epoch: 1563| 
python GlobalMagnitudePruningModifier [1563 - 1731992016.2361403]: 
Returned: <class 'NoneType'>| 

python ParamPruning/fc1.weight [1563 - 1731992016.2363818]: 0.0510355643928051
python ParamPruning/fc2.weight [1563 - 1731992016.2365541]: 0.0107421875
python ParamPruning/fc3.weight [1563 - 1731992016.2366862]: 0.011562500149011612
python GlobalMagnitudePruningModifier [1720 - 1731992016.6892982]: Calling update with:
args: <class '__main__.SimpleSparseNet'>| <class 'torch.optim.sgd.SGD'>| 
kwargs: epoch: 1.1004478566858604| steps_per_epoch: 1563| 
python GlobalMagnitudePruningModifier [1720 - 1731992016.6901114]: 
Returned: <class 'NoneType'>| 

python ParamPruning/fc1.weight [1720 - 1731992016.6902497]: 0.1154683455824852
python ParamPruning/fc2.weight [1720 - 1731992016.6903465]: 0.02197265625
python ParamPruning/fc3.weight [1720 - 1731992016.690431]: 0.027812499552965164
python GlobalMagnitudePruningModifier [1877 - 1731992017.1530094]: Calling update with:
args: <class '__main__.SimpleSparseNet'>| <class 'torch.optim.sgd.SGD'>| 
kwargs: epoch: 1.200895713371721| steps_per_epoch: 1563| 
python GlobalMagnitudePruningModifier [1877 - 1731992017.1538727]: 
Returned: <class 'NoneType'>| 

python ParamPruning/fc1.weight [1877 - 1731992017.154026]: 0.1754659116268158
python ParamPruning/fc2.weight [1877 - 1731992017.1541407]: 0.04443359375
python ParamPruning/fc3.weight [1877 - 1731992017.1542234]: 0.04281250014901161
python GlobalMagnitudePruningModifier [2034 - 1731992017.621692]: Calling update with:
args: <class '__main__.SimpleSparseNet'>| <class 'torch.optim.sgd.SGD'>| 
kwargs: epoch: 1.3013435700575815| steps_per_epoch: 1563| 
python GlobalMagnitudePruningModifier [2034 - 1731992017.6225038]: 
Returned: <class 'NoneType'>| 

python ParamPruning/fc1.weight [2034 - 1731992017.6226344]: 0.2310028076171875
python ParamPruning/fc2.weight [2034 - 1731992017.6227489]: 0.0791015625
python ParamPruning/fc3.weight [2034 - 1731992017.6228251]: 0.06656249612569809
python GlobalMagnitudePruningModifier [2191 - 1731992018.072284]: Calling update with:
args: <class '__main__.SimpleSparseNet'>| <class 'torch.optim.sgd.SGD'>| 
kwargs: epoch: 1.4017914267434421| steps_per_epoch: 1563| 
python GlobalMagnitudePruningModifier [2191 - 1731992018.073142]: 
Returned: <class 'NoneType'>| 

python ParamPruning/fc1.weight [2191 - 1731992018.0732894]: 0.2825215756893158
python ParamPruning/fc2.weight [2191 - 1731992018.0734076]: 0.107421875
python ParamPruning/fc3.weight [2191 - 1731992018.0734804]: 0.09343750029802322
python GlobalMagnitudePruningModifier [2348 - 1731992018.5208826]: Calling update with:
args: <class '__main__.SimpleSparseNet'>| <class 'torch.optim.sgd.SGD'>| 
kwargs: epoch: 1.5022392834293026| steps_per_epoch: 1563| 
python GlobalMagnitudePruningModifier [2348 - 1731992018.521676]: 
Returned: <class 'NoneType'>| 

python ParamPruning/fc1.weight [2348 - 1731992018.52182]: 0.33013916015625
python ParamPruning/fc2.weight [2348 - 1731992018.5219495]: 0.1376953125
python ParamPruning/fc3.weight [2348 - 1731992018.5220208]: 0.11968749761581421
python GlobalMagnitudePruningModifier [2505 - 1731992018.9729135]: Calling update with:
args: <class '__main__.SimpleSparseNet'>| <class 'torch.optim.sgd.SGD'>| 
kwargs: epoch: 1.602687140115163| steps_per_epoch: 1563| 
python GlobalMagnitudePruningModifier [2505 - 1731992018.9737415]: 
Returned: <class 'NoneType'>| 

python ParamPruning/fc1.weight [2505 - 1731992018.9739034]: 0.3741607666015625
python ParamPruning/fc2.weight [2505 - 1731992018.9740288]: 0.15966796875
python ParamPruning/fc3.weight [2505 - 1731992018.9741075]: 0.14281249046325684
python GlobalMagnitudePruningModifier [2662 - 1731992019.4215064]: Calling update with:
args: <class '__main__.SimpleSparseNet'>| <class 'torch.optim.sgd.SGD'>| 
kwargs: epoch: 1.7031349968010236| steps_per_epoch: 1563| 
python GlobalMagnitudePruningModifier [2662 - 1731992019.4223588]: 
Returned: <class 'NoneType'>| 

python ParamPruning/fc1.weight [2662 - 1731992019.4225125]: 0.4145762324333191
python ParamPruning/fc2.weight [2662 - 1731992019.4226236]: 0.18603515625
python ParamPruning/fc3.weight [2662 - 1731992019.4226956]: 0.1640625
python GlobalMagnitudePruningModifier [2819 - 1731992019.847413]: Calling update with:
args: <class '__main__.SimpleSparseNet'>| <class 'torch.optim.sgd.SGD'>| 
kwargs: epoch: 1.8035828534868843| steps_per_epoch: 1563| 
python GlobalMagnitudePruningModifier [2819 - 1731992019.8482084]: 
Returned: <class 'NoneType'>| 

python ParamPruning/fc1.weight [2819 - 1731992019.8483293]: 0.4516805112361908
python ParamPruning/fc2.weight [2819 - 1731992019.8484046]: 0.20849609375
python ParamPruning/fc3.weight [2819 - 1731992019.8484595]: 0.18031249940395355
python GlobalMagnitudePruningModifier [2976 - 1731992020.258963]: Calling update with:
args: <class '__main__.SimpleSparseNet'>| <class 'torch.optim.sgd.SGD'>| 
kwargs: epoch: 1.9040307101727447| steps_per_epoch: 1563| 
python GlobalMagnitudePruningModifier [2976 - 1731992020.259729]: 
Returned: <class 'NoneType'>| 

python ParamPruning/fc1.weight [2976 - 1731992020.2598517]: 0.4855296015739441
python ParamPruning/fc2.weight [2976 - 1731992020.2599168]: 0.23046875
python ParamPruning/fc3.weight [2976 - 1731992020.2599723]: 0.19468750059604645
python GlobalMagnitudePruningModifier [3133 - 1731992021.3886735]: Calling update with:
args: <class '__main__.SimpleSparseNet'>| <class 'torch.optim.sgd.SGD'>| 
kwargs: epoch: 2.004478566858605| steps_per_epoch: 1563| 
python GlobalMagnitudePruningModifier [3133 - 1731992021.3895366]: 
Returned: <class 'NoneType'>| 

python ParamPruning/fc1.weight [3133 - 1731992021.3896582]: 0.5163116455078125
python ParamPruning/fc2.weight [3133 - 1731992021.3897483]: 0.2451171875
python ParamPruning/fc3.weight [3133 - 1731992021.389825]: 0.2096875011920929
python GlobalMagnitudePruningModifier [3290 - 1731992021.8069923]: Calling update with:
args: <class '__main__.SimpleSparseNet'>| <class 'torch.optim.sgd.SGD'>| 
kwargs: epoch: 2.1049264235444656| steps_per_epoch: 1563| 
python GlobalMagnitudePruningModifier [3290 - 1731992021.8077724]: 
Returned: <class 'NoneType'>| 

python ParamPruning/fc1.weight [3290 - 1731992021.8078914]: 0.5441488027572632
python ParamPruning/fc2.weight [3290 - 1731992021.807961]: 0.26025390625
python ParamPruning/fc3.weight [3290 - 1731992021.8080182]: 0.22187499701976776
python GlobalMagnitudePruningModifier [3447 - 1731992022.2599325]: Calling update with:
args: <class '__main__.SimpleSparseNet'>| <class 'torch.optim.sgd.SGD'>| 
kwargs: epoch: 2.2053742802303264| steps_per_epoch: 1563| 
python GlobalMagnitudePruningModifier [3447 - 1731992022.260739]: 
Returned: <class 'NoneType'>| 

python ParamPruning/fc1.weight [3447 - 1731992022.2608647]: 0.5691579580307007
python ParamPruning/fc2.weight [3447 - 1731992022.2609336]: 0.2734375
python ParamPruning/fc3.weight [3447 - 1731992022.2610185]: 0.23468749225139618
python GlobalMagnitudePruningModifier [3604 - 1731992022.7004614]: Calling update with:
args: <class '__main__.SimpleSparseNet'>| <class 'torch.optim.sgd.SGD'>| 
kwargs: epoch: 2.305822136916187| steps_per_epoch: 1563| 
python GlobalMagnitudePruningModifier [3604 - 1731992022.701257]: 
Returned: <class 'NoneType'>| 

python ParamPruning/fc1.weight [3604 - 1731992022.701396]: 0.5914968252182007
python ParamPruning/fc2.weight [3604 - 1731992022.7014725]: 0.28564453125
python ParamPruning/fc3.weight [3604 - 1731992022.7015374]: 0.24718749523162842
python GlobalMagnitudePruningModifier [3761 - 1731992023.112781]: Calling update with:
args: <class '__main__.SimpleSparseNet'>| <class 'torch.optim.sgd.SGD'>| 
kwargs: epoch: 2.4062699936020473| steps_per_epoch: 1563| 
python GlobalMagnitudePruningModifier [3761 - 1731992023.1136]: 
Returned: <class 'NoneType'>| 

python ParamPruning/fc1.weight [3761 - 1731992023.1137502]: 0.6114044189453125
python ParamPruning/fc2.weight [3761 - 1731992023.1138737]: 0.2939453125
python ParamPruning/fc3.weight [3761 - 1731992023.1139476]: 0.25593748688697815
python GlobalMagnitudePruningModifier [3918 - 1731992023.5207129]: Calling update with:
args: <class '__main__.SimpleSparseNet'>| <class 'torch.optim.sgd.SGD'>| 
kwargs: epoch: 2.5067178502879077| steps_per_epoch: 1563| 
python GlobalMagnitudePruningModifier [3918 - 1731992023.5215368]: 
Returned: <class 'NoneType'>| 

python ParamPruning/fc1.weight [3918 - 1731992023.5216687]: 0.628875732421875
python ParamPruning/fc2.weight [3918 - 1731992023.5217862]: 0.30517578125
python ParamPruning/fc3.weight [3918 - 1731992023.521862]: 0.2659375071525574
python GlobalMagnitudePruningModifier [4075 - 1731992023.930532]: Calling update with:
args: <class '__main__.SimpleSparseNet'>| <class 'torch.optim.sgd.SGD'>| 
kwargs: epoch: 2.6071657069737686| steps_per_epoch: 1563| 
python GlobalMagnitudePruningModifier [4075 - 1731992023.9313881]: 
Returned: <class 'NoneType'>| 

python ParamPruning/fc1.weight [4075 - 1731992023.9315336]: 0.6441549062728882
python ParamPruning/fc2.weight [4075 - 1731992023.931634]: 0.31396484375
python ParamPruning/fc3.weight [4075 - 1731992023.9317358]: 0.2746874988079071
python GlobalMagnitudePruningModifier [4232 - 1731992024.3395717]: Calling update with:
args: <class '__main__.SimpleSparseNet'>| <class 'torch.optim.sgd.SGD'>| 
kwargs: epoch: 2.707613563659629| steps_per_epoch: 1563| 
python GlobalMagnitudePruningModifier [4232 - 1731992024.3404212]: 
Returned: <class 'NoneType'>| 

python ParamPruning/fc1.weight [4232 - 1731992024.3405635]: 0.6573690176010132
python ParamPruning/fc2.weight [4232 - 1731992024.34068]: 0.32275390625
python ParamPruning/fc3.weight [4232 - 1731992024.3407602]: 0.2824999988079071
python GlobalMagnitudePruningModifier [4389 - 1731992024.7482216]: Calling update with:
args: <class '__main__.SimpleSparseNet'>| <class 'torch.optim.sgd.SGD'>| 
kwargs: epoch: 2.8080614203454894| steps_per_epoch: 1563| 
python GlobalMagnitudePruningModifier [4389 - 1731992024.7490287]: 
Returned: <class 'NoneType'>| 

python ParamPruning/fc1.weight [4389 - 1731992024.7491608]: 0.6686503291130066
python ParamPruning/fc2.weight [4389 - 1731992024.7492785]: 0.330078125
python ParamPruning/fc3.weight [4389 - 1731992024.749349]: 0.29124999046325684
python GlobalMagnitudePruningModifier [4546 - 1731992025.156529]: Calling update with:
args: <class '__main__.SimpleSparseNet'>| <class 'torch.optim.sgd.SGD'>| 
kwargs: epoch: 2.90850927703135| steps_per_epoch: 1563| 
python GlobalMagnitudePruningModifier [4546 - 1731992025.1573434]: 
Returned: <class 'NoneType'>| 

python ParamPruning/fc1.weight [4546 - 1731992025.1574838]: 0.6781667470932007
python ParamPruning/fc2.weight [4546 - 1731992025.1576023]: 0.34228515625
python ParamPruning/fc3.weight [4546 - 1731992025.1576765]: 0.2956250011920929
python GlobalMagnitudePruningModifier [4703 - 1731992026.2794833]: Calling update with:
args: <class '__main__.SimpleSparseNet'>| <class 'torch.optim.sgd.SGD'>| 
kwargs: epoch: 3.0089571337172103| steps_per_epoch: 1563| 
python GlobalMagnitudePruningModifier [4703 - 1731992026.2803228]: 
Returned: <class 'NoneType'>| 

python ParamPruning/fc1.weight [4703 - 1731992026.2808847]: 0.6860860586166382
python ParamPruning/fc2.weight [4703 - 1731992026.281275]: 0.349609375
python ParamPruning/fc3.weight [4703 - 1731992026.2815747]: 0.3009375035762787
python GlobalMagnitudePruningModifier [4860 - 1731992026.7307947]: Calling update with:
args: <class '__main__.SimpleSparseNet'>| <class 'torch.optim.sgd.SGD'>| 
kwargs: epoch: 3.109404990403071| steps_per_epoch: 1563| 
python GlobalMagnitudePruningModifier [4860 - 1731992026.731646]: 
Returned: <class 'NoneType'>| 

python ParamPruning/fc1.weight [4860 - 1731992026.7317548]: 0.6925608515739441
python ParamPruning/fc2.weight [4860 - 1731992026.7318308]: 0.35498046875
python ParamPruning/fc3.weight [4860 - 1731992026.731889]: 0.30531248450279236
python GlobalMagnitudePruningModifier [5017 - 1731992027.1970353]: Calling update with:
args: <class '__main__.SimpleSparseNet'>| <class 'torch.optim.sgd.SGD'>| 
kwargs: epoch: 3.2098528470889316| steps_per_epoch: 1563| 
python GlobalMagnitudePruningModifier [5017 - 1731992027.199695]: 
Returned: <class 'NoneType'>| 

python ParamPruning/fc1.weight [5017 - 1731992027.1998885]: 0.6977386474609375
python ParamPruning/fc2.weight [5017 - 1731992027.199967]: 0.359375
python ParamPruning/fc3.weight [5017 - 1731992027.2000263]: 0.30781248211860657
python GlobalMagnitudePruningModifier [5174 - 1731992027.656978]: Calling update with:
args: <class '__main__.SimpleSparseNet'>| <class 'torch.optim.sgd.SGD'>| 
kwargs: epoch: 3.310300703774792| steps_per_epoch: 1563| 
python GlobalMagnitudePruningModifier [5174 - 1731992027.657804]: 
Returned: <class 'NoneType'>| 

python ParamPruning/fc1.weight [5174 - 1731992027.6579366]: 0.7017313838005066
python ParamPruning/fc2.weight [5174 - 1731992027.6580222]: 0.36328125
python ParamPruning/fc3.weight [5174 - 1731992027.6580822]: 0.3109374940395355
python GlobalMagnitudePruningModifier [5331 - 1731992028.0899968]: Calling update with:
args: <class '__main__.SimpleSparseNet'>| <class 'torch.optim.sgd.SGD'>| 
kwargs: epoch: 3.4107485604606524| steps_per_epoch: 1563| 
python GlobalMagnitudePruningModifier [5331 - 1731992028.090781]: 
Returned: <class 'NoneType'>| 

python ParamPruning/fc1.weight [5331 - 1731992028.090918]: 0.7047017812728882
python ParamPruning/fc2.weight [5331 - 1731992028.0910094]: 0.3662109375
python ParamPruning/fc3.weight [5331 - 1731992028.0910656]: 0.3140625059604645
python GlobalMagnitudePruningModifier [5488 - 1731992028.5269885]: Calling update with:
args: <class '__main__.SimpleSparseNet'>| <class 'torch.optim.sgd.SGD'>| 
kwargs: epoch: 3.511196417146513| steps_per_epoch: 1563| 
python GlobalMagnitudePruningModifier [5488 - 1731992028.5278218]: 
Returned: <class 'NoneType'>| 

python ParamPruning/fc1.weight [5488 - 1731992028.5279605]: 0.7068125605583191
python ParamPruning/fc2.weight [5488 - 1731992028.5280275]: 0.37060546875
python ParamPruning/fc3.weight [5488 - 1731992028.528084]: 0.3149999976158142
python GlobalMagnitudePruningModifier [5645 - 1731992028.9481337]: Calling update with:
args: <class '__main__.SimpleSparseNet'>| <class 'torch.optim.sgd.SGD'>| 
kwargs: epoch: 3.6116442738323737| steps_per_epoch: 1563| 
python GlobalMagnitudePruningModifier [5645 - 1731992028.948966]: 
Returned: <class 'NoneType'>| 

python ParamPruning/fc1.weight [5645 - 1731992028.9491098]: 0.7082316279411316
python ParamPruning/fc2.weight [5645 - 1731992028.9491777]: 0.37109375
python ParamPruning/fc3.weight [5645 - 1731992028.9492328]: 0.31593748927116394
python GlobalMagnitudePruningModifier [5802 - 1731992029.3691273]: Calling update with:
args: <class '__main__.SimpleSparseNet'>| <class 'torch.optim.sgd.SGD'>| 
kwargs: epoch: 3.712092130518234| steps_per_epoch: 1563| 
python GlobalMagnitudePruningModifier [5802 - 1731992029.3699453]: 
Returned: <class 'NoneType'>| 

python ParamPruning/fc1.weight [5802 - 1731992029.370085]: 0.7089996337890625
python ParamPruning/fc2.weight [5802 - 1731992029.3701606]: 0.37451171875
python ParamPruning/fc3.weight [5802 - 1731992029.370223]: 0.3190625011920929
python GlobalMagnitudePruningModifier [5959 - 1731992029.7780437]: Calling update with:
args: <class '__main__.SimpleSparseNet'>| <class 'torch.optim.sgd.SGD'>| 
kwargs: epoch: 3.8125399872040946| steps_per_epoch: 1563| 
python GlobalMagnitudePruningModifier [5959 - 1731992029.7788122]: 
Returned: <class 'NoneType'>| 

python ParamPruning/fc1.weight [5959 - 1731992029.7789443]: 0.7094065546989441
python ParamPruning/fc2.weight [5959 - 1731992029.7790089]: 0.375
python ParamPruning/fc3.weight [5959 - 1731992029.7790625]: 0.3199999928474426
python GlobalMagnitudePruningModifier [6116 - 1731992030.1880758]: Calling update with:
args: <class '__main__.SimpleSparseNet'>| <class 'torch.optim.sgd.SGD'>| 
kwargs: epoch: 3.9129878438899555| steps_per_epoch: 1563| 
python GlobalMagnitudePruningModifier [6116 - 1731992030.1888778]: 
Returned: <class 'NoneType'>| 

python ParamPruning/fc1.weight [6116 - 1731992030.1890202]: 0.70953369140625
python ParamPruning/fc2.weight [6116 - 1731992030.1890962]: 0.375
python ParamPruning/fc3.weight [6116 - 1731992030.1891603]: 0.32124999165534973
python GlobalMagnitudePruningModifier [1563 - 1731992041.2804601]: Calling update with:
args: <class '__main__.SimpleSparseNet'>| <class 'torch.optim.sgd.SGD'>| 
kwargs: epoch: 1.0| steps_per_epoch: 1563| 
python GlobalMagnitudePruningModifier [1563 - 1731992041.2831962]: 
Returned: <class 'NoneType'>| 

python ParamPruning/fc1.weight [1563 - 1731992041.2835367]: 0.051025390625
python ParamPruning/fc2.weight [1563 - 1731992041.283817]: 0.01123046875
python ParamPruning/fc3.weight [1563 - 1731992041.284112]: 0.011874999850988388
python GlobalMagnitudePruningModifier [1720 - 1731992041.7375424]: Calling update with:
args: <class '__main__.SimpleSparseNet'>| <class 'torch.optim.sgd.SGD'>| 
kwargs: epoch: 1.1004478566858604| steps_per_epoch: 1563| 
python GlobalMagnitudePruningModifier [1720 - 1731992041.7383618]: 
Returned: <class 'NoneType'>| 

python ParamPruning/fc1.weight [1720 - 1731992041.7385032]: 0.1203053817152977
python ParamPruning/fc2.weight [1720 - 1731992041.73857]: 0.03173828125
python ParamPruning/fc3.weight [1720 - 1731992041.7386212]: 0.0306249987334013
python GlobalMagnitudePruningModifier [1877 - 1731992042.202542]: Calling update with:
args: <class '__main__.SimpleSparseNet'>| <class 'torch.optim.sgd.SGD'>| 
kwargs: epoch: 1.200895713371721| steps_per_epoch: 1563| 
python GlobalMagnitudePruningModifier [1877 - 1731992042.2033923]: 
Returned: <class 'NoneType'>| 

python ParamPruning/fc1.weight [1877 - 1731992042.2035391]: 0.1847635954618454
python ParamPruning/fc2.weight [1877 - 1731992042.2036073]: 0.05908203125
python ParamPruning/fc3.weight [1877 - 1731992042.2036593]: 0.054375000298023224
python GlobalMagnitudePruningModifier [2034 - 1731992042.6697724]: Calling update with:
args: <class '__main__.SimpleSparseNet'>| <class 'torch.optim.sgd.SGD'>| 
kwargs: epoch: 1.3013435700575815| steps_per_epoch: 1563| 
python GlobalMagnitudePruningModifier [2034 - 1731992042.670587]: 
Returned: <class 'NoneType'>| 

python ParamPruning/fc1.weight [2034 - 1731992042.6707263]: 0.2446187436580658
python ParamPruning/fc2.weight [2034 - 1731992042.6708]: 0.0908203125
python ParamPruning/fc3.weight [2034 - 1731992042.6708558]: 0.08093749731779099
python GlobalMagnitudePruningModifier [2191 - 1731992043.11812]: Calling update with:
args: <class '__main__.SimpleSparseNet'>| <class 'torch.optim.sgd.SGD'>| 
kwargs: epoch: 1.4017914267434421| steps_per_epoch: 1563| 
python GlobalMagnitudePruningModifier [2191 - 1731992043.1189637]: 
Returned: <class 'NoneType'>| 

python ParamPruning/fc1.weight [2191 - 1731992043.1191063]: 0.3001149594783783
python ParamPruning/fc2.weight [2191 - 1731992043.119207]: 0.1220703125
python ParamPruning/fc3.weight [2191 - 1731992043.119259]: 0.1081250011920929
python GlobalMagnitudePruningModifier [2348 - 1731992043.5685647]: Calling update with:
args: <class '__main__.SimpleSparseNet'>| <class 'torch.optim.sgd.SGD'>| 
kwargs: epoch: 1.5022392834293026| steps_per_epoch: 1563| 
python GlobalMagnitudePruningModifier [2348 - 1731992043.5693457]: 
Returned: <class 'NoneType'>| 

python ParamPruning/fc1.weight [2348 - 1731992043.5694723]: 0.3514607846736908
python ParamPruning/fc2.weight [2348 - 1731992043.5695353]: 0.15185546875
python ParamPruning/fc3.weight [2348 - 1731992043.5696123]: 0.13437499105930328
python GlobalMagnitudePruningModifier [2505 - 1731992044.019455]: Calling update with:
args: <class '__main__.SimpleSparseNet'>| <class 'torch.optim.sgd.SGD'>| 
kwargs: epoch: 1.602687140115163| steps_per_epoch: 1563| 
python GlobalMagnitudePruningModifier [2505 - 1731992044.0202878]: 
Returned: <class 'NoneType'>| 

python ParamPruning/fc1.weight [2505 - 1731992044.0204158]: 0.3987782895565033
python ParamPruning/fc2.weight [2505 - 1731992044.0204964]: 0.19140625
python ParamPruning/fc3.weight [2505 - 1731992044.0205612]: 0.15468749403953552
python GlobalMagnitudePruningModifier [2662 - 1731992044.469755]: Calling update with:
args: <class '__main__.SimpleSparseNet'>| <class 'torch.optim.sgd.SGD'>| 
kwargs: epoch: 1.7031349968010236| steps_per_epoch: 1563| 
python GlobalMagnitudePruningModifier [2662 - 1731992044.4705749]: 
Returned: <class 'NoneType'>| 

python ParamPruning/fc1.weight [2662 - 1731992044.470691]: 0.4423828125
python ParamPruning/fc2.weight [2662 - 1731992044.4707646]: 0.2119140625
python ParamPruning/fc3.weight [2662 - 1731992044.4708462]: 0.17749999463558197
python GlobalMagnitudePruningModifier [2819 - 1731992044.877764]: Calling update with:
args: <class '__main__.SimpleSparseNet'>| <class 'torch.optim.sgd.SGD'>| 
kwargs: epoch: 1.8035828534868843| steps_per_epoch: 1563| 
python GlobalMagnitudePruningModifier [2819 - 1731992044.878555]: 
Returned: <class 'NoneType'>| 

python ParamPruning/fc1.weight [2819 - 1731992044.878673]: 0.4823150634765625
python ParamPruning/fc2.weight [2819 - 1731992044.8787434]: 0.2373046875
python ParamPruning/fc3.weight [2819 - 1731992044.8788102]: 0.19593749940395355
python GlobalMagnitudePruningModifier [2976 - 1731992045.2838595]: Calling update with:
args: <class '__main__.SimpleSparseNet'>| <class 'torch.optim.sgd.SGD'>| 
kwargs: epoch: 1.9040307101727447| steps_per_epoch: 1563| 
python GlobalMagnitudePruningModifier [2976 - 1731992045.2846618]: 
Returned: <class 'NoneType'>| 

python ParamPruning/fc1.weight [2976 - 1731992045.2847826]: 0.518768310546875
python ParamPruning/fc2.weight [2976 - 1731992045.2848554]: 0.25927734375
python ParamPruning/fc3.weight [2976 - 1731992045.2849164]: 0.21249999105930328
python GlobalMagnitudePruningModifier [3133 - 1731992046.415782]: Calling update with:
args: <class '__main__.SimpleSparseNet'>| <class 'torch.optim.sgd.SGD'>| 
kwargs: epoch: 2.004478566858605| steps_per_epoch: 1563| 
python GlobalMagnitudePruningModifier [3133 - 1731992046.417098]: 
Returned: <class 'NoneType'>| 

python ParamPruning/fc1.weight [3133 - 1731992046.4172359]: 0.55181884765625
python ParamPruning/fc2.weight [3133 - 1731992046.417317]: 0.2802734375
python ParamPruning/fc3.weight [3133 - 1731992046.4173777]: 0.23124998807907104
python GlobalMagnitudePruningModifier [3290 - 1731992046.8684018]: Calling update with:
args: <class '__main__.SimpleSparseNet'>| <class 'torch.optim.sgd.SGD'>| 
kwargs: epoch: 2.1049264235444656| steps_per_epoch: 1563| 
python GlobalMagnitudePruningModifier [3290 - 1731992046.8692122]: 
Returned: <class 'NoneType'>| 

python ParamPruning/fc1.weight [3290 - 1731992046.8693438]: 0.5818380117416382
python ParamPruning/fc2.weight [3290 - 1731992046.8694134]: 0.29345703125
python ParamPruning/fc3.weight [3290 - 1731992046.8694763]: 0.24374999105930328
python GlobalMagnitudePruningModifier [3447 - 1731992047.3114374]: Calling update with:
args: <class '__main__.SimpleSparseNet'>| <class 'torch.optim.sgd.SGD'>| 
kwargs: epoch: 2.2053742802303264| steps_per_epoch: 1563| 
python GlobalMagnitudePruningModifier [3447 - 1731992047.3122284]: 
Returned: <class 'NoneType'>| 

python ParamPruning/fc1.weight [3447 - 1731992047.3123484]: 0.6088053584098816
python ParamPruning/fc2.weight [3447 - 1731992047.3124175]: 0.306640625
python ParamPruning/fc3.weight [3447 - 1731992047.3124976]: 0.2562499940395355
python GlobalMagnitudePruningModifier [3604 - 1731992047.7398574]: Calling update with:
args: <class '__main__.SimpleSparseNet'>| <class 'torch.optim.sgd.SGD'>| 
kwargs: epoch: 2.305822136916187| steps_per_epoch: 1563| 
python GlobalMagnitudePruningModifier [3604 - 1731992047.740694]: 
Returned: <class 'NoneType'>| 

python ParamPruning/fc1.weight [3604 - 1731992047.7408187]: 0.6329091787338257
python ParamPruning/fc2.weight [3604 - 1731992047.740898]: 0.31787109375
python ParamPruning/fc3.weight [3604 - 1731992047.7409573]: 0.2681249976158142
python GlobalMagnitudePruningModifier [3761 - 1731992048.1509194]: Calling update with:
args: <class '__main__.SimpleSparseNet'>| <class 'torch.optim.sgd.SGD'>| 
kwargs: epoch: 2.4062699936020473| steps_per_epoch: 1563| 
python GlobalMagnitudePruningModifier [3761 - 1731992048.1517322]: 
Returned: <class 'NoneType'>| 

python ParamPruning/fc1.weight [3761 - 1731992048.151854]: 0.6543986201286316
python ParamPruning/fc2.weight [3761 - 1731992048.1519346]: 0.32275390625
python ParamPruning/fc3.weight [3761 - 1731992048.1519942]: 0.27687498927116394
python GlobalMagnitudePruningModifier [3918 - 1731992048.5594199]: Calling update with:
args: <class '__main__.SimpleSparseNet'>| <class 'torch.optim.sgd.SGD'>| 
kwargs: epoch: 2.5067178502879077| steps_per_epoch: 1563| 
python GlobalMagnitudePruningModifier [3918 - 1731992048.5602245]: 
Returned: <class 'NoneType'>| 

python ParamPruning/fc1.weight [3918 - 1731992048.5603395]: 0.6733042597770691
python ParamPruning/fc2.weight [3918 - 1731992048.5604117]: 0.33251953125
python ParamPruning/fc3.weight [3918 - 1731992048.5604668]: 0.2837499976158142
python GlobalMagnitudePruningModifier [4075 - 1731992048.9895735]: Calling update with:
args: <class '__main__.SimpleSparseNet'>| <class 'torch.optim.sgd.SGD'>| 
kwargs: epoch: 2.6071657069737686| steps_per_epoch: 1563| 
python GlobalMagnitudePruningModifier [4075 - 1731992048.990388]: 
Returned: <class 'NoneType'>| 

python ParamPruning/fc1.weight [4075 - 1731992048.990496]: 0.6897786855697632
python ParamPruning/fc2.weight [4075 - 1731992048.9905598]: 0.34326171875
python ParamPruning/fc3.weight [4075 - 1731992048.9906123]: 0.29124999046325684
python GlobalMagnitudePruningModifier [4232 - 1731992049.4378839]: Calling update with:
args: <class '__main__.SimpleSparseNet'>| <class 'torch.optim.sgd.SGD'>| 
kwargs: epoch: 2.707613563659629| steps_per_epoch: 1563| 
python GlobalMagnitudePruningModifier [4232 - 1731992049.4387114]: 
Returned: <class 'NoneType'>| 

python ParamPruning/fc1.weight [4232 - 1731992049.4388418]: 0.7040557861328125
python ParamPruning/fc2.weight [4232 - 1731992049.4389257]: 0.3515625
python ParamPruning/fc3.weight [4232 - 1731992049.4389892]: 0.29749998450279236
python GlobalMagnitudePruningModifier [4389 - 1731992049.8850074]: Calling update with:
args: <class '__main__.SimpleSparseNet'>| <class 'torch.optim.sgd.SGD'>| 
kwargs: epoch: 2.8080614203454894| steps_per_epoch: 1563| 
python GlobalMagnitudePruningModifier [4389 - 1731992049.8857937]: 
Returned: <class 'NoneType'>| 

python ParamPruning/fc1.weight [4389 - 1731992049.8859267]: 0.71624755859375
python ParamPruning/fc2.weight [4389 - 1731992049.8859894]: 0.35888671875
python ParamPruning/fc3.weight [4389 - 1731992049.8860464]: 0.3046875
python GlobalMagnitudePruningModifier [4546 - 1731992050.2990685]: Calling update with:
args: <class '__main__.SimpleSparseNet'>| <class 'torch.optim.sgd.SGD'>| 
kwargs: epoch: 2.90850927703135| steps_per_epoch: 1563| 
python GlobalMagnitudePruningModifier [4546 - 1731992050.2998948]: 
Returned: <class 'NoneType'>| 

python ParamPruning/fc1.weight [4546 - 1731992050.3000271]: 0.7266134023666382
python ParamPruning/fc2.weight [4546 - 1731992050.300103]: 0.36376953125
python ParamPruning/fc3.weight [4546 - 1731992050.3001575]: 0.3075000047683716
python GlobalMagnitudePruningModifier [4703 - 1731992051.4123762]: Calling update with:
args: <class '__main__.SimpleSparseNet'>| <class 'torch.optim.sgd.SGD'>| 
kwargs: epoch: 3.0089571337172103| steps_per_epoch: 1563| 
python GlobalMagnitudePruningModifier [4703 - 1731992051.4133868]: 
Returned: <class 'NoneType'>| 

python ParamPruning/fc1.weight [4703 - 1731992051.4135752]: 0.7351328730583191
python ParamPruning/fc2.weight [4703 - 1731992051.4136684]: 0.37548828125
python ParamPruning/fc3.weight [4703 - 1731992051.4137418]: 0.3112500011920929
python GlobalMagnitudePruningModifier [4860 - 1731992051.8259022]: Calling update with:
args: <class '__main__.SimpleSparseNet'>| <class 'torch.optim.sgd.SGD'>| 
kwargs: epoch: 3.109404990403071| steps_per_epoch: 1563| 
python GlobalMagnitudePruningModifier [4860 - 1731992051.8267393]: 
Returned: <class 'NoneType'>| 

python ParamPruning/fc1.weight [4860 - 1731992051.8268774]: 0.7420858144760132
python ParamPruning/fc2.weight [4860 - 1731992051.8269491]: 0.3828125
python ParamPruning/fc3.weight [4860 - 1731992051.8270144]: 0.31593748927116394
python GlobalMagnitudePruningModifier [5017 - 1731992052.2619417]: Calling update with:
args: <class '__main__.SimpleSparseNet'>| <class 'torch.optim.sgd.SGD'>| 
kwargs: epoch: 3.2098528470889316| steps_per_epoch: 1563| 
python GlobalMagnitudePruningModifier [5017 - 1731992052.2627509]: 
Returned: <class 'NoneType'>| 

python ParamPruning/fc1.weight [5017 - 1731992052.2628791]: 0.7476043701171875
python ParamPruning/fc2.weight [5017 - 1731992052.262952]: 0.388671875
python ParamPruning/fc3.weight [5017 - 1731992052.26301]: 0.3215624988079071
python GlobalMagnitudePruningModifier [5174 - 1731992052.6957026]: Calling update with:
args: <class '__main__.SimpleSparseNet'>| <class 'torch.optim.sgd.SGD'>| 
kwargs: epoch: 3.310300703774792| steps_per_epoch: 1563| 
python GlobalMagnitudePruningModifier [5174 - 1731992052.6965077]: 
Returned: <class 'NoneType'>| 

python ParamPruning/fc1.weight [5174 - 1731992052.696646]: 0.7518463134765625
python ParamPruning/fc2.weight [5174 - 1731992052.6967175]: 0.396484375
python ParamPruning/fc3.weight [5174 - 1731992052.6967974]: 0.32624998688697815
python GlobalMagnitudePruningModifier [5331 - 1731992053.1091073]: Calling update with:
args: <class '__main__.SimpleSparseNet'>| <class 'torch.optim.sgd.SGD'>| 
kwargs: epoch: 3.4107485604606524| steps_per_epoch: 1563| 
python GlobalMagnitudePruningModifier [5331 - 1731992053.109882]: 
Returned: <class 'NoneType'>| 

python ParamPruning/fc1.weight [5331 - 1731992053.1100082]: 0.7550252676010132
python ParamPruning/fc2.weight [5331 - 1731992053.1100793]: 0.4013671875
python ParamPruning/fc3.weight [5331 - 1731992053.1101365]: 0.3296875059604645
python GlobalMagnitudePruningModifier [5488 - 1731992053.5172608]: Calling update with:
args: <class '__main__.SimpleSparseNet'>| <class 'torch.optim.sgd.SGD'>| 
kwargs: epoch: 3.511196417146513| steps_per_epoch: 1563| 
python GlobalMagnitudePruningModifier [5488 - 1731992053.5180542]: 
Returned: <class 'NoneType'>| 

python ParamPruning/fc1.weight [5488 - 1731992053.5181732]: 0.7572683095932007
python ParamPruning/fc2.weight [5488 - 1731992053.51826]: 0.404296875
python ParamPruning/fc3.weight [5488 - 1731992053.51832]: 0.3337499797344208
python GlobalMagnitudePruningModifier [5645 - 1731992053.9253953]: Calling update with:
args: <class '__main__.SimpleSparseNet'>| <class 'torch.optim.sgd.SGD'>| 
kwargs: epoch: 3.6116442738323737| steps_per_epoch: 1563| 
python GlobalMagnitudePruningModifier [5645 - 1731992053.9261773]: 
Returned: <class 'NoneType'>| 

python ParamPruning/fc1.weight [5645 - 1731992053.9262903]: 0.758758544921875
python ParamPruning/fc2.weight [5645 - 1731992053.9263701]: 0.40625
python ParamPruning/fc3.weight [5645 - 1731992053.9264367]: 0.3359375
python GlobalMagnitudePruningModifier [5802 - 1731992054.340455]: Calling update with:
args: <class '__main__.SimpleSparseNet'>| <class 'torch.optim.sgd.SGD'>| 
kwargs: epoch: 3.712092130518234| steps_per_epoch: 1563| 
python GlobalMagnitudePruningModifier [5802 - 1731992054.3412616]: 
Returned: <class 'NoneType'>| 

python ParamPruning/fc1.weight [5802 - 1731992054.3414016]: 0.7596384882926941
python ParamPruning/fc2.weight [5802 - 1731992054.3414698]: 0.4072265625
python ParamPruning/fc3.weight [5802 - 1731992054.3415399]: 0.33812499046325684
python GlobalMagnitudePruningModifier [5959 - 1731992054.7832935]: Calling update with:
args: <class '__main__.SimpleSparseNet'>| <class 'torch.optim.sgd.SGD'>| 
kwargs: epoch: 3.8125399872040946| steps_per_epoch: 1563| 
python GlobalMagnitudePruningModifier [5959 - 1731992054.784111]: 
Returned: <class 'NoneType'>| 

python ParamPruning/fc1.weight [5959 - 1731992054.7842224]: 0.7600555419921875
python ParamPruning/fc2.weight [5959 - 1731992054.7842946]: 0.41015625
python ParamPruning/fc3.weight [5959 - 1731992054.7843537]: 0.33906248211860657
python GlobalMagnitudePruningModifier [6116 - 1731992055.190444]: Calling update with:
args: <class '__main__.SimpleSparseNet'>| <class 'torch.optim.sgd.SGD'>| 
kwargs: epoch: 3.9129878438899555| steps_per_epoch: 1563| 
python GlobalMagnitudePruningModifier [6116 - 1731992055.1912503]: 
Returned: <class 'NoneType'>| 

python ParamPruning/fc1.weight [6116 - 1731992055.1913898]: 0.7601878046989441
python ParamPruning/fc2.weight [6116 - 1731992055.1914566]: 0.41064453125
python ParamPruning/fc3.weight [6116 - 1731992055.1915095]: 0.34031248092651367
python GlobalMagnitudePruningModifier [1563 - 1731992066.7009056]: Calling update with:
args: <class '__main__.SimpleSparseNet'>| <class 'torch.optim.sgd.SGD'>| 
kwargs: epoch: 1.0| steps_per_epoch: 1563| 
python GlobalMagnitudePruningModifier [1563 - 1731992066.7021916]: 
Returned: <class 'NoneType'>| 

python ParamPruning/fc1.weight [1563 - 1731992066.7023847]: 0.051116943359375
python ParamPruning/fc2.weight [1563 - 1731992066.702506]: 0.00634765625
python ParamPruning/fc3.weight [1563 - 1731992066.7025976]: 0.009374999441206455
python GlobalMagnitudePruningModifier [1720 - 1731992067.1641042]: Calling update with:
args: <class '__main__.SimpleSparseNet'>| <class 'torch.optim.sgd.SGD'>| 
kwargs: epoch: 1.1004478566858604| steps_per_epoch: 1563| 
python GlobalMagnitudePruningModifier [1720 - 1731992067.1649253]: 
Returned: <class 'NoneType'>| 

python ParamPruning/fc1.weight [1720 - 1731992067.1650393]: 0.1254170835018158
python ParamPruning/fc2.weight [1720 - 1731992067.1651075]: 0.025390625
python ParamPruning/fc3.weight [1720 - 1731992067.1651626]: 0.026874998584389687
python GlobalMagnitudePruningModifier [1877 - 1731992067.6588368]: Calling update with:
args: <class '__main__.SimpleSparseNet'>| <class 'torch.optim.sgd.SGD'>| 
kwargs: epoch: 1.200895713371721| steps_per_epoch: 1563| 
python GlobalMagnitudePruningModifier [1877 - 1731992067.6596737]: 
Returned: <class 'NoneType'>| 

python ParamPruning/fc1.weight [1877 - 1731992067.6598244]: 0.1944732666015625
python ParamPruning/fc2.weight [1877 - 1731992067.6598978]: 0.05126953125
python ParamPruning/fc3.weight [1877 - 1731992067.6599746]: 0.054999999701976776
python GlobalMagnitudePruningModifier [2034 - 1731992068.130555]: Calling update with:
args: <class '__main__.SimpleSparseNet'>| <class 'torch.optim.sgd.SGD'>| 
kwargs: epoch: 1.3013435700575815| steps_per_epoch: 1563| 
python GlobalMagnitudePruningModifier [2034 - 1731992068.1313994]: 
Returned: <class 'NoneType'>| 

python ParamPruning/fc1.weight [2034 - 1731992068.1315346]: 0.2586008906364441
python ParamPruning/fc2.weight [2034 - 1731992068.1315975]: 0.08740234375
python ParamPruning/fc3.weight [2034 - 1731992068.1316493]: 0.08218749612569809
python GlobalMagnitudePruningModifier [2191 - 1731992068.5880206]: Calling update with:
args: <class '__main__.SimpleSparseNet'>| <class 'torch.optim.sgd.SGD'>| 
kwargs: epoch: 1.4017914267434421| steps_per_epoch: 1563| 
python GlobalMagnitudePruningModifier [2191 - 1731992068.588868]: 
Returned: <class 'NoneType'>| 

python ParamPruning/fc1.weight [2191 - 1731992068.5890217]: 0.3181355893611908
python ParamPruning/fc2.weight [2191 - 1731992068.5890896]: 0.123046875
python ParamPruning/fc3.weight [2191 - 1731992068.589145]: 0.10562499612569809
python GlobalMagnitudePruningModifier [2348 - 1731992069.047265]: Calling update with:
args: <class '__main__.SimpleSparseNet'>| <class 'torch.optim.sgd.SGD'>| 
kwargs: epoch: 1.5022392834293026| steps_per_epoch: 1563| 
python GlobalMagnitudePruningModifier [2348 - 1731992069.048086]: 
Returned: <class 'NoneType'>| 

python ParamPruning/fc1.weight [2348 - 1731992069.0482225]: 0.373199462890625
python ParamPruning/fc2.weight [2348 - 1731992069.0482867]: 0.1533203125
python ParamPruning/fc3.weight [2348 - 1731992069.048339]: 0.1315625011920929
python GlobalMagnitudePruningModifier [2505 - 1731992069.5009782]: Calling update with:
args: <class '__main__.SimpleSparseNet'>| <class 'torch.optim.sgd.SGD'>| 
kwargs: epoch: 1.602687140115163| steps_per_epoch: 1563| 
python GlobalMagnitudePruningModifier [2505 - 1731992069.5017815]: 
Returned: <class 'NoneType'>| 

python ParamPruning/fc1.weight [2505 - 1731992069.501923]: 0.4239400327205658
python ParamPruning/fc2.weight [2505 - 1731992069.50199]: 0.18408203125
python ParamPruning/fc3.weight [2505 - 1731992069.5020528]: 0.15781249105930328
python GlobalMagnitudePruningModifier [2662 - 1731992069.961256]: Calling update with:
args: <class '__main__.SimpleSparseNet'>| <class 'torch.optim.sgd.SGD'>| 
kwargs: epoch: 1.7031349968010236| steps_per_epoch: 1563| 
python GlobalMagnitudePruningModifier [2662 - 1731992069.962121]: 
Returned: <class 'NoneType'>| 

python ParamPruning/fc1.weight [2662 - 1731992069.962257]: 0.47076416015625
python ParamPruning/fc2.weight [2662 - 1731992069.9623199]: 0.20849609375
python ParamPruning/fc3.weight [2662 - 1731992069.9623706]: 0.1746874898672104
python GlobalMagnitudePruningModifier [2819 - 1731992070.4120905]: Calling update with:
args: <class '__main__.SimpleSparseNet'>| <class 'torch.optim.sgd.SGD'>| 
kwargs: epoch: 1.8035828534868843| steps_per_epoch: 1563| 
python GlobalMagnitudePruningModifier [2819 - 1731992070.4130204]: 
Returned: <class 'NoneType'>| 

python ParamPruning/fc1.weight [2819 - 1731992070.4132004]: 0.51361083984375
python ParamPruning/fc2.weight [2819 - 1731992070.413284]: 0.228515625
python ParamPruning/fc3.weight [2819 - 1731992070.4133606]: 0.19499999284744263
python GlobalMagnitudePruningModifier [2976 - 1731992070.8627193]: Calling update with:
args: <class '__main__.SimpleSparseNet'>| <class 'torch.optim.sgd.SGD'>| 
kwargs: epoch: 1.9040307101727447| steps_per_epoch: 1563| 
python GlobalMagnitudePruningModifier [2976 - 1731992070.8635676]: 
Returned: <class 'NoneType'>| 

python ParamPruning/fc1.weight [2976 - 1731992070.8636818]: 0.55267333984375
python ParamPruning/fc2.weight [2976 - 1731992070.8637478]: 0.25048828125
python ParamPruning/fc3.weight [2976 - 1731992070.8638062]: 0.2134374976158142
python GlobalMagnitudePruningModifier [3133 - 1731992072.0328739]: Calling update with:
args: <class '__main__.SimpleSparseNet'>| <class 'torch.optim.sgd.SGD'>| 
kwargs: epoch: 2.004478566858605| steps_per_epoch: 1563| 
python GlobalMagnitudePruningModifier [3133 - 1731992072.0344007]: 
Returned: <class 'NoneType'>| 

python ParamPruning/fc1.weight [3133 - 1731992072.0345545]: 0.5881500244140625
python ParamPruning/fc2.weight [3133 - 1731992072.034632]: 0.2705078125
python ParamPruning/fc3.weight [3133 - 1731992072.0346887]: 0.23124998807907104
python GlobalMagnitudePruningModifier [3290 - 1731992072.4676979]: Calling update with:
args: <class '__main__.SimpleSparseNet'>| <class 'torch.optim.sgd.SGD'>| 
kwargs: epoch: 2.1049264235444656| steps_per_epoch: 1563| 
python GlobalMagnitudePruningModifier [3290 - 1731992072.468536]: 
Returned: <class 'NoneType'>| 

python ParamPruning/fc1.weight [3290 - 1731992072.468679]: 0.6202901601791382
python ParamPruning/fc2.weight [3290 - 1731992072.4687536]: 0.28857421875
python ParamPruning/fc3.weight [3290 - 1731992072.4688294]: 0.2434374988079071
python GlobalMagnitudePruningModifier [3447 - 1731992072.9139981]: Calling update with:
args: <class '__main__.SimpleSparseNet'>| <class 'torch.optim.sgd.SGD'>| 
kwargs: epoch: 2.2053742802303264| steps_per_epoch: 1563| 
python GlobalMagnitudePruningModifier [3447 - 1731992072.9156215]: 
Returned: <class 'NoneType'>| 

python ParamPruning/fc1.weight [3447 - 1731992072.9158065]: 0.649139404296875
python ParamPruning/fc2.weight [3447 - 1731992072.9161906]: 0.3046875
python ParamPruning/fc3.weight [3447 - 1731992072.916588]: 0.2581250071525574
python GlobalMagnitudePruningModifier [3604 - 1731992073.3920207]: Calling update with:
args: <class '__main__.SimpleSparseNet'>| <class 'torch.optim.sgd.SGD'>| 
kwargs: epoch: 2.305822136916187| steps_per_epoch: 1563| 
python GlobalMagnitudePruningModifier [3604 - 1731992073.392842]: 
Returned: <class 'NoneType'>| 

python ParamPruning/fc1.weight [3604 - 1731992073.3929853]: 0.6749267578125
python ParamPruning/fc2.weight [3604 - 1731992073.3930552]: 0.31982421875
python ParamPruning/fc3.weight [3604 - 1731992073.3931313]: 0.2712499797344208
python GlobalMagnitudePruningModifier [3761 - 1731992073.816511]: Calling update with:
args: <class '__main__.SimpleSparseNet'>| <class 'torch.optim.sgd.SGD'>| 
kwargs: epoch: 2.4062699936020473| steps_per_epoch: 1563| 
python GlobalMagnitudePruningModifier [3761 - 1731992073.817327]: 
Returned: <class 'NoneType'>| 

python ParamPruning/fc1.weight [3761 - 1731992073.817465]: 0.6978403925895691
python ParamPruning/fc2.weight [3761 - 1731992073.8175266]: 0.3349609375
python ParamPruning/fc3.weight [3761 - 1731992073.817585]: 0.28125
python GlobalMagnitudePruningModifier [3918 - 1731992074.2304223]: Calling update with:
args: <class '__main__.SimpleSparseNet'>| <class 'torch.optim.sgd.SGD'>| 
kwargs: epoch: 2.5067178502879077| steps_per_epoch: 1563| 
python GlobalMagnitudePruningModifier [3918 - 1731992074.231251]: 
Returned: <class 'NoneType'>| 

python ParamPruning/fc1.weight [3918 - 1731992074.2314174]: 0.7181040644645691
python ParamPruning/fc2.weight [3918 - 1731992074.231492]: 0.345703125
python ParamPruning/fc3.weight [3918 - 1731992074.2315702]: 0.2878125011920929
python GlobalMagnitudePruningModifier [4075 - 1731992074.6498523]: Calling update with:
args: <class '__main__.SimpleSparseNet'>| <class 'torch.optim.sgd.SGD'>| 
kwargs: epoch: 2.6071657069737686| steps_per_epoch: 1563| 
python GlobalMagnitudePruningModifier [4075 - 1731992074.6506765]: 
Returned: <class 'NoneType'>| 

python ParamPruning/fc1.weight [4075 - 1731992074.6508336]: 0.7357279658317566
python ParamPruning/fc2.weight [4075 - 1731992074.650962]: 0.35791015625
python ParamPruning/fc3.weight [4075 - 1731992074.6510396]: 0.2971875071525574
python GlobalMagnitudePruningModifier [4232 - 1731992075.0805445]: Calling update with:
args: <class '__main__.SimpleSparseNet'>| <class 'torch.optim.sgd.SGD'>| 
kwargs: epoch: 2.707613563659629| steps_per_epoch: 1563| 
python GlobalMagnitudePruningModifier [4232 - 1731992075.081325]: 
Returned: <class 'NoneType'>| 

python ParamPruning/fc1.weight [4232 - 1731992075.081445]: 0.7510172724723816
python ParamPruning/fc2.weight [4232 - 1731992075.08151]: 0.36767578125
python ParamPruning/fc3.weight [4232 - 1731992075.0815651]: 0.3037499785423279
python GlobalMagnitudePruningModifier [4389 - 1731992075.4890964]: Calling update with:
args: <class '__main__.SimpleSparseNet'>| <class 'torch.optim.sgd.SGD'>| 
kwargs: epoch: 2.8080614203454894| steps_per_epoch: 1563| 
python GlobalMagnitudePruningModifier [4389 - 1731992075.489859]: 
Returned: <class 'NoneType'>| 

python ParamPruning/fc1.weight [4389 - 1731992075.489982]: 0.7640737295150757
python ParamPruning/fc2.weight [4389 - 1731992075.4900477]: 0.37744140625
python ParamPruning/fc3.weight [4389 - 1731992075.4901047]: 0.31062498688697815
python GlobalMagnitudePruningModifier [4546 - 1731992075.902873]: Calling update with:
args: <class '__main__.SimpleSparseNet'>| <class 'torch.optim.sgd.SGD'>| 
kwargs: epoch: 2.90850927703135| steps_per_epoch: 1563| 
python GlobalMagnitudePruningModifier [4546 - 1731992075.9036548]: 
Returned: <class 'NoneType'>| 

python ParamPruning/fc1.weight [4546 - 1731992075.9037752]: 0.7750905752182007
python ParamPruning/fc2.weight [4546 - 1731992075.9038556]: 0.38330078125
python ParamPruning/fc3.weight [4546 - 1731992075.903932]: 0.3187499940395355
python GlobalMagnitudePruningModifier [4703 - 1731992077.032493]: Calling update with:
args: <class '__main__.SimpleSparseNet'>| <class 'torch.optim.sgd.SGD'>| 
kwargs: epoch: 3.0089571337172103| steps_per_epoch: 1563| 
python GlobalMagnitudePruningModifier [4703 - 1731992077.0339892]: 
Returned: <class 'NoneType'>| 

python ParamPruning/fc1.weight [4703 - 1731992077.0341198]: 0.7842203974723816
python ParamPruning/fc2.weight [4703 - 1731992077.0341926]: 0.39013671875
python ParamPruning/fc3.weight [4703 - 1731992077.0342462]: 0.32624998688697815
python GlobalMagnitudePruningModifier [4860 - 1731992077.4862237]: Calling update with:
args: <class '__main__.SimpleSparseNet'>| <class 'torch.optim.sgd.SGD'>| 
kwargs: epoch: 3.109404990403071| steps_per_epoch: 1563| 
python GlobalMagnitudePruningModifier [4860 - 1731992077.4871683]: 
Returned: <class 'NoneType'>| 

python ParamPruning/fc1.weight [4860 - 1731992077.487312]: 0.7916361689567566
python ParamPruning/fc2.weight [4860 - 1731992077.4874182]: 0.39599609375
python ParamPruning/fc3.weight [4860 - 1731992077.487505]: 0.3346875011920929
python GlobalMagnitudePruningModifier [5017 - 1731992077.9640133]: Calling update with:
args: <class '__main__.SimpleSparseNet'>| <class 'torch.optim.sgd.SGD'>| 
kwargs: epoch: 3.2098528470889316| steps_per_epoch: 1563| 
python GlobalMagnitudePruningModifier [5017 - 1731992077.9656162]: 
Returned: <class 'NoneType'>| 

python ParamPruning/fc1.weight [5017 - 1731992077.9658175]: 0.797637939453125
python ParamPruning/fc2.weight [5017 - 1731992077.966261]: 0.39892578125
python ParamPruning/fc3.weight [5017 - 1731992077.9664795]: 0.3375000059604645
python GlobalMagnitudePruningModifier [5174 - 1731992078.4272923]: Calling update with:
args: <class '__main__.SimpleSparseNet'>| <class 'torch.optim.sgd.SGD'>| 
kwargs: epoch: 3.310300703774792| steps_per_epoch: 1563| 
python GlobalMagnitudePruningModifier [5174 - 1731992078.4281085]: 
Returned: <class 'NoneType'>| 

python ParamPruning/fc1.weight [5174 - 1731992078.4282122]: 0.8022054433822632
python ParamPruning/fc2.weight [5174 - 1731992078.4282804]: 0.40673828125
python ParamPruning/fc3.weight [5174 - 1731992078.4283385]: 0.3412500023841858
python GlobalMagnitudePruningModifier [5331 - 1731992078.8797035]: Calling update with:
args: <class '__main__.SimpleSparseNet'>| <class 'torch.optim.sgd.SGD'>| 
kwargs: epoch: 3.4107485604606524| steps_per_epoch: 1563| 
python GlobalMagnitudePruningModifier [5331 - 1731992078.8805182]: 
Returned: <class 'NoneType'>| 

python ParamPruning/fc1.weight [5331 - 1731992078.8806446]: 0.8056386709213257
python ParamPruning/fc2.weight [5331 - 1731992078.8807144]: 0.408203125
python ParamPruning/fc3.weight [5331 - 1731992078.880782]: 0.34593749046325684
python GlobalMagnitudePruningModifier [5488 - 1731992079.3265157]: Calling update with:
args: <class '__main__.SimpleSparseNet'>| <class 'torch.optim.sgd.SGD'>| 
kwargs: epoch: 3.511196417146513| steps_per_epoch: 1563| 
python GlobalMagnitudePruningModifier [5488 - 1731992079.327328]: 
Returned: <class 'NoneType'>| 

python ParamPruning/fc1.weight [5488 - 1731992079.3274434]: 0.8080953359603882
python ParamPruning/fc2.weight [5488 - 1731992079.3275115]: 0.4111328125
python ParamPruning/fc3.weight [5488 - 1731992079.3275704]: 0.34687498211860657
python GlobalMagnitudePruningModifier [5645 - 1731992079.784321]: Calling update with:
args: <class '__main__.SimpleSparseNet'>| <class 'torch.optim.sgd.SGD'>| 
kwargs: epoch: 3.6116442738323737| steps_per_epoch: 1563| 
python GlobalMagnitudePruningModifier [5645 - 1731992079.7851548]: 
Returned: <class 'NoneType'>| 

python ParamPruning/fc1.weight [5645 - 1731992079.785283]: 0.8097025752067566
python ParamPruning/fc2.weight [5645 - 1731992079.7853613]: 0.41162109375
python ParamPruning/fc3.weight [5645 - 1731992079.7854242]: 0.34968748688697815
python GlobalMagnitudePruningModifier [5802 - 1731992080.199938]: Calling update with:
args: <class '__main__.SimpleSparseNet'>| <class 'torch.optim.sgd.SGD'>| 
kwargs: epoch: 3.712092130518234| steps_per_epoch: 1563| 
python GlobalMagnitudePruningModifier [5802 - 1731992080.2007053]: 
Returned: <class 'NoneType'>| 

python ParamPruning/fc1.weight [5802 - 1731992080.200826]: 0.8106231689453125
python ParamPruning/fc2.weight [5802 - 1731992080.2009065]: 0.41552734375
python ParamPruning/fc3.weight [5802 - 1731992080.2009816]: 0.3515625
python GlobalMagnitudePruningModifier [5959 - 1731992080.6167407]: Calling update with:
args: <class '__main__.SimpleSparseNet'>| <class 'torch.optim.sgd.SGD'>| 
kwargs: epoch: 3.8125399872040946| steps_per_epoch: 1563| 
python GlobalMagnitudePruningModifier [5959 - 1731992080.6175659]: 
Returned: <class 'NoneType'>| 

python ParamPruning/fc1.weight [5959 - 1731992080.6176972]: 0.8110758662223816
python ParamPruning/fc2.weight [5959 - 1731992080.6177735]: 0.41796875
python ParamPruning/fc3.weight [5959 - 1731992080.617867]: 0.35249999165534973
python GlobalMagnitudePruningModifier [6116 - 1731992081.0468578]: Calling update with:
args: <class '__main__.SimpleSparseNet'>| <class 'torch.optim.sgd.SGD'>| 
kwargs: epoch: 3.9129878438899555| steps_per_epoch: 1563| 
python GlobalMagnitudePruningModifier [6116 - 1731992081.0476973]: 
Returned: <class 'NoneType'>| 

python ParamPruning/fc1.weight [6116 - 1731992081.0478132]: 0.8111979365348816
python ParamPruning/fc2.weight [6116 - 1731992081.0478919]: 0.41943359375
python ParamPruning/fc3.weight [6116 - 1731992081.0479558]: 0.3543750047683716
