Logging all SparseML modifier-level logs to sparse_logs/19-11-2024_10.47.38.log
python GlobalMagnitudePruningModifier [1563 - 1731993463.5964596]: Calling update with:
args: <class '__main__.SimpleSparseNet'>| <class 'torch.optim.sgd.SGD'>| 
kwargs: epoch: 1.0| steps_per_epoch: 1563| 
python GlobalMagnitudePruningModifier [1563 - 1731993463.6215324]: 
Returned: <class 'NoneType'>| 

python ParamPruning/fc1.weight [1563 - 1731993463.6217415]: 0.050994873046875
python ParamPruning/fc2.weight [1563 - 1731993463.6220565]: 0.01416015625
python ParamPruning/fc3.weight [1563 - 1731993463.6224804]: 0.011874999850988388
python GlobalMagnitudePruningModifier [1720 - 1731993464.0736096]: Calling update with:
args: <class '__main__.SimpleSparseNet'>| <class 'torch.optim.sgd.SGD'>| 
kwargs: epoch: 1.1004478566858604| steps_per_epoch: 1563| 
python GlobalMagnitudePruningModifier [1720 - 1731993464.0744352]: 
Returned: <class 'NoneType'>| 

python ParamPruning/fc1.weight [1720 - 1731993464.0745504]: 0.1055399626493454
python ParamPruning/fc2.weight [1720 - 1731993464.074611]: 0.02587890625
python ParamPruning/fc3.weight [1720 - 1731993464.0746696]: 0.022499999031424522
python GlobalMagnitudePruningModifier [1877 - 1731993464.5249817]: Calling update with:
args: <class '__main__.SimpleSparseNet'>| <class 'torch.optim.sgd.SGD'>| 
kwargs: epoch: 1.200895713371721| steps_per_epoch: 1563| 
python GlobalMagnitudePruningModifier [1877 - 1731993464.5258002]: 
Returned: <class 'NoneType'>| 

python ParamPruning/fc1.weight [1877 - 1731993464.5259292]: 0.1561025083065033
python ParamPruning/fc2.weight [1877 - 1731993464.5260158]: 0.04931640625
python ParamPruning/fc3.weight [1877 - 1731993464.5260754]: 0.044999998062849045
python GlobalMagnitudePruningModifier [2034 - 1731993464.979032]: Calling update with:
args: <class '__main__.SimpleSparseNet'>| <class 'torch.optim.sgd.SGD'>| 
kwargs: epoch: 1.3013435700575815| steps_per_epoch: 1563| 
python GlobalMagnitudePruningModifier [2034 - 1731993464.9798577]: 
Returned: <class 'NoneType'>| 

python ParamPruning/fc1.weight [2034 - 1731993464.97998]: 0.2031199187040329
python ParamPruning/fc2.weight [2034 - 1731993464.9800422]: 0.07275390625
python ParamPruning/fc3.weight [2034 - 1731993464.9800987]: 0.06749999523162842
python GlobalMagnitudePruningModifier [2191 - 1731993465.4285147]: Calling update with:
args: <class '__main__.SimpleSparseNet'>| <class 'torch.optim.sgd.SGD'>| 
kwargs: epoch: 1.4017914267434421| steps_per_epoch: 1563| 
python GlobalMagnitudePruningModifier [2191 - 1731993465.429343]: 
Returned: <class 'NoneType'>| 

python ParamPruning/fc1.weight [2191 - 1731993465.4294598]: 0.2467091977596283
python ParamPruning/fc2.weight [2191 - 1731993465.429537]: 0.1005859375
python ParamPruning/fc3.weight [2191 - 1731993465.429598]: 0.08781249821186066
python GlobalMagnitudePruningModifier [2348 - 1731993465.8808925]: Calling update with:
args: <class '__main__.SimpleSparseNet'>| <class 'torch.optim.sgd.SGD'>| 
kwargs: epoch: 1.5022392834293026| steps_per_epoch: 1563| 
python GlobalMagnitudePruningModifier [2348 - 1731993465.8816922]: 
Returned: <class 'NoneType'>| 

python ParamPruning/fc1.weight [2348 - 1731993465.8818405]: 0.2869212031364441
python ParamPruning/fc2.weight [2348 - 1731993465.8819065]: 0.13330078125
python ParamPruning/fc3.weight [2348 - 1731993465.8819742]: 0.1106249988079071
python GlobalMagnitudePruningModifier [2505 - 1731993466.2910278]: Calling update with:
args: <class '__main__.SimpleSparseNet'>| <class 'torch.optim.sgd.SGD'>| 
kwargs: epoch: 1.602687140115163| steps_per_epoch: 1563| 
python GlobalMagnitudePruningModifier [2505 - 1731993466.2918396]: 
Returned: <class 'NoneType'>| 

python ParamPruning/fc1.weight [2505 - 1731993466.2919881]: 0.324005126953125
python ParamPruning/fc2.weight [2505 - 1731993466.2920601]: 0.15869140625
python ParamPruning/fc3.weight [2505 - 1731993466.2921255]: 0.13593749701976776
python GlobalMagnitudePruningModifier [2662 - 1731993466.6989002]: Calling update with:
args: <class '__main__.SimpleSparseNet'>| <class 'torch.optim.sgd.SGD'>| 
kwargs: epoch: 1.7031349968010236| steps_per_epoch: 1563| 
python GlobalMagnitudePruningModifier [2662 - 1731993466.699688]: 
Returned: <class 'NoneType'>| 

python ParamPruning/fc1.weight [2662 - 1731993466.6998148]: 0.3581950068473816
python ParamPruning/fc2.weight [2662 - 1731993466.6998963]: 0.18115234375
python ParamPruning/fc3.weight [2662 - 1731993466.6999834]: 0.15437500178813934
python GlobalMagnitudePruningModifier [2819 - 1731993467.1309373]: Calling update with:
args: <class '__main__.SimpleSparseNet'>| <class 'torch.optim.sgd.SGD'>| 
kwargs: epoch: 1.8035828534868843| steps_per_epoch: 1563| 
python GlobalMagnitudePruningModifier [2819 - 1731993467.131755]: 
Returned: <class 'NoneType'>| 

python ParamPruning/fc1.weight [2819 - 1731993467.131893]: 0.3895009458065033
python ParamPruning/fc2.weight [2819 - 1731993467.1319668]: 0.203125
python ParamPruning/fc3.weight [2819 - 1731993467.1320484]: 0.17156249284744263
python GlobalMagnitudePruningModifier [2976 - 1731993467.5399168]: Calling update with:
args: <class '__main__.SimpleSparseNet'>| <class 'torch.optim.sgd.SGD'>| 
kwargs: epoch: 1.9040307101727447| steps_per_epoch: 1563| 
python GlobalMagnitudePruningModifier [2976 - 1731993467.5406873]: 
Returned: <class 'NoneType'>| 

python ParamPruning/fc1.weight [2976 - 1731993467.5408254]: 0.41815185546875
python ParamPruning/fc2.weight [2976 - 1731993467.540898]: 0.2197265625
python ParamPruning/fc3.weight [2976 - 1731993467.5409563]: 0.18437500298023224
python GlobalMagnitudePruningModifier [3133 - 1731993468.6703594]: Calling update with:
args: <class '__main__.SimpleSparseNet'>| <class 'torch.optim.sgd.SGD'>| 
kwargs: epoch: 2.004478566858605| steps_per_epoch: 1563| 
python GlobalMagnitudePruningModifier [3133 - 1731993468.6713686]: 
Returned: <class 'NoneType'>| 

python ParamPruning/fc1.weight [3133 - 1731993468.6715107]: 0.4440968930721283
python ParamPruning/fc2.weight [3133 - 1731993468.6716037]: 0.23876953125
python ParamPruning/fc3.weight [3133 - 1731993468.671654]: 0.1990624964237213
python GlobalMagnitudePruningModifier [3290 - 1731993469.085447]: Calling update with:
args: <class '__main__.SimpleSparseNet'>| <class 'torch.optim.sgd.SGD'>| 
kwargs: epoch: 2.1049264235444656| steps_per_epoch: 1563| 
python GlobalMagnitudePruningModifier [3290 - 1731993469.086237]: 
Returned: <class 'NoneType'>| 

python ParamPruning/fc1.weight [3290 - 1731993469.086373]: 0.4676513671875
python ParamPruning/fc2.weight [3290 - 1731993469.086436]: 0.251953125
python ParamPruning/fc3.weight [3290 - 1731993469.0864851]: 0.20906250178813934
python GlobalMagnitudePruningModifier [3447 - 1731993469.497348]: Calling update with:
args: <class '__main__.SimpleSparseNet'>| <class 'torch.optim.sgd.SGD'>| 
kwargs: epoch: 2.2053742802303264| steps_per_epoch: 1563| 
python GlobalMagnitudePruningModifier [3447 - 1731993469.4981487]: 
Returned: <class 'NoneType'>| 

python ParamPruning/fc1.weight [3447 - 1731993469.4982896]: 0.4887593686580658
python ParamPruning/fc2.weight [3447 - 1731993469.4983535]: 0.26953125
python ParamPruning/fc3.weight [3447 - 1731993469.4984055]: 0.21906249225139618
python GlobalMagnitudePruningModifier [3604 - 1731993469.9115999]: Calling update with:
args: <class '__main__.SimpleSparseNet'>| <class 'torch.optim.sgd.SGD'>| 
kwargs: epoch: 2.305822136916187| steps_per_epoch: 1563| 
python GlobalMagnitudePruningModifier [3604 - 1731993469.9123826]: 
Returned: <class 'NoneType'>| 

python ParamPruning/fc1.weight [3604 - 1731993469.9125223]: 0.5076040029525757
python ParamPruning/fc2.weight [3604 - 1731993469.9125865]: 0.2822265625
python ParamPruning/fc3.weight [3604 - 1731993469.912635]: 0.2318749874830246
python GlobalMagnitudePruningModifier [3761 - 1731993470.32478]: Calling update with:
args: <class '__main__.SimpleSparseNet'>| <class 'torch.optim.sgd.SGD'>| 
kwargs: epoch: 2.4062699936020473| steps_per_epoch: 1563| 
python GlobalMagnitudePruningModifier [3761 - 1731993470.325587]: 
Returned: <class 'NoneType'>| 

python ParamPruning/fc1.weight [3761 - 1731993470.325726]: 0.5243886709213257
python ParamPruning/fc2.weight [3761 - 1731993470.3258004]: 0.29296875
python ParamPruning/fc3.weight [3761 - 1731993470.325868]: 0.24062499403953552
python GlobalMagnitudePruningModifier [3918 - 1731993470.7544804]: Calling update with:
args: <class '__main__.SimpleSparseNet'>| <class 'torch.optim.sgd.SGD'>| 
kwargs: epoch: 2.5067178502879077| steps_per_epoch: 1563| 
python GlobalMagnitudePruningModifier [3918 - 1731993470.755271]: 
Returned: <class 'NoneType'>| 

python ParamPruning/fc1.weight [3918 - 1731993470.7554054]: 0.5391693115234375
python ParamPruning/fc2.weight [3918 - 1731993470.7554722]: 0.3017578125
python ParamPruning/fc3.weight [3918 - 1731993470.7555263]: 0.24968749284744263
python GlobalMagnitudePruningModifier [4075 - 1731993471.1928911]: Calling update with:
args: <class '__main__.SimpleSparseNet'>| <class 'torch.optim.sgd.SGD'>| 
kwargs: epoch: 2.6071657069737686| steps_per_epoch: 1563| 
python GlobalMagnitudePruningModifier [4075 - 1731993471.193675]: 
Returned: <class 'NoneType'>| 

python ParamPruning/fc1.weight [4075 - 1731993471.193813]: 0.5521189570426941
python ParamPruning/fc2.weight [4075 - 1731993471.1938748]: 0.30859375
python ParamPruning/fc3.weight [4075 - 1731993471.1939228]: 0.2562499940395355
python GlobalMagnitudePruningModifier [4232 - 1731993471.6060643]: Calling update with:
args: <class '__main__.SimpleSparseNet'>| <class 'torch.optim.sgd.SGD'>| 
kwargs: epoch: 2.707613563659629| steps_per_epoch: 1563| 
python GlobalMagnitudePruningModifier [4232 - 1731993471.6068401]: 
Returned: <class 'NoneType'>| 

python ParamPruning/fc1.weight [4232 - 1731993471.6069517]: 0.5632883906364441
python ParamPruning/fc2.weight [4232 - 1731993471.6070137]: 0.31591796875
python ParamPruning/fc3.weight [4232 - 1731993471.6070623]: 0.26374998688697815
python GlobalMagnitudePruningModifier [4389 - 1731993472.0202174]: Calling update with:
args: <class '__main__.SimpleSparseNet'>| <class 'torch.optim.sgd.SGD'>| 
kwargs: epoch: 2.8080614203454894| steps_per_epoch: 1563| 
python GlobalMagnitudePruningModifier [4389 - 1731993472.021004]: 
Returned: <class 'NoneType'>| 

python ParamPruning/fc1.weight [4389 - 1731993472.0211394]: 0.57275390625
python ParamPruning/fc2.weight [4389 - 1731993472.0212038]: 0.328125
python ParamPruning/fc3.weight [4389 - 1731993472.021252]: 0.2721875011920929
python GlobalMagnitudePruningModifier [4546 - 1731993472.4342773]: Calling update with:
args: <class '__main__.SimpleSparseNet'>| <class 'torch.optim.sgd.SGD'>| 
kwargs: epoch: 2.90850927703135| steps_per_epoch: 1563| 
python GlobalMagnitudePruningModifier [4546 - 1731993472.435136]: 
Returned: <class 'NoneType'>| 

python ParamPruning/fc1.weight [4546 - 1731993472.4353025]: 0.5807952880859375
python ParamPruning/fc2.weight [4546 - 1731993472.4353664]: 0.3359375
python ParamPruning/fc3.weight [4546 - 1731993472.4354198]: 0.27812498807907104
python GlobalMagnitudePruningModifier [4703 - 1731993473.586051]: Calling update with:
args: <class '__main__.SimpleSparseNet'>| <class 'torch.optim.sgd.SGD'>| 
kwargs: epoch: 3.0089571337172103| steps_per_epoch: 1563| 
python GlobalMagnitudePruningModifier [4703 - 1731993473.5870767]: 
Returned: <class 'NoneType'>| 

python ParamPruning/fc1.weight [4703 - 1731993473.5872428]: 0.5874888300895691
python ParamPruning/fc2.weight [4703 - 1731993473.5873125]: 0.3408203125
python ParamPruning/fc3.weight [4703 - 1731993473.5873635]: 0.2837499976158142
python GlobalMagnitudePruningModifier [4860 - 1731993474.0391161]: Calling update with:
args: <class '__main__.SimpleSparseNet'>| <class 'torch.optim.sgd.SGD'>| 
kwargs: epoch: 3.109404990403071| steps_per_epoch: 1563| 
python GlobalMagnitudePruningModifier [4860 - 1731993474.0412998]: 
Returned: <class 'NoneType'>| 

python ParamPruning/fc1.weight [4860 - 1731993474.0414395]: 0.5929362177848816
python ParamPruning/fc2.weight [4860 - 1731993474.041502]: 0.34521484375
python ParamPruning/fc3.weight [4860 - 1731993474.0415497]: 0.2893750071525574
python GlobalMagnitudePruningModifier [5017 - 1731993474.5167987]: Calling update with:
args: <class '__main__.SimpleSparseNet'>| <class 'torch.optim.sgd.SGD'>| 
kwargs: epoch: 3.2098528470889316| steps_per_epoch: 1563| 
python GlobalMagnitudePruningModifier [5017 - 1731993474.5175884]: 
Returned: <class 'NoneType'>| 

python ParamPruning/fc1.weight [5017 - 1731993474.5177255]: 0.5972544550895691
python ParamPruning/fc2.weight [5017 - 1731993474.5177906]: 0.35302734375
python ParamPruning/fc3.weight [5017 - 1731993474.5178423]: 0.2928124964237213
python GlobalMagnitudePruningModifier [5174 - 1731993474.9875498]: Calling update with:
args: <class '__main__.SimpleSparseNet'>| <class 'torch.optim.sgd.SGD'>| 
kwargs: epoch: 3.310300703774792| steps_per_epoch: 1563| 
python GlobalMagnitudePruningModifier [5174 - 1731993474.9883971]: 
Returned: <class 'NoneType'>| 

python ParamPruning/fc1.weight [5174 - 1731993474.9885583]: 0.6005859375
python ParamPruning/fc2.weight [5174 - 1731993474.988627]: 0.35888671875
python ParamPruning/fc3.weight [5174 - 1731993474.9886918]: 0.296875
python GlobalMagnitudePruningModifier [5331 - 1731993475.4525657]: Calling update with:
args: <class '__main__.SimpleSparseNet'>| <class 'torch.optim.sgd.SGD'>| 
kwargs: epoch: 3.4107485604606524| steps_per_epoch: 1563| 
python GlobalMagnitudePruningModifier [5331 - 1731993475.453537]: 
Returned: <class 'NoneType'>| 

python ParamPruning/fc1.weight [5331 - 1731993475.4536633]: 0.6030629873275757
python ParamPruning/fc2.weight [5331 - 1731993475.4537494]: 0.36376953125
python ParamPruning/fc3.weight [5331 - 1731993475.4538171]: 0.29999998211860657
python GlobalMagnitudePruningModifier [5488 - 1731993475.9357324]: Calling update with:
args: <class '__main__.SimpleSparseNet'>| <class 'torch.optim.sgd.SGD'>| 
kwargs: epoch: 3.511196417146513| steps_per_epoch: 1563| 
python GlobalMagnitudePruningModifier [5488 - 1731993475.9366546]: 
Returned: <class 'NoneType'>| 

python ParamPruning/fc1.weight [5488 - 1731993475.9367995]: 0.6047922968864441
python ParamPruning/fc2.weight [5488 - 1731993475.9368832]: 0.3671875
python ParamPruning/fc3.weight [5488 - 1731993475.936952]: 0.3043749928474426
python GlobalMagnitudePruningModifier [5645 - 1731993476.4319568]: Calling update with:
args: <class '__main__.SimpleSparseNet'>| <class 'torch.optim.sgd.SGD'>| 
kwargs: epoch: 3.6116442738323737| steps_per_epoch: 1563| 
python GlobalMagnitudePruningModifier [5645 - 1731993476.4327724]: 
Returned: <class 'NoneType'>| 

python ParamPruning/fc1.weight [5645 - 1731993476.4329197]: 0.6059621572494507
python ParamPruning/fc2.weight [5645 - 1731993476.432985]: 0.369140625
python ParamPruning/fc3.weight [5645 - 1731993476.4330375]: 0.3062500059604645
python GlobalMagnitudePruningModifier [5802 - 1731993476.8896146]: Calling update with:
args: <class '__main__.SimpleSparseNet'>| <class 'torch.optim.sgd.SGD'>| 
kwargs: epoch: 3.712092130518234| steps_per_epoch: 1563| 
python GlobalMagnitudePruningModifier [5802 - 1731993476.8904402]: 
Returned: <class 'NoneType'>| 

python ParamPruning/fc1.weight [5802 - 1731993476.890588]: 0.6066233515739441
python ParamPruning/fc2.weight [5802 - 1731993476.8906527]: 0.3701171875
python ParamPruning/fc3.weight [5802 - 1731993476.8907151]: 0.30937498807907104
python GlobalMagnitudePruningModifier [5959 - 1731993477.3421288]: Calling update with:
args: <class '__main__.SimpleSparseNet'>| <class 'torch.optim.sgd.SGD'>| 
kwargs: epoch: 3.8125399872040946| steps_per_epoch: 1563| 
python GlobalMagnitudePruningModifier [5959 - 1731993477.3429685]: 
Returned: <class 'NoneType'>| 

python ParamPruning/fc1.weight [5959 - 1731993477.3431122]: 0.6069437861442566
python ParamPruning/fc2.weight [5959 - 1731993477.343189]: 0.373046875
python ParamPruning/fc3.weight [5959 - 1731993477.343258]: 0.3103124797344208
python GlobalMagnitudePruningModifier [6116 - 1731993477.8063607]: Calling update with:
args: <class '__main__.SimpleSparseNet'>| <class 'torch.optim.sgd.SGD'>| 
kwargs: epoch: 3.9129878438899555| steps_per_epoch: 1563| 
python GlobalMagnitudePruningModifier [6116 - 1731993477.807167]: 
Returned: <class 'NoneType'>| 

python ParamPruning/fc1.weight [6116 - 1731993477.8072956]: 0.6070505976676941
python ParamPruning/fc2.weight [6116 - 1731993477.8073661]: 0.37451171875
python ParamPruning/fc3.weight [6116 - 1731993477.8074186]: 0.3103124797344208
python GlobalMagnitudePruningModifier [1563 - 1731993489.7820187]: Calling update with:
args: <class '__main__.SimpleSparseNet'>| <class 'torch.optim.sgd.SGD'>| 
kwargs: epoch: 1.0| steps_per_epoch: 1563| 
python GlobalMagnitudePruningModifier [1563 - 1731993489.7834976]: 
Returned: <class 'NoneType'>| 

python ParamPruning/fc1.weight [1563 - 1731993489.7837207]: 0.0510813407599926
python ParamPruning/fc2.weight [1563 - 1731993489.7838678]: 0.00830078125
python ParamPruning/fc3.weight [1563 - 1731993489.7839525]: 0.010312499478459358
python GlobalMagnitudePruningModifier [1720 - 1731993490.2123837]: Calling update with:
args: <class '__main__.SimpleSparseNet'>| <class 'torch.optim.sgd.SGD'>| 
kwargs: epoch: 1.1004478566858604| steps_per_epoch: 1563| 
python GlobalMagnitudePruningModifier [1720 - 1731993490.2131832]: 
Returned: <class 'NoneType'>| 

python ParamPruning/fc1.weight [1720 - 1731993490.21332]: 0.1153564453125
python ParamPruning/fc2.weight [1720 - 1731993490.213386]: 0.029296875
python ParamPruning/fc3.weight [1720 - 1731993490.2134387]: 0.029999999329447746
python GlobalMagnitudePruningModifier [1877 - 1731993490.6411185]: Calling update with:
args: <class '__main__.SimpleSparseNet'>| <class 'torch.optim.sgd.SGD'>| 
kwargs: epoch: 1.200895713371721| steps_per_epoch: 1563| 
python GlobalMagnitudePruningModifier [1877 - 1731993490.6419075]: 
Returned: <class 'NoneType'>| 

python ParamPruning/fc1.weight [1877 - 1731993490.6420639]: 0.1751861572265625
python ParamPruning/fc2.weight [1877 - 1731993490.6421282]: 0.0595703125
python ParamPruning/fc3.weight [1877 - 1731993490.6421983]: 0.050312500447034836
python GlobalMagnitudePruningModifier [2034 - 1731993491.0785336]: Calling update with:
args: <class '__main__.SimpleSparseNet'>| <class 'torch.optim.sgd.SGD'>| 
kwargs: epoch: 1.3013435700575815| steps_per_epoch: 1563| 
python GlobalMagnitudePruningModifier [2034 - 1731993491.0793433]: 
Returned: <class 'NoneType'>| 

python ParamPruning/fc1.weight [2034 - 1731993491.0794876]: 0.230743408203125
python ParamPruning/fc2.weight [2034 - 1731993491.0795553]: 0.0869140625
python ParamPruning/fc3.weight [2034 - 1731993491.079607]: 0.07750000059604645
python GlobalMagnitudePruningModifier [2191 - 1731993491.5205498]: Calling update with:
args: <class '__main__.SimpleSparseNet'>| <class 'torch.optim.sgd.SGD'>| 
kwargs: epoch: 1.4017914267434421| steps_per_epoch: 1563| 
python GlobalMagnitudePruningModifier [2191 - 1731993491.5213826]: 
Returned: <class 'NoneType'>| 

python ParamPruning/fc1.weight [2191 - 1731993491.5215461]: 0.2823028564453125
python ParamPruning/fc2.weight [2191 - 1731993491.5216143]: 0.115234375
python ParamPruning/fc3.weight [2191 - 1731993491.5216682]: 0.10187499970197678
python GlobalMagnitudePruningModifier [2348 - 1731993492.0111363]: Calling update with:
args: <class '__main__.SimpleSparseNet'>| <class 'torch.optim.sgd.SGD'>| 
kwargs: epoch: 1.5022392834293026| steps_per_epoch: 1563| 
python GlobalMagnitudePruningModifier [2348 - 1731993492.012023]: 
Returned: <class 'NoneType'>| 

python ParamPruning/fc1.weight [2348 - 1731993492.012155]: 0.3299713134765625
python ParamPruning/fc2.weight [2348 - 1731993492.0122209]: 0.1455078125
python ParamPruning/fc3.weight [2348 - 1731993492.0122707]: 0.125
python GlobalMagnitudePruningModifier [2505 - 1731993492.4951634]: Calling update with:
args: <class '__main__.SimpleSparseNet'>| <class 'torch.optim.sgd.SGD'>| 
kwargs: epoch: 1.602687140115163| steps_per_epoch: 1563| 
python GlobalMagnitudePruningModifier [2505 - 1731993492.4959836]: 
Returned: <class 'NoneType'>| 

python ParamPruning/fc1.weight [2505 - 1731993492.4961407]: 0.3739827573299408
python ParamPruning/fc2.weight [2505 - 1731993492.496227]: 0.16552734375
python ParamPruning/fc3.weight [2505 - 1731993492.4962962]: 0.14999999105930328
python GlobalMagnitudePruningModifier [2662 - 1731993492.9783354]: Calling update with:
args: <class '__main__.SimpleSparseNet'>| <class 'torch.optim.sgd.SGD'>| 
kwargs: epoch: 1.7031349968010236| steps_per_epoch: 1563| 
python GlobalMagnitudePruningModifier [2662 - 1731993492.9791517]: 
Returned: <class 'NoneType'>| 

python ParamPruning/fc1.weight [2662 - 1731993492.979318]: 0.4144083857536316
python ParamPruning/fc2.weight [2662 - 1731993492.9794066]: 0.1953125
python ParamPruning/fc3.weight [2662 - 1731993492.979482]: 0.16843749582767487
python GlobalMagnitudePruningModifier [2819 - 1731993493.4502933]: Calling update with:
args: <class '__main__.SimpleSparseNet'>| <class 'torch.optim.sgd.SGD'>| 
kwargs: epoch: 1.8035828534868843| steps_per_epoch: 1563| 
python GlobalMagnitudePruningModifier [2819 - 1731993493.4510925]: 
Returned: <class 'NoneType'>| 

python ParamPruning/fc1.weight [2819 - 1731993493.451231]: 0.4514668881893158
python ParamPruning/fc2.weight [2819 - 1731993493.4512975]: 0.22119140625
python ParamPruning/fc3.weight [2819 - 1731993493.4513533]: 0.18531249463558197
python GlobalMagnitudePruningModifier [2976 - 1731993493.9161086]: Calling update with:
args: <class '__main__.SimpleSparseNet'>| <class 'torch.optim.sgd.SGD'>| 
kwargs: epoch: 1.9040307101727447| steps_per_epoch: 1563| 
python GlobalMagnitudePruningModifier [2976 - 1731993493.9169524]: 
Returned: <class 'NoneType'>| 

python ParamPruning/fc1.weight [2976 - 1731993493.9170752]: 0.4853464961051941
python ParamPruning/fc2.weight [2976 - 1731993493.9171414]: 0.23876953125
python ParamPruning/fc3.weight [2976 - 1731993493.9171932]: 0.2006250023841858
python GlobalMagnitudePruningModifier [3133 - 1731993495.1524565]: Calling update with:
args: <class '__main__.SimpleSparseNet'>| <class 'torch.optim.sgd.SGD'>| 
kwargs: epoch: 2.004478566858605| steps_per_epoch: 1563| 
python GlobalMagnitudePruningModifier [3133 - 1731993495.1534107]: 
Returned: <class 'NoneType'>| 

python ParamPruning/fc1.weight [3133 - 1731993495.1535575]: 0.5160421133041382
python ParamPruning/fc2.weight [3133 - 1731993495.153626]: 0.26171875
python ParamPruning/fc3.weight [3133 - 1731993495.1536863]: 0.21562498807907104
python GlobalMagnitudePruningModifier [3290 - 1731993495.6223214]: Calling update with:
args: <class '__main__.SimpleSparseNet'>| <class 'torch.optim.sgd.SGD'>| 
kwargs: epoch: 2.1049264235444656| steps_per_epoch: 1563| 
python GlobalMagnitudePruningModifier [3290 - 1731993495.6234748]: 
Returned: <class 'NoneType'>| 

python ParamPruning/fc1.weight [3290 - 1731993495.6235993]: 0.5437723994255066
python ParamPruning/fc2.weight [3290 - 1731993495.6236682]: 0.283203125
python ParamPruning/fc3.weight [3290 - 1731993495.6237464]: 0.2303124964237213
python GlobalMagnitudePruningModifier [3447 - 1731993496.1046152]: Calling update with:
args: <class '__main__.SimpleSparseNet'>| <class 'torch.optim.sgd.SGD'>| 
kwargs: epoch: 2.2053742802303264| steps_per_epoch: 1563| 
python GlobalMagnitudePruningModifier [3447 - 1731993496.1054764]: 
Returned: <class 'NoneType'>| 

python ParamPruning/fc1.weight [3447 - 1731993496.105599]: 0.5688731074333191
python ParamPruning/fc2.weight [3447 - 1731993496.1056612]: 0.29248046875
python ParamPruning/fc3.weight [3447 - 1731993496.1057189]: 0.23999999463558197
python GlobalMagnitudePruningModifier [3604 - 1731993496.5856745]: Calling update with:
args: <class '__main__.SimpleSparseNet'>| <class 'torch.optim.sgd.SGD'>| 
kwargs: epoch: 2.305822136916187| steps_per_epoch: 1563| 
python GlobalMagnitudePruningModifier [3604 - 1731993496.586517]: 
Returned: <class 'NoneType'>| 

python ParamPruning/fc1.weight [3604 - 1731993496.586654]: 0.5912679433822632
python ParamPruning/fc2.weight [3604 - 1731993496.5867302]: 0.3046875
python ParamPruning/fc3.weight [3604 - 1731993496.5868146]: 0.24906249344348907
python GlobalMagnitudePruningModifier [3761 - 1731993497.0526059]: Calling update with:
args: <class '__main__.SimpleSparseNet'>| <class 'torch.optim.sgd.SGD'>| 
kwargs: epoch: 2.4062699936020473| steps_per_epoch: 1563| 
python GlobalMagnitudePruningModifier [3761 - 1731993497.05356]: 
Returned: <class 'NoneType'>| 

python ParamPruning/fc1.weight [3761 - 1731993497.0538094]: 0.6111602783203125
python ParamPruning/fc2.weight [3761 - 1731993497.053953]: 0.3154296875
python ParamPruning/fc3.weight [3761 - 1731993497.0540586]: 0.25718748569488525
python GlobalMagnitudePruningModifier [3918 - 1731993497.5476623]: Calling update with:
args: <class '__main__.SimpleSparseNet'>| <class 'torch.optim.sgd.SGD'>| 
kwargs: epoch: 2.5067178502879077| steps_per_epoch: 1563| 
python GlobalMagnitudePruningModifier [3918 - 1731993497.5484757]: 
Returned: <class 'NoneType'>| 

python ParamPruning/fc1.weight [3918 - 1731993497.5486429]: 0.6287028193473816
python ParamPruning/fc2.weight [3918 - 1731993497.548733]: 0.3232421875
python ParamPruning/fc3.weight [3918 - 1731993497.5488107]: 0.26499998569488525
python GlobalMagnitudePruningModifier [4075 - 1731993498.016919]: Calling update with:
args: <class '__main__.SimpleSparseNet'>| <class 'torch.optim.sgd.SGD'>| 
kwargs: epoch: 2.6071657069737686| steps_per_epoch: 1563| 
python GlobalMagnitudePruningModifier [4075 - 1731993498.0177798]: 
Returned: <class 'NoneType'>| 

python ParamPruning/fc1.weight [4075 - 1731993498.017953]: 0.6440175771713257
python ParamPruning/fc2.weight [4075 - 1731993498.0180426]: 0.33056640625
python ParamPruning/fc3.weight [4075 - 1731993498.018116]: 0.27250000834465027
python GlobalMagnitudePruningModifier [4232 - 1731993498.4801078]: Calling update with:
args: <class '__main__.SimpleSparseNet'>| <class 'torch.optim.sgd.SGD'>| 
kwargs: epoch: 2.707613563659629| steps_per_epoch: 1563| 
python GlobalMagnitudePruningModifier [4232 - 1731993498.4809487]: 
Returned: <class 'NoneType'>| 

python ParamPruning/fc1.weight [4232 - 1731993498.481107]: 0.657257080078125
python ParamPruning/fc2.weight [4232 - 1731993498.4812005]: 0.33837890625
python ParamPruning/fc3.weight [4232 - 1731993498.4812722]: 0.27937498688697815
python GlobalMagnitudePruningModifier [4389 - 1731993498.9392579]: Calling update with:
args: <class '__main__.SimpleSparseNet'>| <class 'torch.optim.sgd.SGD'>| 
kwargs: epoch: 2.8080614203454894| steps_per_epoch: 1563| 
python GlobalMagnitudePruningModifier [4389 - 1731993498.9401119]: 
Returned: <class 'NoneType'>| 

python ParamPruning/fc1.weight [4389 - 1731993498.940266]: 0.6685537099838257
python ParamPruning/fc2.weight [4389 - 1731993498.9403708]: 0.34619140625
python ParamPruning/fc3.weight [4389 - 1731993498.9404228]: 0.2868749797344208
python GlobalMagnitudePruningModifier [4546 - 1731993499.4083793]: Calling update with:
args: <class '__main__.SimpleSparseNet'>| <class 'torch.optim.sgd.SGD'>| 
kwargs: epoch: 2.90850927703135| steps_per_epoch: 1563| 
python GlobalMagnitudePruningModifier [4546 - 1731993499.4092336]: 
Returned: <class 'NoneType'>| 

python ParamPruning/fc1.weight [4546 - 1731993499.4093752]: 0.6781412959098816
python ParamPruning/fc2.weight [4546 - 1731993499.409438]: 0.35009765625
python ParamPruning/fc3.weight [4546 - 1731993499.4094877]: 0.29218748211860657
python GlobalMagnitudePruningModifier [4703 - 1731993500.624348]: Calling update with:
args: <class '__main__.SimpleSparseNet'>| <class 'torch.optim.sgd.SGD'>| 
kwargs: epoch: 3.0089571337172103| steps_per_epoch: 1563| 
python GlobalMagnitudePruningModifier [4703 - 1731993500.6259935]: 
Returned: <class 'NoneType'>| 

python ParamPruning/fc1.weight [4703 - 1731993500.6261468]: 0.6860911250114441
python ParamPruning/fc2.weight [4703 - 1731993500.626211]: 0.35791015625
python ParamPruning/fc3.weight [4703 - 1731993500.6262622]: 0.2953124940395355
python GlobalMagnitudePruningModifier [4860 - 1731993501.0607388]: Calling update with:
args: <class '__main__.SimpleSparseNet'>| <class 'torch.optim.sgd.SGD'>| 
kwargs: epoch: 3.109404990403071| steps_per_epoch: 1563| 
python GlobalMagnitudePruningModifier [4860 - 1731993501.061546]: 
Returned: <class 'NoneType'>| 

python ParamPruning/fc1.weight [4860 - 1731993501.0616677]: 0.6925100088119507
python ParamPruning/fc2.weight [4860 - 1731993501.0617292]: 0.36669921875
python ParamPruning/fc3.weight [4860 - 1731993501.061783]: 0.3009375035762787
python GlobalMagnitudePruningModifier [5017 - 1731993501.510831]: Calling update with:
args: <class '__main__.SimpleSparseNet'>| <class 'torch.optim.sgd.SGD'>| 
kwargs: epoch: 3.2098528470889316| steps_per_epoch: 1563| 
python GlobalMagnitudePruningModifier [5017 - 1731993501.5116735]: 
Returned: <class 'NoneType'>| 

python ParamPruning/fc1.weight [5017 - 1731993501.5117998]: 0.6976470947265625
python ParamPruning/fc2.weight [5017 - 1731993501.5118792]: 0.37060546875
python ParamPruning/fc3.weight [5017 - 1731993501.5119462]: 0.3062500059604645
python GlobalMagnitudePruningModifier [5174 - 1731993502.0017145]: Calling update with:
args: <class '__main__.SimpleSparseNet'>| <class 'torch.optim.sgd.SGD'>| 
kwargs: epoch: 3.310300703774792| steps_per_epoch: 1563| 
python GlobalMagnitudePruningModifier [5174 - 1731993502.002645]: 
Returned: <class 'NoneType'>| 

python ParamPruning/fc1.weight [5174 - 1731993502.0028245]: 0.7016195058822632
python ParamPruning/fc2.weight [5174 - 1731993502.002934]: 0.375
python ParamPruning/fc3.weight [5174 - 1731993502.003002]: 0.3103124797344208
python GlobalMagnitudePruningModifier [5331 - 1731993502.4639025]: Calling update with:
args: <class '__main__.SimpleSparseNet'>| <class 'torch.optim.sgd.SGD'>| 
kwargs: epoch: 3.4107485604606524| steps_per_epoch: 1563| 
python GlobalMagnitudePruningModifier [5331 - 1731993502.46475]: 
Returned: <class 'NoneType'>| 

python ParamPruning/fc1.weight [5331 - 1731993502.4649131]: 0.704559326171875
python ParamPruning/fc2.weight [5331 - 1731993502.464983]: 0.37841796875
python ParamPruning/fc3.weight [5331 - 1731993502.4650497]: 0.3149999976158142
python GlobalMagnitudePruningModifier [5488 - 1731993502.9560702]: Calling update with:
args: <class '__main__.SimpleSparseNet'>| <class 'torch.optim.sgd.SGD'>| 
kwargs: epoch: 3.511196417146513| steps_per_epoch: 1563| 
python GlobalMagnitudePruningModifier [5488 - 1731993502.958413]: 
Returned: <class 'NoneType'>| 

python ParamPruning/fc1.weight [5488 - 1731993502.958686]: 0.7066701650619507
python ParamPruning/fc2.weight [5488 - 1731993502.959129]: 0.3818359375
python ParamPruning/fc3.weight [5488 - 1731993502.9591868]: 0.3165625035762787
python GlobalMagnitudePruningModifier [5645 - 1731993503.4315617]: Calling update with:
args: <class '__main__.SimpleSparseNet'>| <class 'torch.optim.sgd.SGD'>| 
kwargs: epoch: 3.6116442738323737| steps_per_epoch: 1563| 
python GlobalMagnitudePruningModifier [5645 - 1731993503.4323695]: 
Returned: <class 'NoneType'>| 

python ParamPruning/fc1.weight [5645 - 1731993503.4325042]: 0.7080078125
python ParamPruning/fc2.weight [5645 - 1731993503.4325635]: 0.38623046875
python ParamPruning/fc3.weight [5645 - 1731993503.4326131]: 0.3199999928474426
python GlobalMagnitudePruningModifier [5802 - 1731993503.88652]: Calling update with:
args: <class '__main__.SimpleSparseNet'>| <class 'torch.optim.sgd.SGD'>| 
kwargs: epoch: 3.712092130518234| steps_per_epoch: 1563| 
python GlobalMagnitudePruningModifier [5802 - 1731993503.887347]: 
Returned: <class 'NoneType'>| 

python ParamPruning/fc1.weight [5802 - 1731993503.887483]: 0.70880126953125
python ParamPruning/fc2.weight [5802 - 1731993503.887542]: 0.38818359375
python ParamPruning/fc3.weight [5802 - 1731993503.8875918]: 0.32249999046325684
python GlobalMagnitudePruningModifier [5959 - 1731993504.3391316]: Calling update with:
args: <class '__main__.SimpleSparseNet'>| <class 'torch.optim.sgd.SGD'>| 
kwargs: epoch: 3.8125399872040946| steps_per_epoch: 1563| 
python GlobalMagnitudePruningModifier [5959 - 1731993504.3399525]: 
Returned: <class 'NoneType'>| 

python ParamPruning/fc1.weight [5959 - 1731993504.3401022]: 0.7091827392578125
python ParamPruning/fc2.weight [5959 - 1731993504.3401682]: 0.39111328125
python ParamPruning/fc3.weight [5959 - 1731993504.3402174]: 0.32343748211860657
python GlobalMagnitudePruningModifier [6116 - 1731993504.7930818]: Calling update with:
args: <class '__main__.SimpleSparseNet'>| <class 'torch.optim.sgd.SGD'>| 
kwargs: epoch: 3.9129878438899555| steps_per_epoch: 1563| 
python GlobalMagnitudePruningModifier [6116 - 1731993504.7938888]: 
Returned: <class 'NoneType'>| 

python ParamPruning/fc1.weight [6116 - 1731993504.7940397]: 0.7092946767807007
python ParamPruning/fc2.weight [6116 - 1731993504.7941015]: 0.39208984375
python ParamPruning/fc3.weight [6116 - 1731993504.7941532]: 0.32499998807907104
python GlobalMagnitudePruningModifier [1563 - 1731993516.635802]: Calling update with:
args: <class '__main__.SimpleSparseNet'>| <class 'torch.optim.sgd.SGD'>| 
kwargs: epoch: 1.0| steps_per_epoch: 1563| 
python GlobalMagnitudePruningModifier [1563 - 1731993516.6380208]: 
Returned: <class 'NoneType'>| 

python ParamPruning/fc1.weight [1563 - 1731993516.6383207]: 0.0511016845703125
python ParamPruning/fc2.weight [1563 - 1731993516.6385715]: 0.0107421875
python ParamPruning/fc3.weight [1563 - 1731993516.6388166]: 0.007499999832361937
python GlobalMagnitudePruningModifier [1720 - 1731993517.1339343]: Calling update with:
args: <class '__main__.SimpleSparseNet'>| <class 'torch.optim.sgd.SGD'>| 
kwargs: epoch: 1.1004478566858604| steps_per_epoch: 1563| 
python GlobalMagnitudePruningModifier [1720 - 1731993517.134874]: 
Returned: <class 'NoneType'>| 

python ParamPruning/fc1.weight [1720 - 1731993517.1351838]: 0.1204376220703125
python ParamPruning/fc2.weight [1720 - 1731993517.135286]: 0.02587890625
python ParamPruning/fc3.weight [1720 - 1731993517.1353672]: 0.026249999180436134
python GlobalMagnitudePruningModifier [1877 - 1731993517.6325212]: Calling update with:
args: <class '__main__.SimpleSparseNet'>| <class 'torch.optim.sgd.SGD'>| 
kwargs: epoch: 1.200895713371721| steps_per_epoch: 1563| 
python GlobalMagnitudePruningModifier [1877 - 1731993517.6333854]: 
Returned: <class 'NoneType'>| 

python ParamPruning/fc1.weight [1877 - 1731993517.6335094]: 0.1848653256893158
python ParamPruning/fc2.weight [1877 - 1731993517.6335733]: 0.05517578125
python ParamPruning/fc3.weight [1877 - 1731993517.6336253]: 0.05062500014901161
python GlobalMagnitudePruningModifier [2034 - 1731993518.1214836]: Calling update with:
args: <class '__main__.SimpleSparseNet'>| <class 'torch.optim.sgd.SGD'>| 
kwargs: epoch: 1.3013435700575815| steps_per_epoch: 1563| 
python GlobalMagnitudePruningModifier [2034 - 1731993518.1222615]: 
Returned: <class 'NoneType'>| 

python ParamPruning/fc1.weight [2034 - 1731993518.1223974]: 0.2447408139705658
python ParamPruning/fc2.weight [2034 - 1731993518.1224566]: 0.0849609375
python ParamPruning/fc3.weight [2034 - 1731993518.1225073]: 0.07718750089406967
python GlobalMagnitudePruningModifier [2191 - 1731993518.5897136]: Calling update with:
args: <class '__main__.SimpleSparseNet'>| <class 'torch.optim.sgd.SGD'>| 
kwargs: epoch: 1.4017914267434421| steps_per_epoch: 1563| 
python GlobalMagnitudePruningModifier [2191 - 1731993518.5905426]: 
Returned: <class 'NoneType'>| 

python ParamPruning/fc1.weight [2191 - 1731993518.5907004]: 0.3001556396484375
python ParamPruning/fc2.weight [2191 - 1731993518.590774]: 0.12060546875
python ParamPruning/fc3.weight [2191 - 1731993518.5908496]: 0.10656249523162842
python GlobalMagnitudePruningModifier [2348 - 1731993519.0503983]: Calling update with:
args: <class '__main__.SimpleSparseNet'>| <class 'torch.optim.sgd.SGD'>| 
kwargs: epoch: 1.5022392834293026| steps_per_epoch: 1563| 
python GlobalMagnitudePruningModifier [2348 - 1731993519.0511882]: 
Returned: <class 'NoneType'>| 

python ParamPruning/fc1.weight [2348 - 1731993519.0513134]: 0.3514506220817566
python ParamPruning/fc2.weight [2348 - 1731993519.051378]: 0.15673828125
python ParamPruning/fc3.weight [2348 - 1731993519.0514297]: 0.13187499344348907
python GlobalMagnitudePruningModifier [2505 - 1731993519.533982]: Calling update with:
args: <class '__main__.SimpleSparseNet'>| <class 'torch.optim.sgd.SGD'>| 
kwargs: epoch: 1.602687140115163| steps_per_epoch: 1563| 
python GlobalMagnitudePruningModifier [2505 - 1731993519.5348332]: 
Returned: <class 'NoneType'>| 

python ParamPruning/fc1.weight [2505 - 1731993519.5349846]: 0.3988139033317566
python ParamPruning/fc2.weight [2505 - 1731993519.535062]: 0.18505859375
python ParamPruning/fc3.weight [2505 - 1731993519.535139]: 0.15656249225139618
python GlobalMagnitudePruningModifier [2662 - 1731993519.9918182]: Calling update with:
args: <class '__main__.SimpleSparseNet'>| <class 'torch.optim.sgd.SGD'>| 
kwargs: epoch: 1.7031349968010236| steps_per_epoch: 1563| 
python GlobalMagnitudePruningModifier [2662 - 1731993519.9926305]: 
Returned: <class 'NoneType'>| 

python ParamPruning/fc1.weight [2662 - 1731993519.9927828]: 0.4423980712890625
python ParamPruning/fc2.weight [2662 - 1731993519.9928508]: 0.21142578125
python ParamPruning/fc3.weight [2662 - 1731993519.9929142]: 0.17687499523162842
python GlobalMagnitudePruningModifier [2819 - 1731993520.4649203]: Calling update with:
args: <class '__main__.SimpleSparseNet'>| <class 'torch.optim.sgd.SGD'>| 
kwargs: epoch: 1.8035828534868843| steps_per_epoch: 1563| 
python GlobalMagnitudePruningModifier [2819 - 1731993520.465753]: 
Returned: <class 'NoneType'>| 

python ParamPruning/fc1.weight [2819 - 1731993520.4659076]: 0.4823710322380066
python ParamPruning/fc2.weight [2819 - 1731993520.4659724]: 0.23193359375
python ParamPruning/fc3.weight [2819 - 1731993520.4660344]: 0.19593749940395355
python GlobalMagnitudePruningModifier [2976 - 1731993520.9209654]: Calling update with:
args: <class '__main__.SimpleSparseNet'>| <class 'torch.optim.sgd.SGD'>| 
kwargs: epoch: 1.9040307101727447| steps_per_epoch: 1563| 
python GlobalMagnitudePruningModifier [2976 - 1731993520.9218674]: 
Returned: <class 'NoneType'>| 

python ParamPruning/fc1.weight [2976 - 1731993520.9220355]: 0.5187785029411316
python ParamPruning/fc2.weight [2976 - 1731993520.9221418]: 0.2529296875
python ParamPruning/fc3.weight [2976 - 1731993520.9222264]: 0.21593749523162842
python GlobalMagnitudePruningModifier [3133 - 1731993522.1465483]: Calling update with:
args: <class '__main__.SimpleSparseNet'>| <class 'torch.optim.sgd.SGD'>| 
kwargs: epoch: 2.004478566858605| steps_per_epoch: 1563| 
python GlobalMagnitudePruningModifier [3133 - 1731993522.1474113]: 
Returned: <class 'NoneType'>| 

python ParamPruning/fc1.weight [3133 - 1731993522.1475706]: 0.5519358515739441
python ParamPruning/fc2.weight [3133 - 1731993522.1476405]: 0.2734375
python ParamPruning/fc3.weight [3133 - 1731993522.1476934]: 0.22843749821186066
python GlobalMagnitudePruningModifier [3290 - 1731993522.6316614]: Calling update with:
args: <class '__main__.SimpleSparseNet'>| <class 'torch.optim.sgd.SGD'>| 
kwargs: epoch: 2.1049264235444656| steps_per_epoch: 1563| 
python GlobalMagnitudePruningModifier [3290 - 1731993522.632491]: 
Returned: <class 'NoneType'>| 

python ParamPruning/fc1.weight [3290 - 1731993522.6326408]: 0.58184814453125
python ParamPruning/fc2.weight [3290 - 1731993522.6327064]: 0.2919921875
python ParamPruning/fc3.weight [3290 - 1731993522.6327767]: 0.24406249821186066
python GlobalMagnitudePruningModifier [3447 - 1731993523.1234932]: Calling update with:
args: <class '__main__.SimpleSparseNet'>| <class 'torch.optim.sgd.SGD'>| 
kwargs: epoch: 2.2053742802303264| steps_per_epoch: 1563| 
python GlobalMagnitudePruningModifier [3447 - 1731993523.125764]: 
Returned: <class 'NoneType'>| 

python ParamPruning/fc1.weight [3447 - 1731993523.1258938]: 0.60882568359375
python ParamPruning/fc2.weight [3447 - 1731993523.12597]: 0.3046875
python ParamPruning/fc3.weight [3447 - 1731993523.1260366]: 0.2562499940395355
python GlobalMagnitudePruningModifier [3604 - 1731993523.6029856]: Calling update with:
args: <class '__main__.SimpleSparseNet'>| <class 'torch.optim.sgd.SGD'>| 
kwargs: epoch: 2.305822136916187| steps_per_epoch: 1563| 
python GlobalMagnitudePruningModifier [3604 - 1731993523.603779]: 
Returned: <class 'NoneType'>| 

python ParamPruning/fc1.weight [3604 - 1731993523.6038966]: 0.6329193115234375
python ParamPruning/fc2.weight [3604 - 1731993523.6039646]: 0.31884765625
python ParamPruning/fc3.weight [3604 - 1731993523.6040168]: 0.2668749988079071
python GlobalMagnitudePruningModifier [3761 - 1731993524.0837893]: Calling update with:
args: <class '__main__.SimpleSparseNet'>| <class 'torch.optim.sgd.SGD'>| 
kwargs: epoch: 2.4062699936020473| steps_per_epoch: 1563| 
python GlobalMagnitudePruningModifier [3761 - 1731993524.084718]: 
Returned: <class 'NoneType'>| 

python ParamPruning/fc1.weight [3761 - 1731993524.0848947]: 0.6543020009994507
python ParamPruning/fc2.weight [3761 - 1731993524.084962]: 0.3330078125
python ParamPruning/fc3.weight [3761 - 1731993524.08503]: 0.2762500047683716
python GlobalMagnitudePruningModifier [3918 - 1731993524.5416288]: Calling update with:
args: <class '__main__.SimpleSparseNet'>| <class 'torch.optim.sgd.SGD'>| 
kwargs: epoch: 2.5067178502879077| steps_per_epoch: 1563| 
python GlobalMagnitudePruningModifier [3918 - 1731993524.5424132]: 
Returned: <class 'NoneType'>| 

python ParamPruning/fc1.weight [3918 - 1731993524.5425212]: 0.6731821894645691
python ParamPruning/fc2.weight [3918 - 1731993524.542585]: 0.341796875
python ParamPruning/fc3.weight [3918 - 1731993524.5426404]: 0.2853125035762787
python GlobalMagnitudePruningModifier [4075 - 1731993525.001678]: Calling update with:
args: <class '__main__.SimpleSparseNet'>| <class 'torch.optim.sgd.SGD'>| 
kwargs: epoch: 2.6071657069737686| steps_per_epoch: 1563| 
python GlobalMagnitudePruningModifier [4075 - 1731993525.002518]: 
Returned: <class 'NoneType'>| 

python ParamPruning/fc1.weight [4075 - 1731993525.0026538]: 0.689697265625
python ParamPruning/fc2.weight [4075 - 1731993525.0027263]: 0.3486328125
python ParamPruning/fc3.weight [4075 - 1731993525.002794]: 0.2928124964237213
python GlobalMagnitudePruningModifier [4232 - 1731993525.496207]: Calling update with:
args: <class '__main__.SimpleSparseNet'>| <class 'torch.optim.sgd.SGD'>| 
kwargs: epoch: 2.707613563659629| steps_per_epoch: 1563| 
python GlobalMagnitudePruningModifier [4232 - 1731993525.497021]: 
Returned: <class 'NoneType'>| 

python ParamPruning/fc1.weight [4232 - 1731993525.497157]: 0.7039794921875
python ParamPruning/fc2.weight [4232 - 1731993525.497254]: 0.357421875
python ParamPruning/fc3.weight [4232 - 1731993525.4973419]: 0.2984375059604645
python GlobalMagnitudePruningModifier [4389 - 1731993525.9553785]: Calling update with:
args: <class '__main__.SimpleSparseNet'>| <class 'torch.optim.sgd.SGD'>| 
kwargs: epoch: 2.8080614203454894| steps_per_epoch: 1563| 
python GlobalMagnitudePruningModifier [4389 - 1731993525.9562383]: 
Returned: <class 'NoneType'>| 

python ParamPruning/fc1.weight [4389 - 1731993525.9563847]: 0.716156005859375
python ParamPruning/fc2.weight [4389 - 1731993525.9565122]: 0.36669921875
python ParamPruning/fc3.weight [4389 - 1731993525.9566622]: 0.30531248450279236
python GlobalMagnitudePruningModifier [4546 - 1731993526.4106023]: Calling update with:
args: <class '__main__.SimpleSparseNet'>| <class 'torch.optim.sgd.SGD'>| 
kwargs: epoch: 2.90850927703135| steps_per_epoch: 1563| 
python GlobalMagnitudePruningModifier [4546 - 1731993526.4114344]: 
Returned: <class 'NoneType'>| 

python ParamPruning/fc1.weight [4546 - 1731993526.4115558]: 0.7263895869255066
python ParamPruning/fc2.weight [4546 - 1731993526.4116251]: 0.37646484375
python ParamPruning/fc3.weight [4546 - 1731993526.41168]: 0.31312498450279236
python GlobalMagnitudePruningModifier [4703 - 1731993527.627372]: Calling update with:
args: <class '__main__.SimpleSparseNet'>| <class 'torch.optim.sgd.SGD'>| 
kwargs: epoch: 3.0089571337172103| steps_per_epoch: 1563| 
python GlobalMagnitudePruningModifier [4703 - 1731993527.628228]: 
Returned: <class 'NoneType'>| 

python ParamPruning/fc1.weight [4703 - 1731993527.6283567]: 0.7349853515625
python ParamPruning/fc2.weight [4703 - 1731993527.6284285]: 0.37939453125
python ParamPruning/fc3.weight [4703 - 1731993527.628493]: 0.3178125023841858
python GlobalMagnitudePruningModifier [4860 - 1731993528.086623]: Calling update with:
args: <class '__main__.SimpleSparseNet'>| <class 'torch.optim.sgd.SGD'>| 
kwargs: epoch: 3.109404990403071| steps_per_epoch: 1563| 
python GlobalMagnitudePruningModifier [4860 - 1731993528.0874574]: 
Returned: <class 'NoneType'>| 

python ParamPruning/fc1.weight [4860 - 1731993528.0875788]: 0.7419535517692566
python ParamPruning/fc2.weight [4860 - 1731993528.0876474]: 0.38525390625
python ParamPruning/fc3.weight [4860 - 1731993528.0877173]: 0.32249999046325684
python GlobalMagnitudePruningModifier [5017 - 1731993528.5556507]: Calling update with:
args: <class '__main__.SimpleSparseNet'>| <class 'torch.optim.sgd.SGD'>| 
kwargs: epoch: 3.2098528470889316| steps_per_epoch: 1563| 
python GlobalMagnitudePruningModifier [5017 - 1731993528.5564783]: 
Returned: <class 'NoneType'>| 

python ParamPruning/fc1.weight [5017 - 1731993528.5565975]: 0.7475026845932007
python ParamPruning/fc2.weight [5017 - 1731993528.556666]: 0.39013671875
python ParamPruning/fc3.weight [5017 - 1731993528.5571492]: 0.3268750011920929
python GlobalMagnitudePruningModifier [5174 - 1731993529.0140955]: Calling update with:
args: <class '__main__.SimpleSparseNet'>| <class 'torch.optim.sgd.SGD'>| 
kwargs: epoch: 3.310300703774792| steps_per_epoch: 1563| 
python GlobalMagnitudePruningModifier [5174 - 1731993529.0149148]: 
Returned: <class 'NoneType'>| 

python ParamPruning/fc1.weight [5174 - 1731993529.0150516]: 0.7518056631088257
python ParamPruning/fc2.weight [5174 - 1731993529.01512]: 0.39404296875
python ParamPruning/fc3.weight [5174 - 1731993529.0151834]: 0.33031249046325684
python GlobalMagnitudePruningModifier [5331 - 1731993529.4652314]: Calling update with:
args: <class '__main__.SimpleSparseNet'>| <class 'torch.optim.sgd.SGD'>| 
kwargs: epoch: 3.4107485604606524| steps_per_epoch: 1563| 
python GlobalMagnitudePruningModifier [5331 - 1731993529.4659996]: 
Returned: <class 'NoneType'>| 

python ParamPruning/fc1.weight [5331 - 1731993529.4661074]: 0.7550100088119507
python ParamPruning/fc2.weight [5331 - 1731993529.4661736]: 0.3974609375
python ParamPruning/fc3.weight [5331 - 1731993529.466231]: 0.3331249952316284
python GlobalMagnitudePruningModifier [5488 - 1731993529.9174798]: Calling update with:
args: <class '__main__.SimpleSparseNet'>| <class 'torch.optim.sgd.SGD'>| 
kwargs: epoch: 3.511196417146513| steps_per_epoch: 1563| 
python GlobalMagnitudePruningModifier [5488 - 1731993529.9182897]: 
Returned: <class 'NoneType'>| 

python ParamPruning/fc1.weight [5488 - 1731993529.9184318]: 0.7572835683822632
python ParamPruning/fc2.weight [5488 - 1731993529.9184983]: 0.39990234375
python ParamPruning/fc3.weight [5488 - 1731993529.9185534]: 0.3356249928474426
python GlobalMagnitudePruningModifier [5645 - 1731993530.3724594]: Calling update with:
args: <class '__main__.SimpleSparseNet'>| <class 'torch.optim.sgd.SGD'>| 
kwargs: epoch: 3.6116442738323737| steps_per_epoch: 1563| 
python GlobalMagnitudePruningModifier [5645 - 1731993530.3732495]: 
Returned: <class 'NoneType'>| 

python ParamPruning/fc1.weight [5645 - 1731993530.3733885]: 0.7587738037109375
python ParamPruning/fc2.weight [5645 - 1731993530.373454]: 0.4033203125
python ParamPruning/fc3.weight [5645 - 1731993530.373521]: 0.33687499165534973
python GlobalMagnitudePruningModifier [5802 - 1731993530.8257012]: Calling update with:
args: <class '__main__.SimpleSparseNet'>| <class 'torch.optim.sgd.SGD'>| 
kwargs: epoch: 3.712092130518234| steps_per_epoch: 1563| 
python GlobalMagnitudePruningModifier [5802 - 1731993530.8264532]: 
Returned: <class 'NoneType'>| 

python ParamPruning/fc1.weight [5802 - 1731993530.8265686]: 0.759674072265625
python ParamPruning/fc2.weight [5802 - 1731993530.8266335]: 0.404296875
python ParamPruning/fc3.weight [5802 - 1731993530.8266876]: 0.33781248331069946
python GlobalMagnitudePruningModifier [5959 - 1731993531.2836602]: Calling update with:
args: <class '__main__.SimpleSparseNet'>| <class 'torch.optim.sgd.SGD'>| 
kwargs: epoch: 3.8125399872040946| steps_per_epoch: 1563| 
python GlobalMagnitudePruningModifier [5959 - 1731993531.2845578]: 
Returned: <class 'NoneType'>| 

python ParamPruning/fc1.weight [5959 - 1731993531.2847078]: 0.76007080078125
python ParamPruning/fc2.weight [5959 - 1731993531.2847936]: 0.4072265625
python ParamPruning/fc3.weight [5959 - 1731993531.284869]: 0.3400000035762787
python GlobalMagnitudePruningModifier [6116 - 1731993531.7126927]: Calling update with:
args: <class '__main__.SimpleSparseNet'>| <class 'torch.optim.sgd.SGD'>| 
kwargs: epoch: 3.9129878438899555| steps_per_epoch: 1563| 
python GlobalMagnitudePruningModifier [6116 - 1731993531.7135086]: 
Returned: <class 'NoneType'>| 

python ParamPruning/fc1.weight [6116 - 1731993531.7136378]: 0.7602132558822632
python ParamPruning/fc2.weight [6116 - 1731993531.7137065]: 0.40869140625
python ParamPruning/fc3.weight [6116 - 1731993531.7137656]: 0.3400000035762787
python GlobalMagnitudePruningModifier [1563 - 1731993542.862232]: Calling update with:
args: <class '__main__.SimpleSparseNet'>| <class 'torch.optim.sgd.SGD'>| 
kwargs: epoch: 1.0| steps_per_epoch: 1563| 
python GlobalMagnitudePruningModifier [1563 - 1731993542.863456]: 
Returned: <class 'NoneType'>| 

python ParamPruning/fc1.weight [1563 - 1731993542.863651]: 0.0511016845703125
python ParamPruning/fc2.weight [1563 - 1731993542.8637714]: 0.0107421875
python ParamPruning/fc3.weight [1563 - 1731993542.8638637]: 0.007499999832361937
python GlobalMagnitudePruningModifier [1720 - 1731993543.3208563]: Calling update with:
args: <class '__main__.SimpleSparseNet'>| <class 'torch.optim.sgd.SGD'>| 
kwargs: epoch: 1.1004478566858604| steps_per_epoch: 1563| 
python GlobalMagnitudePruningModifier [1720 - 1731993543.3216608]: 
Returned: <class 'NoneType'>| 

python ParamPruning/fc1.weight [1720 - 1731993543.3217819]: 0.1252848356962204
python ParamPruning/fc2.weight [1720 - 1731993543.3218527]: 0.03662109375
python ParamPruning/fc3.weight [1720 - 1731993543.3219123]: 0.027812499552965164
python GlobalMagnitudePruningModifier [1877 - 1731993543.811194]: Calling update with:
args: <class '__main__.SimpleSparseNet'>| <class 'torch.optim.sgd.SGD'>| 
kwargs: epoch: 1.200895713371721| steps_per_epoch: 1563| 
python GlobalMagnitudePruningModifier [1877 - 1731993543.8120604]: 
Returned: <class 'NoneType'>| 

python ParamPruning/fc1.weight [1877 - 1731993543.812191]: 0.1943105161190033
python ParamPruning/fc2.weight [1877 - 1731993543.8122597]: 0.0712890625
python ParamPruning/fc3.weight [1877 - 1731993543.8123178]: 0.05218749865889549
python GlobalMagnitudePruningModifier [2034 - 1731993544.2910092]: Calling update with:
args: <class '__main__.SimpleSparseNet'>| <class 'torch.optim.sgd.SGD'>| 
kwargs: epoch: 1.3013435700575815| steps_per_epoch: 1563| 
python GlobalMagnitudePruningModifier [2034 - 1731993544.29189]: 
Returned: <class 'NoneType'>| 

python ParamPruning/fc1.weight [2034 - 1731993544.2920332]: 0.2584483027458191
python ParamPruning/fc2.weight [2034 - 1731993544.29212]: 0.1015625
python ParamPruning/fc3.weight [2034 - 1731993544.2921987]: 0.08249999582767487
python GlobalMagnitudePruningModifier [2191 - 1731993544.7504296]: Calling update with:
args: <class '__main__.SimpleSparseNet'>| <class 'torch.optim.sgd.SGD'>| 
kwargs: epoch: 1.4017914267434421| steps_per_epoch: 1563| 
python GlobalMagnitudePruningModifier [2191 - 1731993544.7512932]: 
Returned: <class 'NoneType'>| 

python ParamPruning/fc1.weight [2191 - 1731993544.7514513]: 0.317901611328125
python ParamPruning/fc2.weight [2191 - 1731993544.7515445]: 0.13525390625
python ParamPruning/fc3.weight [2191 - 1731993544.7516167]: 0.11218749731779099
python GlobalMagnitudePruningModifier [2348 - 1731993545.2167616]: Calling update with:
args: <class '__main__.SimpleSparseNet'>| <class 'torch.optim.sgd.SGD'>| 
kwargs: epoch: 1.5022392834293026| steps_per_epoch: 1563| 
python GlobalMagnitudePruningModifier [2348 - 1731993545.2176077]: 
Returned: <class 'NoneType'>| 

python ParamPruning/fc1.weight [2348 - 1731993545.2177432]: 0.3730112910270691
python ParamPruning/fc2.weight [2348 - 1731993545.217859]: 0.166015625
python ParamPruning/fc3.weight [2348 - 1731993545.2179356]: 0.13499999046325684
python GlobalMagnitudePruningModifier [2505 - 1731993545.6927931]: Calling update with:
args: <class '__main__.SimpleSparseNet'>| <class 'torch.optim.sgd.SGD'>| 
kwargs: epoch: 1.602687140115163| steps_per_epoch: 1563| 
python GlobalMagnitudePruningModifier [2505 - 1731993545.693841]: 
Returned: <class 'NoneType'>| 

python ParamPruning/fc1.weight [2505 - 1731993545.69398]: 0.4238433837890625
python ParamPruning/fc2.weight [2505 - 1731993545.694068]: 0.193359375
python ParamPruning/fc3.weight [2505 - 1731993545.6941488]: 0.15781249105930328
python GlobalMagnitudePruningModifier [2662 - 1731993546.1807244]: Calling update with:
args: <class '__main__.SimpleSparseNet'>| <class 'torch.optim.sgd.SGD'>| 
kwargs: epoch: 1.7031349968010236| steps_per_epoch: 1563| 
python GlobalMagnitudePruningModifier [2662 - 1731993546.1815553]: 
Returned: <class 'NoneType'>| 

python ParamPruning/fc1.weight [2662 - 1731993546.181748]: 0.4705810546875
python ParamPruning/fc2.weight [2662 - 1731993546.1818914]: 0.22216796875
python ParamPruning/fc3.weight [2662 - 1731993546.1819851]: 0.1771875023841858
python GlobalMagnitudePruningModifier [2819 - 1731993546.6442556]: Calling update with:
args: <class '__main__.SimpleSparseNet'>| <class 'torch.optim.sgd.SGD'>| 
kwargs: epoch: 1.8035828534868843| steps_per_epoch: 1563| 
python GlobalMagnitudePruningModifier [2819 - 1731993546.645048]: 
Returned: <class 'NoneType'>| 

python ParamPruning/fc1.weight [2819 - 1731993546.6451972]: 0.5133463740348816
python ParamPruning/fc2.weight [2819 - 1731993546.6452782]: 0.24951171875
python ParamPruning/fc3.weight [2819 - 1731993546.6453543]: 0.1978124976158142
python GlobalMagnitudePruningModifier [2976 - 1731993547.1000824]: Calling update with:
args: <class '__main__.SimpleSparseNet'>| <class 'torch.optim.sgd.SGD'>| 
kwargs: epoch: 1.9040307101727447| steps_per_epoch: 1563| 
python GlobalMagnitudePruningModifier [2976 - 1731993547.1009777]: 
Returned: <class 'NoneType'>| 

python ParamPruning/fc1.weight [2976 - 1731993547.1011035]: 0.55242919921875
python ParamPruning/fc2.weight [2976 - 1731993547.1011708]: 0.2724609375
python ParamPruning/fc3.weight [2976 - 1731993547.101229]: 0.21437498927116394
python GlobalMagnitudePruningModifier [3133 - 1731993548.3118792]: Calling update with:
args: <class '__main__.SimpleSparseNet'>| <class 'torch.optim.sgd.SGD'>| 
kwargs: epoch: 2.004478566858605| steps_per_epoch: 1563| 
python GlobalMagnitudePruningModifier [3133 - 1731993548.3127856]: 
Returned: <class 'NoneType'>| 

python ParamPruning/fc1.weight [3133 - 1731993548.3129401]: 0.5879313349723816
python ParamPruning/fc2.weight [3133 - 1731993548.3130412]: 0.29345703125
python ParamPruning/fc3.weight [3133 - 1731993548.3131227]: 0.22999998927116394
python GlobalMagnitudePruningModifier [3290 - 1731993548.812084]: Calling update with:
args: <class '__main__.SimpleSparseNet'>| <class 'torch.optim.sgd.SGD'>| 
kwargs: epoch: 2.1049264235444656| steps_per_epoch: 1563| 
python GlobalMagnitudePruningModifier [3290 - 1731993548.8130734]: 
Returned: <class 'NoneType'>| 

python ParamPruning/fc1.weight [3290 - 1731993548.8132217]: 0.6200307607650757
python ParamPruning/fc2.weight [3290 - 1731993548.8132975]: 0.30908203125
python ParamPruning/fc3.weight [3290 - 1731993548.8133628]: 0.2462499886751175
python GlobalMagnitudePruningModifier [3447 - 1731993549.2684283]: Calling update with:
args: <class '__main__.SimpleSparseNet'>| <class 'torch.optim.sgd.SGD'>| 
kwargs: epoch: 2.2053742802303264| steps_per_epoch: 1563| 
python GlobalMagnitudePruningModifier [3447 - 1731993549.2693827]: 
Returned: <class 'NoneType'>| 

python ParamPruning/fc1.weight [3447 - 1731993549.2695642]: 0.6489207148551941
python ParamPruning/fc2.weight [3447 - 1731993549.269664]: 0.32275390625
python ParamPruning/fc3.weight [3447 - 1731993549.269749]: 0.25999999046325684
python GlobalMagnitudePruningModifier [3604 - 1731993549.7501047]: Calling update with:
args: <class '__main__.SimpleSparseNet'>| <class 'torch.optim.sgd.SGD'>| 
kwargs: epoch: 2.305822136916187| steps_per_epoch: 1563| 
python GlobalMagnitudePruningModifier [3604 - 1731993549.7509267]: 
Returned: <class 'NoneType'>| 

python ParamPruning/fc1.weight [3604 - 1731993549.751074]: 0.6748098134994507
python ParamPruning/fc2.weight [3604 - 1731993549.7511435]: 0.3369140625
python ParamPruning/fc3.weight [3604 - 1731993549.751216]: 0.26749998331069946
python GlobalMagnitudePruningModifier [3761 - 1731993550.2170355]: Calling update with:
args: <class '__main__.SimpleSparseNet'>| <class 'torch.optim.sgd.SGD'>| 
kwargs: epoch: 2.4062699936020473| steps_per_epoch: 1563| 
python GlobalMagnitudePruningModifier [3761 - 1731993550.217983]: 
Returned: <class 'NoneType'>| 

python ParamPruning/fc1.weight [3761 - 1731993550.2181387]: 0.6977895498275757
python ParamPruning/fc2.weight [3761 - 1731993550.218217]: 0.34814453125
python ParamPruning/fc3.weight [3761 - 1731993550.2182908]: 0.2759374976158142
python GlobalMagnitudePruningModifier [3918 - 1731993550.6753778]: Calling update with:
args: <class '__main__.SimpleSparseNet'>| <class 'torch.optim.sgd.SGD'>| 
kwargs: epoch: 2.5067178502879077| steps_per_epoch: 1563| 
python GlobalMagnitudePruningModifier [3918 - 1731993550.6761832]: 
Returned: <class 'NoneType'>| 

python ParamPruning/fc1.weight [3918 - 1731993550.6763003]: 0.7179921865463257
python ParamPruning/fc2.weight [3918 - 1731993550.6763697]: 0.35791015625
python ParamPruning/fc3.weight [3918 - 1731993550.6764264]: 0.2868749797344208
python GlobalMagnitudePruningModifier [4075 - 1731993551.13899]: Calling update with:
args: <class '__main__.SimpleSparseNet'>| <class 'torch.optim.sgd.SGD'>| 
kwargs: epoch: 2.6071657069737686| steps_per_epoch: 1563| 
python GlobalMagnitudePruningModifier [4075 - 1731993551.1398144]: 
Returned: <class 'NoneType'>| 

python ParamPruning/fc1.weight [4075 - 1731993551.1399572]: 0.7356516718864441
python ParamPruning/fc2.weight [4075 - 1731993551.1400266]: 0.36865234375
python ParamPruning/fc3.weight [4075 - 1731993551.1400807]: 0.29499998688697815
python GlobalMagnitudePruningModifier [4232 - 1731993551.5991633]: Calling update with:
args: <class '__main__.SimpleSparseNet'>| <class 'torch.optim.sgd.SGD'>| 
kwargs: epoch: 2.707613563659629| steps_per_epoch: 1563| 
python GlobalMagnitudePruningModifier [4232 - 1731993551.6000228]: 
Returned: <class 'NoneType'>| 

python ParamPruning/fc1.weight [4232 - 1731993551.600145]: 0.7509613037109375
python ParamPruning/fc2.weight [4232 - 1731993551.6002238]: 0.37548828125
python ParamPruning/fc3.weight [4232 - 1731993551.6002936]: 0.3021875023841858
python GlobalMagnitudePruningModifier [4389 - 1731993552.0642047]: Calling update with:
args: <class '__main__.SimpleSparseNet'>| <class 'torch.optim.sgd.SGD'>| 
kwargs: epoch: 2.8080614203454894| steps_per_epoch: 1563| 
python GlobalMagnitudePruningModifier [4389 - 1731993552.0650373]: 
Returned: <class 'NoneType'>| 

python ParamPruning/fc1.weight [4389 - 1731993552.0651648]: 0.7640635371208191
python ParamPruning/fc2.weight [4389 - 1731993552.0652416]: 0.38232421875
python ParamPruning/fc3.weight [4389 - 1731993552.0653012]: 0.30812498927116394
python GlobalMagnitudePruningModifier [4546 - 1731993552.5243626]: Calling update with:
args: <class '__main__.SimpleSparseNet'>| <class 'torch.optim.sgd.SGD'>| 
kwargs: epoch: 2.90850927703135| steps_per_epoch: 1563| 
python GlobalMagnitudePruningModifier [4546 - 1731993552.5261796]: 
Returned: <class 'NoneType'>| 

python ParamPruning/fc1.weight [4546 - 1731993552.5263045]: 0.77508544921875
python ParamPruning/fc2.weight [4546 - 1731993552.5263662]: 0.39013671875
python ParamPruning/fc3.weight [4546 - 1731993552.5264199]: 0.31468749046325684
python GlobalMagnitudePruningModifier [4703 - 1731993553.697362]: Calling update with:
args: <class '__main__.SimpleSparseNet'>| <class 'torch.optim.sgd.SGD'>| 
kwargs: epoch: 3.0089571337172103| steps_per_epoch: 1563| 
python GlobalMagnitudePruningModifier [4703 - 1731993553.6982012]: 
Returned: <class 'NoneType'>| 

python ParamPruning/fc1.weight [4703 - 1731993553.6983452]: 0.7842559814453125
python ParamPruning/fc2.weight [4703 - 1731993553.698451]: 0.3955078125
python ParamPruning/fc3.weight [4703 - 1731993553.6985388]: 0.3206250071525574
python GlobalMagnitudePruningModifier [4860 - 1731993554.160404]: Calling update with:
args: <class '__main__.SimpleSparseNet'>| <class 'torch.optim.sgd.SGD'>| 
kwargs: epoch: 3.109404990403071| steps_per_epoch: 1563| 
python GlobalMagnitudePruningModifier [4860 - 1731993554.1612694]: 
Returned: <class 'NoneType'>| 

python ParamPruning/fc1.weight [4860 - 1731993554.1614008]: 0.791717529296875
python ParamPruning/fc2.weight [4860 - 1731993554.161489]: 0.4013671875
python ParamPruning/fc3.weight [4860 - 1731993554.161555]: 0.32624998688697815
python GlobalMagnitudePruningModifier [5017 - 1731993554.6070187]: Calling update with:
args: <class '__main__.SimpleSparseNet'>| <class 'torch.optim.sgd.SGD'>| 
kwargs: epoch: 3.2098528470889316| steps_per_epoch: 1563| 
python GlobalMagnitudePruningModifier [5017 - 1731993554.609238]: 
Returned: <class 'NoneType'>| 

python ParamPruning/fc1.weight [5017 - 1731993554.6095095]: 0.7976531982421875
python ParamPruning/fc2.weight [5017 - 1731993554.6095903]: 0.40673828125
python ParamPruning/fc3.weight [5017 - 1731993554.6096406]: 0.33156248927116394
python GlobalMagnitudePruningModifier [5174 - 1731993555.0456555]: Calling update with:
args: <class '__main__.SimpleSparseNet'>| <class 'torch.optim.sgd.SGD'>| 
kwargs: epoch: 3.310300703774792| steps_per_epoch: 1563| 
python GlobalMagnitudePruningModifier [5174 - 1731993555.0464816]: 
Returned: <class 'NoneType'>| 

python ParamPruning/fc1.weight [5174 - 1731993555.0465987]: 0.8022359609603882
python ParamPruning/fc2.weight [5174 - 1731993555.0466661]: 0.41064453125
python ParamPruning/fc3.weight [5174 - 1731993555.0467262]: 0.33687499165534973
python GlobalMagnitudePruningModifier [5331 - 1731993555.4607532]: Calling update with:
args: <class '__main__.SimpleSparseNet'>| <class 'torch.optim.sgd.SGD'>| 
kwargs: epoch: 3.4107485604606524| steps_per_epoch: 1563| 
python GlobalMagnitudePruningModifier [5331 - 1731993555.4615197]: 
Returned: <class 'NoneType'>| 

python ParamPruning/fc1.weight [5331 - 1731993555.4616272]: 0.8056691884994507
python ParamPruning/fc2.weight [5331 - 1731993555.4616923]: 0.4140625
python ParamPruning/fc3.weight [5331 - 1731993555.4617462]: 0.34031248092651367
python GlobalMagnitudePruningModifier [5488 - 1731993555.878229]: Calling update with:
args: <class '__main__.SimpleSparseNet'>| <class 'torch.optim.sgd.SGD'>| 
kwargs: epoch: 3.511196417146513| steps_per_epoch: 1563| 
python GlobalMagnitudePruningModifier [5488 - 1731993555.8790324]: 
Returned: <class 'NoneType'>| 

python ParamPruning/fc1.weight [5488 - 1731993555.879154]: 0.8080495595932007
python ParamPruning/fc2.weight [5488 - 1731993555.8792195]: 0.41845703125
python ParamPruning/fc3.weight [5488 - 1731993555.8792765]: 0.3449999988079071
python GlobalMagnitudePruningModifier [5645 - 1731993556.296611]: Calling update with:
args: <class '__main__.SimpleSparseNet'>| <class 'torch.optim.sgd.SGD'>| 
kwargs: epoch: 3.6116442738323737| steps_per_epoch: 1563| 
python GlobalMagnitudePruningModifier [5645 - 1731993556.297404]: 
Returned: <class 'NoneType'>| 

python ParamPruning/fc1.weight [5645 - 1731993556.2975142]: 0.8096364736557007
python ParamPruning/fc2.weight [5645 - 1731993556.2975855]: 0.421875
python ParamPruning/fc3.weight [5645 - 1731993556.297642]: 0.34718748927116394
python GlobalMagnitudePruningModifier [5802 - 1731993556.7137382]: Calling update with:
args: <class '__main__.SimpleSparseNet'>| <class 'torch.optim.sgd.SGD'>| 
kwargs: epoch: 3.712092130518234| steps_per_epoch: 1563| 
python GlobalMagnitudePruningModifier [5802 - 1731993556.7145643]: 
Returned: <class 'NoneType'>| 

python ParamPruning/fc1.weight [5802 - 1731993556.714683]: 0.8105825185775757
python ParamPruning/fc2.weight [5802 - 1731993556.714748]: 0.42529296875
python ParamPruning/fc3.weight [5802 - 1731993556.7148278]: 0.3478125035762787
python GlobalMagnitudePruningModifier [5959 - 1731993557.128509]: Calling update with:
args: <class '__main__.SimpleSparseNet'>| <class 'torch.optim.sgd.SGD'>| 
kwargs: epoch: 3.8125399872040946| steps_per_epoch: 1563| 
python GlobalMagnitudePruningModifier [5959 - 1731993557.129334]: 
Returned: <class 'NoneType'>| 

python ParamPruning/fc1.weight [5959 - 1731993557.1294498]: 0.8110402822494507
python ParamPruning/fc2.weight [5959 - 1731993557.129522]: 0.42626953125
python ParamPruning/fc3.weight [5959 - 1731993557.129579]: 0.3493749797344208
python GlobalMagnitudePruningModifier [6116 - 1731993557.543153]: Calling update with:
args: <class '__main__.SimpleSparseNet'>| <class 'torch.optim.sgd.SGD'>| 
kwargs: epoch: 3.9129878438899555| steps_per_epoch: 1563| 
python GlobalMagnitudePruningModifier [6116 - 1731993557.543961]: 
Returned: <class 'NoneType'>| 

python ParamPruning/fc1.weight [6116 - 1731993557.5440843]: 0.8111928701400757
python ParamPruning/fc2.weight [6116 - 1731993557.544154]: 0.427734375
python ParamPruning/fc3.weight [6116 - 1731993557.5442173]: 0.3493749797344208
