Logging all SparseML modifier-level logs to sparse_logs/20-11-2024_12.02.30.log
python GlobalMagnitudePruningModifier [1875 - 1732084354.80737]: Calling update with:
args: <class '__main__.SimpleSparseNet'>| <class 'torch.optim.sgd.SGD'>| 
kwargs: epoch: 1.0| steps_per_epoch: 1875| 
python GlobalMagnitudePruningModifier [1875 - 1732084354.8525639]: 
Returned: <class 'NoneType'>| 

python ParamPruning/fc1.weight [1875 - 1732084354.8527884]: 0.05102040618658066
python ParamPruning/fc2.weight [1875 - 1732084354.8529308]: 0.03333333507180214
python ParamPruning/fc3.weight [1875 - 1732084354.8530004]: 0.009999999776482582
python GlobalMagnitudePruningModifier [2063 - 1732084355.299878]: Calling update with:
args: <class '__main__.SimpleSparseNet'>| <class 'torch.optim.sgd.SGD'>| 
kwargs: epoch: 1.1002666666666667| steps_per_epoch: 1875| 
python GlobalMagnitudePruningModifier [2063 - 1732084355.3005278]: 
Returned: <class 'NoneType'>| 

python ParamPruning/fc1.weight [2063 - 1732084355.300628]: 0.10586734116077423
python ParamPruning/fc2.weight [2063 - 1732084355.3006854]: 0.05000000447034836
python ParamPruning/fc3.weight [2063 - 1732084355.3007324]: 0.019999999552965164
python GlobalMagnitudePruningModifier [2251 - 1732084355.743207]: Calling update with:
args: <class '__main__.SimpleSparseNet'>| <class 'torch.optim.sgd.SGD'>| 
kwargs: epoch: 1.2005333333333335| steps_per_epoch: 1875| 
python GlobalMagnitudePruningModifier [2251 - 1732084355.7439241]: 
Returned: <class 'NoneType'>| 

python ParamPruning/fc1.weight [2251 - 1732084355.7440412]: 0.15710033476352692
python ParamPruning/fc2.weight [2251 - 1732084355.7441032]: 0.06666667014360428
python ParamPruning/fc3.weight [2251 - 1732084355.7441535]: 0.019999999552965164
python GlobalMagnitudePruningModifier [2439 - 1732084356.1888561]: Calling update with:
args: <class '__main__.SimpleSparseNet'>| <class 'torch.optim.sgd.SGD'>| 
kwargs: epoch: 1.3008| steps_per_epoch: 1875| 
python GlobalMagnitudePruningModifier [2439 - 1732084356.1894999]: 
Returned: <class 'NoneType'>| 

python ParamPruning/fc1.weight [2439 - 1732084356.1896045]: 0.2045067995786667
python ParamPruning/fc2.weight [2439 - 1732084356.1896634]: 0.0833333358168602
python ParamPruning/fc3.weight [2439 - 1732084356.1897125]: 0.029999999329447746
python GlobalMagnitudePruningModifier [2627 - 1732084356.6360683]: Calling update with:
args: <class '__main__.SimpleSparseNet'>| <class 'torch.optim.sgd.SGD'>| 
kwargs: epoch: 1.4010666666666667| steps_per_epoch: 1875| 
python GlobalMagnitudePruningModifier [2627 - 1732084356.6367302]: 
Returned: <class 'NoneType'>| 

python ParamPruning/fc1.weight [2627 - 1732084356.6368458]: 0.24872449040412903
python ParamPruning/fc2.weight [2627 - 1732084356.6369128]: 0.10000000894069672
python ParamPruning/fc3.weight [2627 - 1732084356.636965]: 0.029999999329447746
python GlobalMagnitudePruningModifier [2815 - 1732084357.079809]: Calling update with:
args: <class '__main__.SimpleSparseNet'>| <class 'torch.optim.sgd.SGD'>| 
kwargs: epoch: 1.5013333333333332| steps_per_epoch: 1875| 
python GlobalMagnitudePruningModifier [2815 - 1732084357.0804875]: 
Returned: <class 'NoneType'>| 

python ParamPruning/fc1.weight [2815 - 1732084357.0805929]: 0.28975340723991394
python ParamPruning/fc2.weight [2815 - 1732084357.0806537]: 0.11666667461395264
python ParamPruning/fc3.weight [2815 - 1732084357.0807037]: 0.029999999329447746
python GlobalMagnitudePruningModifier [3003 - 1732084357.5255294]: Calling update with:
args: <class '__main__.SimpleSparseNet'>| <class 'torch.optim.sgd.SGD'>| 
kwargs: epoch: 1.6016| steps_per_epoch: 1875| 
python GlobalMagnitudePruningModifier [3003 - 1732084357.52621]: 
Returned: <class 'NoneType'>| 

python ParamPruning/fc1.weight [3003 - 1732084357.5263205]: 0.32716837525367737
python ParamPruning/fc2.weight [3003 - 1732084357.526383]: 0.13333334028720856
python ParamPruning/fc3.weight [3003 - 1732084357.5264316]: 0.03999999910593033
python GlobalMagnitudePruningModifier [3191 - 1732084357.9657469]: Calling update with:
args: <class '__main__.SimpleSparseNet'>| <class 'torch.optim.sgd.SGD'>| 
kwargs: epoch: 1.7018666666666666| steps_per_epoch: 1875| 
python GlobalMagnitudePruningModifier [3191 - 1732084357.9664052]: 
Returned: <class 'NoneType'>| 

python ParamPruning/fc1.weight [3191 - 1732084357.9665089]: 0.36203229427337646
python ParamPruning/fc2.weight [3191 - 1732084357.9665704]: 0.13333334028720856
python ParamPruning/fc3.weight [3191 - 1732084357.966623]: 0.04999999701976776
python GlobalMagnitudePruningModifier [3379 - 1732084358.3799162]: Calling update with:
args: <class '__main__.SimpleSparseNet'>| <class 'torch.optim.sgd.SGD'>| 
kwargs: epoch: 1.8021333333333334| steps_per_epoch: 1875| 
python GlobalMagnitudePruningModifier [3379 - 1732084358.3805904]: 
Returned: <class 'NoneType'>| 

python ParamPruning/fc1.weight [3379 - 1732084358.380696]: 0.39392006397247314
python ParamPruning/fc2.weight [3379 - 1732084358.3807526]: 0.13333334028720856
python ParamPruning/fc3.weight [3379 - 1732084358.3808107]: 0.04999999701976776
python GlobalMagnitudePruningModifier [3567 - 1732084358.8242579]: Calling update with:
args: <class '__main__.SimpleSparseNet'>| <class 'torch.optim.sgd.SGD'>| 
kwargs: epoch: 1.9024| steps_per_epoch: 1875| 
python GlobalMagnitudePruningModifier [3567 - 1732084358.8248835]: 
Returned: <class 'NoneType'>| 

python ParamPruning/fc1.weight [3567 - 1732084358.8249907]: 0.42283162474632263
python ParamPruning/fc2.weight [3567 - 1732084358.825053]: 0.15000000596046448
python ParamPruning/fc3.weight [3567 - 1732084358.8250988]: 0.05999999865889549
python GlobalMagnitudePruningModifier [3755 - 1732084359.8016288]: Calling update with:
args: <class '__main__.SimpleSparseNet'>| <class 'torch.optim.sgd.SGD'>| 
kwargs: epoch: 2.002666666666667| steps_per_epoch: 1875| 
python GlobalMagnitudePruningModifier [3755 - 1732084359.8023462]: 
Returned: <class 'NoneType'>| 

python ParamPruning/fc1.weight [3755 - 1732084359.8024633]: 0.4487670063972473
python ParamPruning/fc2.weight [3755 - 1732084359.8025272]: 0.1666666716337204
python ParamPruning/fc3.weight [3755 - 1732084359.8025758]: 0.07999999821186066
python GlobalMagnitudePruningModifier [3943 - 1732084360.246572]: Calling update with:
args: <class '__main__.SimpleSparseNet'>| <class 'torch.optim.sgd.SGD'>| 
kwargs: epoch: 2.1029333333333335| steps_per_epoch: 1875| 
python GlobalMagnitudePruningModifier [3943 - 1732084360.2472131]: 
Returned: <class 'NoneType'>| 

python ParamPruning/fc1.weight [3943 - 1732084360.2473183]: 0.4725765287876129
python ParamPruning/fc2.weight [3943 - 1732084360.2473798]: 0.1666666716337204
python ParamPruning/fc3.weight [3943 - 1732084360.247426]: 0.08999999612569809
python GlobalMagnitudePruningModifier [4131 - 1732084360.694699]: Calling update with:
args: <class '__main__.SimpleSparseNet'>| <class 'torch.optim.sgd.SGD'>| 
kwargs: epoch: 2.2032| steps_per_epoch: 1875| 
python GlobalMagnitudePruningModifier [4131 - 1732084360.6954167]: 
Returned: <class 'NoneType'>| 

python ParamPruning/fc1.weight [4131 - 1732084360.6955297]: 0.49426019191741943
python ParamPruning/fc2.weight [4131 - 1732084360.695593]: 0.1666666716337204
python ParamPruning/fc3.weight [4131 - 1732084360.695645]: 0.08999999612569809
python GlobalMagnitudePruningModifier [4319 - 1732084361.1389542]: Calling update with:
args: <class '__main__.SimpleSparseNet'>| <class 'torch.optim.sgd.SGD'>| 
kwargs: epoch: 2.3034666666666666| steps_per_epoch: 1875| 
python GlobalMagnitudePruningModifier [4319 - 1732084361.1395884]: 
Returned: <class 'NoneType'>| 

python ParamPruning/fc1.weight [4319 - 1732084361.1396964]: 0.5133928656578064
python ParamPruning/fc2.weight [4319 - 1732084361.1397579]: 0.1666666716337204
python ParamPruning/fc3.weight [4319 - 1732084361.1398141]: 0.09999999403953552
python GlobalMagnitudePruningModifier [4507 - 1732084361.5721953]: Calling update with:
args: <class '__main__.SimpleSparseNet'>| <class 'torch.optim.sgd.SGD'>| 
kwargs: epoch: 2.4037333333333333| steps_per_epoch: 1875| 
python GlobalMagnitudePruningModifier [4507 - 1732084361.5728834]: 
Returned: <class 'NoneType'>| 

python ParamPruning/fc1.weight [4507 - 1732084361.573002]: 0.5301870703697205
python ParamPruning/fc2.weight [4507 - 1732084361.5730877]: 0.18333333730697632
python ParamPruning/fc3.weight [4507 - 1732084361.5731587]: 0.09999999403953552
python GlobalMagnitudePruningModifier [4695 - 1732084361.9713478]: Calling update with:
args: <class '__main__.SimpleSparseNet'>| <class 'torch.optim.sgd.SGD'>| 
kwargs: epoch: 2.504| steps_per_epoch: 1875| 
python GlobalMagnitudePruningModifier [4695 - 1732084361.9719925]: 
Returned: <class 'NoneType'>| 

python ParamPruning/fc1.weight [4695 - 1732084361.9720988]: 0.5452805757522583
python ParamPruning/fc2.weight [4695 - 1732084361.9721575]: 0.18333333730697632
python ParamPruning/fc3.weight [4695 - 1732084361.9722054]: 0.10999999940395355
python GlobalMagnitudePruningModifier [4883 - 1732084362.3690267]: Calling update with:
args: <class '__main__.SimpleSparseNet'>| <class 'torch.optim.sgd.SGD'>| 
kwargs: epoch: 2.6042666666666667| steps_per_epoch: 1875| 
python GlobalMagnitudePruningModifier [4883 - 1732084362.3696463]: 
Returned: <class 'NoneType'>| 

python ParamPruning/fc1.weight [4883 - 1732084362.3697479]: 0.5584608912467957
python ParamPruning/fc2.weight [4883 - 1732084362.3698134]: 0.18333333730697632
python ParamPruning/fc3.weight [4883 - 1732084362.369867]: 0.10999999940395355
python GlobalMagnitudePruningModifier [5071 - 1732084362.768377]: Calling update with:
args: <class '__main__.SimpleSparseNet'>| <class 'torch.optim.sgd.SGD'>| 
kwargs: epoch: 2.7045333333333335| steps_per_epoch: 1875| 
python GlobalMagnitudePruningModifier [5071 - 1732084362.7690082]: 
Returned: <class 'NoneType'>| 

python ParamPruning/fc1.weight [5071 - 1732084362.7691135]: 0.569727897644043
python ParamPruning/fc2.weight [5071 - 1732084362.769178]: 0.18333333730697632
python ParamPruning/fc3.weight [5071 - 1732084362.7692277]: 0.11999999731779099
python GlobalMagnitudePruningModifier [5259 - 1732084363.1655047]: Calling update with:
args: <class '__main__.SimpleSparseNet'>| <class 'torch.optim.sgd.SGD'>| 
kwargs: epoch: 2.8048| steps_per_epoch: 1875| 
python GlobalMagnitudePruningModifier [5259 - 1732084363.1661384]: 
Returned: <class 'NoneType'>| 

python ParamPruning/fc1.weight [5259 - 1732084363.1662426]: 0.5792942047119141
python ParamPruning/fc2.weight [5259 - 1732084363.1663063]: 0.20000001788139343
python ParamPruning/fc3.weight [5259 - 1732084363.166357]: 0.11999999731779099
python GlobalMagnitudePruningModifier [5447 - 1732084363.5623956]: Calling update with:
args: <class '__main__.SimpleSparseNet'>| <class 'torch.optim.sgd.SGD'>| 
kwargs: epoch: 2.9050666666666665| steps_per_epoch: 1875| 
python GlobalMagnitudePruningModifier [5447 - 1732084363.5630393]: 
Returned: <class 'NoneType'>| 

python ParamPruning/fc1.weight [5447 - 1732084363.5631423]: 0.5875850319862366
python ParamPruning/fc2.weight [5447 - 1732084363.563205]: 0.20000001788139343
python ParamPruning/fc3.weight [5447 - 1732084363.5632555]: 0.11999999731779099
python GlobalMagnitudePruningModifier [5635 - 1732084364.4895306]: Calling update with:
args: <class '__main__.SimpleSparseNet'>| <class 'torch.optim.sgd.SGD'>| 
kwargs: epoch: 3.005333333333333| steps_per_epoch: 1875| 
python GlobalMagnitudePruningModifier [5635 - 1732084364.4902763]: 
Returned: <class 'NoneType'>| 

python ParamPruning/fc1.weight [5635 - 1732084364.4903893]: 0.5946003198623657
python ParamPruning/fc2.weight [5635 - 1732084364.4904492]: 0.20000001788139343
python ParamPruning/fc3.weight [5635 - 1732084364.490497]: 0.11999999731779099
python GlobalMagnitudePruningModifier [5823 - 1732084364.935004]: Calling update with:
args: <class '__main__.SimpleSparseNet'>| <class 'torch.optim.sgd.SGD'>| 
kwargs: epoch: 3.1056| steps_per_epoch: 1875| 
python GlobalMagnitudePruningModifier [5823 - 1732084364.9356515]: 
Returned: <class 'NoneType'>| 

python ParamPruning/fc1.weight [5823 - 1732084364.9357557]: 0.6003401279449463
python ParamPruning/fc2.weight [5823 - 1732084364.9358268]: 0.20000001788139343
python ParamPruning/fc3.weight [5823 - 1732084364.935877]: 0.11999999731779099
python GlobalMagnitudePruningModifier [6011 - 1732084365.381139]: Calling update with:
args: <class '__main__.SimpleSparseNet'>| <class 'torch.optim.sgd.SGD'>| 
kwargs: epoch: 3.2058666666666666| steps_per_epoch: 1875| 
python GlobalMagnitudePruningModifier [6011 - 1732084365.3818338]: 
Returned: <class 'NoneType'>| 

python ParamPruning/fc1.weight [6011 - 1732084365.3819506]: 0.6045918464660645
python ParamPruning/fc2.weight [6011 - 1732084365.3820117]: 0.20000001788139343
python ParamPruning/fc3.weight [6011 - 1732084365.3820612]: 0.12999999523162842
python GlobalMagnitudePruningModifier [6199 - 1732084365.8234506]: Calling update with:
args: <class '__main__.SimpleSparseNet'>| <class 'torch.optim.sgd.SGD'>| 
kwargs: epoch: 3.3061333333333334| steps_per_epoch: 1875| 
python GlobalMagnitudePruningModifier [6199 - 1732084365.824116]: 
Returned: <class 'NoneType'>| 

python ParamPruning/fc1.weight [6199 - 1732084365.8242238]: 0.6079931855201721
python ParamPruning/fc2.weight [6199 - 1732084365.8242853]: 0.20000001788139343
python ParamPruning/fc3.weight [6199 - 1732084365.824334]: 0.12999999523162842
python GlobalMagnitudePruningModifier [6387 - 1732084366.267046]: Calling update with:
args: <class '__main__.SimpleSparseNet'>| <class 'torch.optim.sgd.SGD'>| 
kwargs: epoch: 3.4064| steps_per_epoch: 1875| 
python GlobalMagnitudePruningModifier [6387 - 1732084366.2678506]: 
Returned: <class 'NoneType'>| 

python ParamPruning/fc1.weight [6387 - 1732084366.267968]: 0.6107568144798279
python ParamPruning/fc2.weight [6387 - 1732084366.2680328]: 0.20000001788139343
python ParamPruning/fc3.weight [6387 - 1732084366.2680838]: 0.12999999523162842
python GlobalMagnitudePruningModifier [6575 - 1732084366.7126186]: Calling update with:
args: <class '__main__.SimpleSparseNet'>| <class 'torch.optim.sgd.SGD'>| 
kwargs: epoch: 3.506666666666667| steps_per_epoch: 1875| 
python GlobalMagnitudePruningModifier [6575 - 1732084366.7132895]: 
Returned: <class 'NoneType'>| 

python ParamPruning/fc1.weight [6575 - 1732084366.713395]: 0.6124574542045593
python ParamPruning/fc2.weight [6575 - 1732084366.7134538]: 0.20000001788139343
python ParamPruning/fc3.weight [6575 - 1732084366.7135026]: 0.14000000059604645
python GlobalMagnitudePruningModifier [6763 - 1732084367.1577826]: Calling update with:
args: <class '__main__.SimpleSparseNet'>| <class 'torch.optim.sgd.SGD'>| 
kwargs: epoch: 3.606933333333333| steps_per_epoch: 1875| 
python GlobalMagnitudePruningModifier [6763 - 1732084367.158554]: 
Returned: <class 'NoneType'>| 

python ParamPruning/fc1.weight [6763 - 1732084367.1586916]: 0.6133078336715698
python ParamPruning/fc2.weight [6763 - 1732084367.158767]: 0.20000001788139343
python ParamPruning/fc3.weight [6763 - 1732084367.1588264]: 0.14999999105930328
python GlobalMagnitudePruningModifier [6951 - 1732084367.6039934]: Calling update with:
args: <class '__main__.SimpleSparseNet'>| <class 'torch.optim.sgd.SGD'>| 
kwargs: epoch: 3.7072000000000003| steps_per_epoch: 1875| 
python GlobalMagnitudePruningModifier [6951 - 1732084367.604651]: 
Returned: <class 'NoneType'>| 

python ParamPruning/fc1.weight [6951 - 1732084367.604757]: 0.6141581535339355
python ParamPruning/fc2.weight [6951 - 1732084367.6048245]: 0.20000001788139343
python ParamPruning/fc3.weight [6951 - 1732084367.6048756]: 0.14999999105930328
python GlobalMagnitudePruningModifier [7139 - 1732084368.0507576]: Calling update with:
args: <class '__main__.SimpleSparseNet'>| <class 'torch.optim.sgd.SGD'>| 
kwargs: epoch: 3.8074666666666666| steps_per_epoch: 1875| 
python GlobalMagnitudePruningModifier [7139 - 1732084368.0513885]: 
Returned: <class 'NoneType'>| 

python ParamPruning/fc1.weight [7139 - 1732084368.0514941]: 0.6143707633018494
python ParamPruning/fc2.weight [7139 - 1732084368.0515554]: 0.21666668355464935
python ParamPruning/fc3.weight [7139 - 1732084368.0516045]: 0.14999999105930328
python GlobalMagnitudePruningModifier [7327 - 1732084368.4988744]: Calling update with:
args: <class '__main__.SimpleSparseNet'>| <class 'torch.optim.sgd.SGD'>| 
kwargs: epoch: 3.9077333333333333| steps_per_epoch: 1875| 
python GlobalMagnitudePruningModifier [7327 - 1732084368.5210109]: 
Returned: <class 'NoneType'>| 

python ParamPruning/fc1.weight [7327 - 1732084368.5211813]: 0.6143707633018494
python ParamPruning/fc2.weight [7327 - 1732084368.5212483]: 0.21666668355464935
python ParamPruning/fc3.weight [7327 - 1732084368.5213027]: 0.14999999105930328
python GlobalMagnitudePruningModifier [1875 - 1732084379.2508996]: Calling update with:
args: <class '__main__.SimpleSparseNet'>| <class 'torch.optim.sgd.SGD'>| 
kwargs: epoch: 1.0| steps_per_epoch: 1875| 
python GlobalMagnitudePruningModifier [1875 - 1732084379.2516701]: 
Returned: <class 'NoneType'>| 

python ParamPruning/fc1.weight [1875 - 1732084379.251807]: 0.051232993602752686
python ParamPruning/fc2.weight [1875 - 1732084379.2518787]: 0.03333333507180214
python ParamPruning/fc3.weight [1875 - 1732084379.2519329]: 0.0
python GlobalMagnitudePruningModifier [2063 - 1732084379.696667]: Calling update with:
args: <class '__main__.SimpleSparseNet'>| <class 'torch.optim.sgd.SGD'>| 
kwargs: epoch: 1.1002666666666667| steps_per_epoch: 1875| 
python GlobalMagnitudePruningModifier [2063 - 1732084379.6973648]: 
Returned: <class 'NoneType'>| 

python ParamPruning/fc1.weight [2063 - 1732084379.697469]: 0.11628401279449463
python ParamPruning/fc2.weight [2063 - 1732084379.6975267]: 0.05000000447034836
python ParamPruning/fc3.weight [2063 - 1732084379.697575]: 0.0
python GlobalMagnitudePruningModifier [2251 - 1732084380.1411521]: Calling update with:
args: <class '__main__.SimpleSparseNet'>| <class 'torch.optim.sgd.SGD'>| 
kwargs: epoch: 1.2005333333333335| steps_per_epoch: 1875| 
python GlobalMagnitudePruningModifier [2251 - 1732084380.1418679]: 
Returned: <class 'NoneType'>| 

python ParamPruning/fc1.weight [2251 - 1732084380.1419797]: 0.17665815353393555
python ParamPruning/fc2.weight [2251 - 1732084380.1420395]: 0.0833333358168602
python ParamPruning/fc3.weight [2251 - 1732084380.1420877]: 0.0
python GlobalMagnitudePruningModifier [2439 - 1732084380.586208]: Calling update with:
args: <class '__main__.SimpleSparseNet'>| <class 'torch.optim.sgd.SGD'>| 
kwargs: epoch: 1.3008| steps_per_epoch: 1875| 
python GlobalMagnitudePruningModifier [2439 - 1732084380.5868824]: 
Returned: <class 'NoneType'>| 

python ParamPruning/fc1.weight [2439 - 1732084380.586987]: 0.23299318552017212
python ParamPruning/fc2.weight [2439 - 1732084380.5870452]: 0.10000000894069672
python ParamPruning/fc3.weight [2439 - 1732084380.5870917]: 0.0
python GlobalMagnitudePruningModifier [2627 - 1732084381.0332007]: Calling update with:
args: <class '__main__.SimpleSparseNet'>| <class 'torch.optim.sgd.SGD'>| 
kwargs: epoch: 1.4010666666666667| steps_per_epoch: 1875| 
python GlobalMagnitudePruningModifier [2627 - 1732084381.0338645]: 
Returned: <class 'NoneType'>| 

python ParamPruning/fc1.weight [2627 - 1732084381.0339699]: 0.2850765287876129
python ParamPruning/fc2.weight [2627 - 1732084381.0340285]: 0.11666667461395264
python ParamPruning/fc3.weight [2627 - 1732084381.0340788]: 0.009999999776482582
python GlobalMagnitudePruningModifier [2815 - 1732084381.478227]: Calling update with:
args: <class '__main__.SimpleSparseNet'>| <class 'torch.optim.sgd.SGD'>| 
kwargs: epoch: 1.5013333333333332| steps_per_epoch: 1875| 
python GlobalMagnitudePruningModifier [2815 - 1732084381.4789472]: 
Returned: <class 'NoneType'>| 

python ParamPruning/fc1.weight [2815 - 1732084381.479061]: 0.33290815353393555
python ParamPruning/fc2.weight [2815 - 1732084381.4791255]: 0.15000000596046448
python ParamPruning/fc3.weight [2815 - 1732084381.4791746]: 0.029999999329447746
python GlobalMagnitudePruningModifier [3003 - 1732084381.9250627]: Calling update with:
args: <class '__main__.SimpleSparseNet'>| <class 'torch.optim.sgd.SGD'>| 
kwargs: epoch: 1.6016| steps_per_epoch: 1875| 
python GlobalMagnitudePruningModifier [3003 - 1732084381.925723]: 
Returned: <class 'NoneType'>| 

python ParamPruning/fc1.weight [3003 - 1732084381.9258404]: 0.37755101919174194
python ParamPruning/fc2.weight [3003 - 1732084381.9259076]: 0.1666666716337204
python ParamPruning/fc3.weight [3003 - 1732084381.9259577]: 0.029999999329447746
python GlobalMagnitudePruningModifier [3191 - 1732084382.3725007]: Calling update with:
args: <class '__main__.SimpleSparseNet'>| <class 'torch.optim.sgd.SGD'>| 
kwargs: epoch: 1.7018666666666666| steps_per_epoch: 1875| 
python GlobalMagnitudePruningModifier [3191 - 1732084382.3731449]: 
Returned: <class 'NoneType'>| 

python ParamPruning/fc1.weight [3191 - 1732084382.3732507]: 0.41857993602752686
python ParamPruning/fc2.weight [3191 - 1732084382.3733091]: 0.1666666716337204
python ParamPruning/fc3.weight [3191 - 1732084382.3733573]: 0.04999999701976776
python GlobalMagnitudePruningModifier [3379 - 1732084382.8185]: Calling update with:
args: <class '__main__.SimpleSparseNet'>| <class 'torch.optim.sgd.SGD'>| 
kwargs: epoch: 1.8021333333333334| steps_per_epoch: 1875| 
python GlobalMagnitudePruningModifier [3379 - 1732084382.81916]: 
Returned: <class 'NoneType'>| 

python ParamPruning/fc1.weight [3379 - 1732084382.819264]: 0.45556971430778503
python ParamPruning/fc2.weight [3379 - 1732084382.819321]: 0.18333333730697632
python ParamPruning/fc3.weight [3379 - 1732084382.819369]: 0.07999999821186066
python GlobalMagnitudePruningModifier [3567 - 1732084383.2620995]: Calling update with:
args: <class '__main__.SimpleSparseNet'>| <class 'torch.optim.sgd.SGD'>| 
kwargs: epoch: 1.9024| steps_per_epoch: 1875| 
python GlobalMagnitudePruningModifier [3567 - 1732084383.262754]: 
Returned: <class 'NoneType'>| 

python ParamPruning/fc1.weight [3567 - 1732084383.2628686]: 0.49000850319862366
python ParamPruning/fc2.weight [3567 - 1732084383.262927]: 0.18333333730697632
python ParamPruning/fc3.weight [3567 - 1732084383.2629747]: 0.07999999821186066
python GlobalMagnitudePruningModifier [3755 - 1732084384.245472]: Calling update with:
args: <class '__main__.SimpleSparseNet'>| <class 'torch.optim.sgd.SGD'>| 
kwargs: epoch: 2.002666666666667| steps_per_epoch: 1875| 
python GlobalMagnitudePruningModifier [3755 - 1732084384.2464085]: 
Returned: <class 'NoneType'>| 

python ParamPruning/fc1.weight [3755 - 1732084384.2465532]: 0.5212584733963013
python ParamPruning/fc2.weight [3755 - 1732084384.2466273]: 0.20000001788139343
python ParamPruning/fc3.weight [3755 - 1732084384.2466848]: 0.07999999821186066
python GlobalMagnitudePruningModifier [3943 - 1732084384.691003]: Calling update with:
args: <class '__main__.SimpleSparseNet'>| <class 'torch.optim.sgd.SGD'>| 
kwargs: epoch: 2.1029333333333335| steps_per_epoch: 1875| 
python GlobalMagnitudePruningModifier [3943 - 1732084384.6916575]: 
Returned: <class 'NoneType'>| 

python ParamPruning/fc1.weight [3943 - 1732084384.6917667]: 0.5493197441101074
python ParamPruning/fc2.weight [3943 - 1732084384.6918604]: 0.20000001788139343
python ParamPruning/fc3.weight [3943 - 1732084384.6919148]: 0.08999999612569809
python GlobalMagnitudePruningModifier [4131 - 1732084385.1367595]: Calling update with:
args: <class '__main__.SimpleSparseNet'>| <class 'torch.optim.sgd.SGD'>| 
kwargs: epoch: 2.2032| steps_per_epoch: 1875| 
python GlobalMagnitudePruningModifier [4131 - 1732084385.13746]: 
Returned: <class 'NoneType'>| 

python ParamPruning/fc1.weight [4131 - 1732084385.13757]: 0.5748299360275269
python ParamPruning/fc2.weight [4131 - 1732084385.1376312]: 0.21666668355464935
python ParamPruning/fc3.weight [4131 - 1732084385.137679]: 0.08999999612569809
python GlobalMagnitudePruningModifier [4319 - 1732084385.5818005]: Calling update with:
args: <class '__main__.SimpleSparseNet'>| <class 'torch.optim.sgd.SGD'>| 
kwargs: epoch: 2.3034666666666666| steps_per_epoch: 1875| 
python GlobalMagnitudePruningModifier [4319 - 1732084385.5824318]: 
Returned: <class 'NoneType'>| 

python ParamPruning/fc1.weight [4319 - 1732084385.582531]: 0.5975764989852905
python ParamPruning/fc2.weight [4319 - 1732084385.58259]: 0.21666668355464935
python ParamPruning/fc3.weight [4319 - 1732084385.5826395]: 0.08999999612569809
python GlobalMagnitudePruningModifier [4507 - 1732084386.042218]: Calling update with:
args: <class '__main__.SimpleSparseNet'>| <class 'torch.optim.sgd.SGD'>| 
kwargs: epoch: 2.4037333333333333| steps_per_epoch: 1875| 
python GlobalMagnitudePruningModifier [4507 - 1732084386.0429807]: 
Returned: <class 'NoneType'>| 

python ParamPruning/fc1.weight [4507 - 1732084386.043101]: 0.6179846525192261
python ParamPruning/fc2.weight [4507 - 1732084386.043163]: 0.21666668355464935
python ParamPruning/fc3.weight [4507 - 1732084386.0432122]: 0.08999999612569809
python GlobalMagnitudePruningModifier [4695 - 1732084386.4973962]: Calling update with:
args: <class '__main__.SimpleSparseNet'>| <class 'torch.optim.sgd.SGD'>| 
kwargs: epoch: 2.504| steps_per_epoch: 1875| 
python GlobalMagnitudePruningModifier [4695 - 1732084386.4981089]: 
Returned: <class 'NoneType'>| 

python ParamPruning/fc1.weight [4695 - 1732084386.4982224]: 0.6354166269302368
python ParamPruning/fc2.weight [4695 - 1732084386.4982827]: 0.23333334922790527
python ParamPruning/fc3.weight [4695 - 1732084386.4983327]: 0.09999999403953552
python GlobalMagnitudePruningModifier [4883 - 1732084386.9455106]: Calling update with:
args: <class '__main__.SimpleSparseNet'>| <class 'torch.optim.sgd.SGD'>| 
kwargs: epoch: 2.6042666666666667| steps_per_epoch: 1875| 
python GlobalMagnitudePruningModifier [4883 - 1732084386.9461703]: 
Returned: <class 'NoneType'>| 

python ParamPruning/fc1.weight [4883 - 1732084386.9462743]: 0.6502975821495056
python ParamPruning/fc2.weight [4883 - 1732084386.9463325]: 0.2666666805744171
python ParamPruning/fc3.weight [4883 - 1732084386.9463797]: 0.10999999940395355
python GlobalMagnitudePruningModifier [5071 - 1732084387.3908408]: Calling update with:
args: <class '__main__.SimpleSparseNet'>| <class 'torch.optim.sgd.SGD'>| 
kwargs: epoch: 2.7045333333333335| steps_per_epoch: 1875| 
python GlobalMagnitudePruningModifier [5071 - 1732084387.3914807]: 
Returned: <class 'NoneType'>| 

python ParamPruning/fc1.weight [5071 - 1732084387.3916128]: 0.6630526781082153
python ParamPruning/fc2.weight [5071 - 1732084387.3916738]: 0.2666666805744171
python ParamPruning/fc3.weight [5071 - 1732084387.391725]: 0.14999999105930328
python GlobalMagnitudePruningModifier [5259 - 1732084387.833892]: Calling update with:
args: <class '__main__.SimpleSparseNet'>| <class 'torch.optim.sgd.SGD'>| 
kwargs: epoch: 2.8048| steps_per_epoch: 1875| 
python GlobalMagnitudePruningModifier [5259 - 1732084387.8345451]: 
Returned: <class 'NoneType'>| 

python ParamPruning/fc1.weight [5259 - 1732084387.8346488]: 0.6741071343421936
python ParamPruning/fc2.weight [5259 - 1732084387.8347096]: 0.2666666805744171
python ParamPruning/fc3.weight [5259 - 1732084387.8347588]: 0.17999999225139618
python GlobalMagnitudePruningModifier [5447 - 1732084388.2788618]: Calling update with:
args: <class '__main__.SimpleSparseNet'>| <class 'torch.optim.sgd.SGD'>| 
kwargs: epoch: 2.9050666666666665| steps_per_epoch: 1875| 
python GlobalMagnitudePruningModifier [5447 - 1732084388.2795625]: 
Returned: <class 'NoneType'>| 

python ParamPruning/fc1.weight [5447 - 1732084388.2796667]: 0.6834608912467957
python ParamPruning/fc2.weight [5447 - 1732084388.2797265]: 0.28333336114883423
python ParamPruning/fc3.weight [5447 - 1732084388.279778]: 0.1899999976158142
python GlobalMagnitudePruningModifier [5635 - 1732084389.2484577]: Calling update with:
args: <class '__main__.SimpleSparseNet'>| <class 'torch.optim.sgd.SGD'>| 
kwargs: epoch: 3.005333333333333| steps_per_epoch: 1875| 
python GlobalMagnitudePruningModifier [5635 - 1732084389.2491555]: 
Returned: <class 'NoneType'>| 

python ParamPruning/fc1.weight [5635 - 1732084389.2492716]: 0.6915391087532043
python ParamPruning/fc2.weight [5635 - 1732084389.2493353]: 0.28333336114883423
python ParamPruning/fc3.weight [5635 - 1732084389.2493846]: 0.19999998807907104
python GlobalMagnitudePruningModifier [5823 - 1732084389.6623929]: Calling update with:
args: <class '__main__.SimpleSparseNet'>| <class 'torch.optim.sgd.SGD'>| 
kwargs: epoch: 3.1056| steps_per_epoch: 1875| 
python GlobalMagnitudePruningModifier [5823 - 1732084389.663042]: 
Returned: <class 'NoneType'>| 

python ParamPruning/fc1.weight [5823 - 1732084389.6631455]: 0.6979166269302368
python ParamPruning/fc2.weight [5823 - 1732084389.6632113]: 0.28333336114883423
python ParamPruning/fc3.weight [5823 - 1732084389.6632597]: 0.20999999344348907
python GlobalMagnitudePruningModifier [6011 - 1732084390.1068084]: Calling update with:
args: <class '__main__.SimpleSparseNet'>| <class 'torch.optim.sgd.SGD'>| 
kwargs: epoch: 3.2058666666666666| steps_per_epoch: 1875| 
python GlobalMagnitudePruningModifier [6011 - 1732084390.1074977]: 
Returned: <class 'NoneType'>| 

python ParamPruning/fc1.weight [6011 - 1732084390.107602]: 0.7030186653137207
python ParamPruning/fc2.weight [6011 - 1732084390.1076598]: 0.28333336114883423
python ParamPruning/fc3.weight [6011 - 1732084390.1077092]: 0.2199999988079071
python GlobalMagnitudePruningModifier [6199 - 1732084390.5506074]: Calling update with:
args: <class '__main__.SimpleSparseNet'>| <class 'torch.optim.sgd.SGD'>| 
kwargs: epoch: 3.3061333333333334| steps_per_epoch: 1875| 
python GlobalMagnitudePruningModifier [6199 - 1732084390.5512557]: 
Returned: <class 'NoneType'>| 

python ParamPruning/fc1.weight [6199 - 1732084390.5513628]: 0.7070578336715698
python ParamPruning/fc2.weight [6199 - 1732084390.5514219]: 0.28333336114883423
python ParamPruning/fc3.weight [6199 - 1732084390.5514717]: 0.22999998927116394
python GlobalMagnitudePruningModifier [6387 - 1732084390.993639]: Calling update with:
args: <class '__main__.SimpleSparseNet'>| <class 'torch.optim.sgd.SGD'>| 
kwargs: epoch: 3.4064| steps_per_epoch: 1875| 
python GlobalMagnitudePruningModifier [6387 - 1732084390.9942951]: 
Returned: <class 'NoneType'>| 

python ParamPruning/fc1.weight [6387 - 1732084390.994398]: 0.7098214030265808
python ParamPruning/fc2.weight [6387 - 1732084390.9944558]: 0.28333336114883423
python ParamPruning/fc3.weight [6387 - 1732084390.9945052]: 0.23999999463558197
python GlobalMagnitudePruningModifier [6575 - 1732084391.4391308]: Calling update with:
args: <class '__main__.SimpleSparseNet'>| <class 'torch.optim.sgd.SGD'>| 
kwargs: epoch: 3.506666666666667| steps_per_epoch: 1875| 
python GlobalMagnitudePruningModifier [6575 - 1732084391.4397933]: 
Returned: <class 'NoneType'>| 

python ParamPruning/fc1.weight [6575 - 1732084391.4399028]: 0.7119472622871399
python ParamPruning/fc2.weight [6575 - 1732084391.4399629]: 0.30000001192092896
python ParamPruning/fc3.weight [6575 - 1732084391.440012]: 0.23999999463558197
python GlobalMagnitudePruningModifier [6763 - 1732084391.8847218]: Calling update with:
args: <class '__main__.SimpleSparseNet'>| <class 'torch.optim.sgd.SGD'>| 
kwargs: epoch: 3.606933333333333| steps_per_epoch: 1875| 
python GlobalMagnitudePruningModifier [6763 - 1732084391.8853908]: 
Returned: <class 'NoneType'>| 

python ParamPruning/fc1.weight [6763 - 1732084391.885497]: 0.7134353518486023
python ParamPruning/fc2.weight [6763 - 1732084391.8855572]: 0.30000001192092896
python ParamPruning/fc3.weight [6763 - 1732084391.885604]: 0.23999999463558197
python GlobalMagnitudePruningModifier [6951 - 1732084392.3298151]: Calling update with:
args: <class '__main__.SimpleSparseNet'>| <class 'torch.optim.sgd.SGD'>| 
kwargs: epoch: 3.7072000000000003| steps_per_epoch: 1875| 
python GlobalMagnitudePruningModifier [6951 - 1732084392.3304708]: 
Returned: <class 'NoneType'>| 

python ParamPruning/fc1.weight [6951 - 1732084392.3305745]: 0.714285671710968
python ParamPruning/fc2.weight [6951 - 1732084392.3306339]: 0.30000001192092896
python ParamPruning/fc3.weight [6951 - 1732084392.3306835]: 0.23999999463558197
python GlobalMagnitudePruningModifier [7139 - 1732084392.7726722]: Calling update with:
args: <class '__main__.SimpleSparseNet'>| <class 'torch.optim.sgd.SGD'>| 
kwargs: epoch: 3.8074666666666666| steps_per_epoch: 1875| 
python GlobalMagnitudePruningModifier [7139 - 1732084392.7733319]: 
Returned: <class 'NoneType'>| 

python ParamPruning/fc1.weight [7139 - 1732084392.77345]: 0.7147108912467957
python ParamPruning/fc2.weight [7139 - 1732084392.7735367]: 0.30000001192092896
python ParamPruning/fc3.weight [7139 - 1732084392.7735903]: 0.23999999463558197
python GlobalMagnitudePruningModifier [7327 - 1732084393.2184627]: Calling update with:
args: <class '__main__.SimpleSparseNet'>| <class 'torch.optim.sgd.SGD'>| 
kwargs: epoch: 3.9077333333333333| steps_per_epoch: 1875| 
python GlobalMagnitudePruningModifier [7327 - 1732084393.2191277]: 
Returned: <class 'NoneType'>| 

python ParamPruning/fc1.weight [7327 - 1732084393.2192528]: 0.7149234414100647
python ParamPruning/fc2.weight [7327 - 1732084393.2193196]: 0.30000001192092896
python ParamPruning/fc3.weight [7327 - 1732084393.2193682]: 0.23999999463558197
python GlobalMagnitudePruningModifier [1875 - 1732084403.8963494]: Calling update with:
args: <class '__main__.SimpleSparseNet'>| <class 'torch.optim.sgd.SGD'>| 
kwargs: epoch: 1.0| steps_per_epoch: 1875| 
python GlobalMagnitudePruningModifier [1875 - 1732084403.897119]: 
Returned: <class 'NoneType'>| 

python ParamPruning/fc1.weight [1875 - 1732084403.8972454]: 0.051232993602752686
python ParamPruning/fc2.weight [1875 - 1732084403.897317]: 0.03333333507180214
python ParamPruning/fc3.weight [1875 - 1732084403.8973737]: 0.0
python GlobalMagnitudePruningModifier [2063 - 1732084404.2975812]: Calling update with:
args: <class '__main__.SimpleSparseNet'>| <class 'torch.optim.sgd.SGD'>| 
kwargs: epoch: 1.1002666666666667| steps_per_epoch: 1875| 
python GlobalMagnitudePruningModifier [2063 - 1732084404.2982266]: 
Returned: <class 'NoneType'>| 

python ParamPruning/fc1.weight [2063 - 1732084404.2983344]: 0.12096088379621506
python ParamPruning/fc2.weight [2063 - 1732084404.298396]: 0.05000000447034836
python ParamPruning/fc3.weight [2063 - 1732084404.2984455]: 0.009999999776482582
python GlobalMagnitudePruningModifier [2251 - 1732084404.725677]: Calling update with:
args: <class '__main__.SimpleSparseNet'>| <class 'torch.optim.sgd.SGD'>| 
kwargs: epoch: 1.2005333333333335| steps_per_epoch: 1875| 
python GlobalMagnitudePruningModifier [2251 - 1732084404.7263508]: 
Returned: <class 'NoneType'>| 

python ParamPruning/fc1.weight [2251 - 1732084404.726462]: 0.18622449040412903
python ParamPruning/fc2.weight [2251 - 1732084404.7265224]: 0.06666667014360428
python ParamPruning/fc3.weight [2251 - 1732084404.7265713]: 0.009999999776482582
python GlobalMagnitudePruningModifier [2439 - 1732084405.181522]: Calling update with:
args: <class '__main__.SimpleSparseNet'>| <class 'torch.optim.sgd.SGD'>| 
kwargs: epoch: 1.3008| steps_per_epoch: 1875| 
python GlobalMagnitudePruningModifier [2439 - 1732084405.1821868]: 
Returned: <class 'NoneType'>| 

python ParamPruning/fc1.weight [2439 - 1732084405.1822898]: 0.24638605117797852
python ParamPruning/fc2.weight [2439 - 1732084405.1823492]: 0.10000000894069672
python ParamPruning/fc3.weight [2439 - 1732084405.1823988]: 0.029999999329447746
python GlobalMagnitudePruningModifier [2627 - 1732084405.6264007]: Calling update with:
args: <class '__main__.SimpleSparseNet'>| <class 'torch.optim.sgd.SGD'>| 
kwargs: epoch: 1.4010666666666667| steps_per_epoch: 1875| 
python GlobalMagnitudePruningModifier [2627 - 1732084405.6270733]: 
Returned: <class 'NoneType'>| 

python ParamPruning/fc1.weight [2627 - 1732084405.6271818]: 0.30250850319862366
python ParamPruning/fc2.weight [2627 - 1732084405.6272414]: 0.11666667461395264
python ParamPruning/fc3.weight [2627 - 1732084405.6272907]: 0.03999999910593033
python GlobalMagnitudePruningModifier [2815 - 1732084406.0730727]: Calling update with:
args: <class '__main__.SimpleSparseNet'>| <class 'torch.optim.sgd.SGD'>| 
kwargs: epoch: 1.5013333333333332| steps_per_epoch: 1875| 
python GlobalMagnitudePruningModifier [2815 - 1732084406.073761]: 
Returned: <class 'NoneType'>| 

python ParamPruning/fc1.weight [2815 - 1732084406.073876]: 0.35437923669815063
python ParamPruning/fc2.weight [2815 - 1732084406.0739536]: 0.13333334028720856
python ParamPruning/fc3.weight [2815 - 1732084406.074002]: 0.05999999865889549
python GlobalMagnitudePruningModifier [3003 - 1732084406.5201788]: Calling update with:
args: <class '__main__.SimpleSparseNet'>| <class 'torch.optim.sgd.SGD'>| 
kwargs: epoch: 1.6016| steps_per_epoch: 1875| 
python GlobalMagnitudePruningModifier [3003 - 1732084406.5208702]: 
Returned: <class 'NoneType'>| 

python ParamPruning/fc1.weight [3003 - 1732084406.520992]: 0.4026360511779785
python ParamPruning/fc2.weight [3003 - 1732084406.5210526]: 0.13333334028720856
python ParamPruning/fc3.weight [3003 - 1732084406.521103]: 0.05999999865889549
python GlobalMagnitudePruningModifier [3191 - 1732084406.965564]: Calling update with:
args: <class '__main__.SimpleSparseNet'>| <class 'torch.optim.sgd.SGD'>| 
kwargs: epoch: 1.7018666666666666| steps_per_epoch: 1875| 
python GlobalMagnitudePruningModifier [3191 - 1732084406.9662414]: 
Returned: <class 'NoneType'>| 

python ParamPruning/fc1.weight [3191 - 1732084406.9663458]: 0.4464285671710968
python ParamPruning/fc2.weight [3191 - 1732084406.9664037]: 0.15000000596046448
python ParamPruning/fc3.weight [3191 - 1732084406.9664521]: 0.07999999821186066
python GlobalMagnitudePruningModifier [3379 - 1732084407.4111981]: Calling update with:
args: <class '__main__.SimpleSparseNet'>| <class 'torch.optim.sgd.SGD'>| 
kwargs: epoch: 1.8021333333333334| steps_per_epoch: 1875| 
python GlobalMagnitudePruningModifier [3379 - 1732084407.4118752]: 
Returned: <class 'NoneType'>| 

python ParamPruning/fc1.weight [3379 - 1732084407.411985]: 0.48703229427337646
python ParamPruning/fc2.weight [3379 - 1732084407.412042]: 0.1666666716337204
python ParamPruning/fc3.weight [3379 - 1732084407.4120922]: 0.07999999821186066
python GlobalMagnitudePruningModifier [3567 - 1732084407.8576295]: Calling update with:
args: <class '__main__.SimpleSparseNet'>| <class 'torch.optim.sgd.SGD'>| 
kwargs: epoch: 1.9024| steps_per_epoch: 1875| 
python GlobalMagnitudePruningModifier [3567 - 1732084407.858308]: 
Returned: <class 'NoneType'>| 

python ParamPruning/fc1.weight [3567 - 1732084407.8584132]: 0.524022102355957
python ParamPruning/fc2.weight [3567 - 1732084407.8584719]: 0.18333333730697632
python ParamPruning/fc3.weight [3567 - 1732084407.858521]: 0.07999999821186066
python GlobalMagnitudePruningModifier [3755 - 1732084408.8298528]: Calling update with:
args: <class '__main__.SimpleSparseNet'>| <class 'torch.optim.sgd.SGD'>| 
kwargs: epoch: 2.002666666666667| steps_per_epoch: 1875| 
python GlobalMagnitudePruningModifier [3755 - 1732084408.8305488]: 
Returned: <class 'NoneType'>| 

python ParamPruning/fc1.weight [3755 - 1732084408.8306763]: 0.557823121547699
python ParamPruning/fc2.weight [3755 - 1732084408.8307543]: 0.18333333730697632
python ParamPruning/fc3.weight [3755 - 1732084408.830841]: 0.07999999821186066
python GlobalMagnitudePruningModifier [3943 - 1732084409.231463]: Calling update with:
args: <class '__main__.SimpleSparseNet'>| <class 'torch.optim.sgd.SGD'>| 
kwargs: epoch: 2.1029333333333335| steps_per_epoch: 1875| 
python GlobalMagnitudePruningModifier [3943 - 1732084409.2321231]: 
Returned: <class 'NoneType'>| 

python ParamPruning/fc1.weight [3943 - 1732084409.232231]: 0.5880101919174194
python ParamPruning/fc2.weight [3943 - 1732084409.2322924]: 0.20000001788139343
python ParamPruning/fc3.weight [3943 - 1732084409.2323415]: 0.08999999612569809
python GlobalMagnitudePruningModifier [4131 - 1732084409.6301188]: Calling update with:
args: <class '__main__.SimpleSparseNet'>| <class 'torch.optim.sgd.SGD'>| 
kwargs: epoch: 2.2032| steps_per_epoch: 1875| 
python GlobalMagnitudePruningModifier [4131 - 1732084409.6307814]: 
Returned: <class 'NoneType'>| 

python ParamPruning/fc1.weight [4131 - 1732084409.6308908]: 0.6152210831642151
python ParamPruning/fc2.weight [4131 - 1732084409.6309555]: 0.20000001788139343
python ParamPruning/fc3.weight [4131 - 1732084409.6310058]: 0.09999999403953552
python GlobalMagnitudePruningModifier [4319 - 1732084410.0705304]: Calling update with:
args: <class '__main__.SimpleSparseNet'>| <class 'torch.optim.sgd.SGD'>| 
kwargs: epoch: 2.3034666666666666| steps_per_epoch: 1875| 
python GlobalMagnitudePruningModifier [4319 - 1732084410.0711958]: 
Returned: <class 'NoneType'>| 

python ParamPruning/fc1.weight [4319 - 1732084410.0713022]: 0.6392431855201721
python ParamPruning/fc2.weight [4319 - 1732084410.0713608]: 0.23333334922790527
python ParamPruning/fc3.weight [4319 - 1732084410.0714166]: 0.10999999940395355
python GlobalMagnitudePruningModifier [4507 - 1732084410.519561]: Calling update with:
args: <class '__main__.SimpleSparseNet'>| <class 'torch.optim.sgd.SGD'>| 
kwargs: epoch: 2.4037333333333333| steps_per_epoch: 1875| 
python GlobalMagnitudePruningModifier [4507 - 1732084410.5202398]: 
Returned: <class 'NoneType'>| 

python ParamPruning/fc1.weight [4507 - 1732084410.5203512]: 0.6602891087532043
python ParamPruning/fc2.weight [4507 - 1732084410.5204122]: 0.25
python ParamPruning/fc3.weight [4507 - 1732084410.5204628]: 0.14000000059604645
python GlobalMagnitudePruningModifier [4695 - 1732084410.966204]: Calling update with:
args: <class '__main__.SimpleSparseNet'>| <class 'torch.optim.sgd.SGD'>| 
kwargs: epoch: 2.504| steps_per_epoch: 1875| 
python GlobalMagnitudePruningModifier [4695 - 1732084410.966884]: 
Returned: <class 'NoneType'>| 

python ParamPruning/fc1.weight [4695 - 1732084410.9669862]: 0.6789965629577637
python ParamPruning/fc2.weight [4695 - 1732084410.9670477]: 0.25
python ParamPruning/fc3.weight [4695 - 1732084410.9670963]: 0.17000000178813934
python GlobalMagnitudePruningModifier [4883 - 1732084411.411674]: Calling update with:
args: <class '__main__.SimpleSparseNet'>| <class 'torch.optim.sgd.SGD'>| 
kwargs: epoch: 2.6042666666666667| steps_per_epoch: 1875| 
python GlobalMagnitudePruningModifier [4883 - 1732084411.412354]: 
Returned: <class 'NoneType'>| 

python ParamPruning/fc1.weight [4883 - 1732084411.4124649]: 0.694727897644043
python ParamPruning/fc2.weight [4883 - 1732084411.4125254]: 0.30000001192092896
python ParamPruning/fc3.weight [4883 - 1732084411.4126]: 0.1899999976158142
python GlobalMagnitudePruningModifier [5071 - 1732084411.8591506]: Calling update with:
args: <class '__main__.SimpleSparseNet'>| <class 'torch.optim.sgd.SGD'>| 
kwargs: epoch: 2.7045333333333335| steps_per_epoch: 1875| 
python GlobalMagnitudePruningModifier [5071 - 1732084411.8598223]: 
Returned: <class 'NoneType'>| 

python ParamPruning/fc1.weight [5071 - 1732084411.8599284]: 0.7091836333274841
python ParamPruning/fc2.weight [5071 - 1732084411.859989]: 0.30000001192092896
python ParamPruning/fc3.weight [5071 - 1732084411.8600376]: 0.19999998807907104
python GlobalMagnitudePruningModifier [5259 - 1732084412.3031924]: Calling update with:
args: <class '__main__.SimpleSparseNet'>| <class 'torch.optim.sgd.SGD'>| 
kwargs: epoch: 2.8048| steps_per_epoch: 1875| 
python GlobalMagnitudePruningModifier [5259 - 1732084412.3038554]: 
Returned: <class 'NoneType'>| 

python ParamPruning/fc1.weight [5259 - 1732084412.303959]: 0.721513569355011
python ParamPruning/fc2.weight [5259 - 1732084412.3040187]: 0.30000001192092896
python ParamPruning/fc3.weight [5259 - 1732084412.3040671]: 0.20999999344348907
python GlobalMagnitudePruningModifier [5447 - 1732084412.743768]: Calling update with:
args: <class '__main__.SimpleSparseNet'>| <class 'torch.optim.sgd.SGD'>| 
kwargs: epoch: 2.9050666666666665| steps_per_epoch: 1875| 
python GlobalMagnitudePruningModifier [5447 - 1732084412.7444599]: 
Returned: <class 'NoneType'>| 

python ParamPruning/fc1.weight [5447 - 1732084412.7445652]: 0.7312924861907959
python ParamPruning/fc2.weight [5447 - 1732084412.744624]: 0.31666669249534607
python ParamPruning/fc3.weight [5447 - 1732084412.744674]: 0.22999998927116394
python GlobalMagnitudePruningModifier [5635 - 1732084413.710155]: Calling update with:
args: <class '__main__.SimpleSparseNet'>| <class 'torch.optim.sgd.SGD'>| 
kwargs: epoch: 3.005333333333333| steps_per_epoch: 1875| 
python GlobalMagnitudePruningModifier [5635 - 1732084413.7108483]: 
Returned: <class 'NoneType'>| 

python ParamPruning/fc1.weight [5635 - 1732084413.7109642]: 0.7402210831642151
python ParamPruning/fc2.weight [5635 - 1732084413.7110271]: 0.31666669249534607
python ParamPruning/fc3.weight [5635 - 1732084413.7110772]: 0.22999998927116394
python GlobalMagnitudePruningModifier [5823 - 1732084414.110966]: Calling update with:
args: <class '__main__.SimpleSparseNet'>| <class 'torch.optim.sgd.SGD'>| 
kwargs: epoch: 3.1056| steps_per_epoch: 1875| 
python GlobalMagnitudePruningModifier [5823 - 1732084414.1116228]: 
Returned: <class 'NoneType'>| 

python ParamPruning/fc1.weight [5823 - 1732084414.1117253]: 0.7472363710403442
python ParamPruning/fc2.weight [5823 - 1732084414.1117945]: 0.31666669249534607
python ParamPruning/fc3.weight [5823 - 1732084414.1118495]: 0.23999999463558197
python GlobalMagnitudePruningModifier [6011 - 1732084414.5089]: Calling update with:
args: <class '__main__.SimpleSparseNet'>| <class 'torch.optim.sgd.SGD'>| 
kwargs: epoch: 3.2058666666666666| steps_per_epoch: 1875| 
python GlobalMagnitudePruningModifier [6011 - 1732084414.5095448]: 
Returned: <class 'NoneType'>| 

python ParamPruning/fc1.weight [6011 - 1732084414.5096478]: 0.752763569355011
python ParamPruning/fc2.weight [6011 - 1732084414.5097077]: 0.31666669249534607
python ParamPruning/fc3.weight [6011 - 1732084414.509757]: 0.25
python GlobalMagnitudePruningModifier [6199 - 1732084414.9079118]: Calling update with:
args: <class '__main__.SimpleSparseNet'>| <class 'torch.optim.sgd.SGD'>| 
kwargs: epoch: 3.3061333333333334| steps_per_epoch: 1875| 
python GlobalMagnitudePruningModifier [6199 - 1732084414.908567]: 
Returned: <class 'NoneType'>| 

python ParamPruning/fc1.weight [6199 - 1732084414.9086733]: 0.7568026781082153
python ParamPruning/fc2.weight [6199 - 1732084414.9087322]: 0.3333333432674408
python ParamPruning/fc3.weight [6199 - 1732084414.908787]: 0.25999999046325684
python GlobalMagnitudePruningModifier [6387 - 1732084415.3246677]: Calling update with:
args: <class '__main__.SimpleSparseNet'>| <class 'torch.optim.sgd.SGD'>| 
kwargs: epoch: 3.4064| steps_per_epoch: 1875| 
python GlobalMagnitudePruningModifier [6387 - 1732084415.3253555]: 
Returned: <class 'NoneType'>| 

python ParamPruning/fc1.weight [6387 - 1732084415.3254707]: 0.759991466999054
python ParamPruning/fc2.weight [6387 - 1732084415.3255289]: 0.3333333432674408
python ParamPruning/fc3.weight [6387 - 1732084415.3255773]: 0.26999998092651367
python GlobalMagnitudePruningModifier [6575 - 1732084415.773908]: Calling update with:
args: <class '__main__.SimpleSparseNet'>| <class 'torch.optim.sgd.SGD'>| 
kwargs: epoch: 3.506666666666667| steps_per_epoch: 1875| 
python GlobalMagnitudePruningModifier [6575 - 1732084415.7746215]: 
Returned: <class 'NoneType'>| 

python ParamPruning/fc1.weight [6575 - 1732084415.7747576]: 0.7623299360275269
python ParamPruning/fc2.weight [6575 - 1732084415.7748294]: 0.3333333432674408
python ParamPruning/fc3.weight [6575 - 1732084415.77488]: 0.26999998092651367
python GlobalMagnitudePruningModifier [6763 - 1732084416.2236724]: Calling update with:
args: <class '__main__.SimpleSparseNet'>| <class 'torch.optim.sgd.SGD'>| 
kwargs: epoch: 3.606933333333333| steps_per_epoch: 1875| 
python GlobalMagnitudePruningModifier [6763 - 1732084416.224461]: 
Returned: <class 'NoneType'>| 

python ParamPruning/fc1.weight [6763 - 1732084416.224632]: 0.7638180255889893
python ParamPruning/fc2.weight [6763 - 1732084416.224712]: 0.3333333432674408
python ParamPruning/fc3.weight [6763 - 1732084416.2247658]: 0.26999998092651367
python GlobalMagnitudePruningModifier [6951 - 1732084416.669835]: Calling update with:
args: <class '__main__.SimpleSparseNet'>| <class 'torch.optim.sgd.SGD'>| 
kwargs: epoch: 3.7072000000000003| steps_per_epoch: 1875| 
python GlobalMagnitudePruningModifier [6951 - 1732084416.6704986]: 
Returned: <class 'NoneType'>| 

python ParamPruning/fc1.weight [6951 - 1732084416.670601]: 0.764668345451355
python ParamPruning/fc2.weight [6951 - 1732084416.6706564]: 0.3500000238418579
python ParamPruning/fc3.weight [6951 - 1732084416.670703]: 0.26999998092651367
python GlobalMagnitudePruningModifier [7139 - 1732084417.1129618]: Calling update with:
args: <class '__main__.SimpleSparseNet'>| <class 'torch.optim.sgd.SGD'>| 
kwargs: epoch: 3.8074666666666666| steps_per_epoch: 1875| 
python GlobalMagnitudePruningModifier [7139 - 1732084417.113614]: 
Returned: <class 'NoneType'>| 

python ParamPruning/fc1.weight [7139 - 1732084417.1137142]: 0.7648809552192688
python ParamPruning/fc2.weight [7139 - 1732084417.1137805]: 0.3500000238418579
python ParamPruning/fc3.weight [7139 - 1732084417.113834]: 0.2800000011920929
python GlobalMagnitudePruningModifier [7327 - 1732084417.55794]: Calling update with:
args: <class '__main__.SimpleSparseNet'>| <class 'torch.optim.sgd.SGD'>| 
kwargs: epoch: 3.9077333333333333| steps_per_epoch: 1875| 
python GlobalMagnitudePruningModifier [7327 - 1732084417.5585918]: 
Returned: <class 'NoneType'>| 

python ParamPruning/fc1.weight [7327 - 1732084417.5586867]: 0.7650935053825378
python ParamPruning/fc2.weight [7327 - 1732084417.5587404]: 0.3500000238418579
python ParamPruning/fc3.weight [7327 - 1732084417.558791]: 0.2800000011920929
